TpTrace Verbose: 0 : 4032, 1, 2022/11/09, 22:21:41.329, 2792145682507, vstest.console.dll, Version: 17.3.0 Current process architecture: X64
TpTrace Verbose: 0 : 4032, 1, 2022/11/09, 22:21:41.331, 2792145706510, vstest.console.dll, Runtime location: C:\Program Files\dotnet\shared\Microsoft.NETCore.App\6.0.9
TpTrace Information: 0 : 4032, 1, 2022/11/09, 22:21:41.340, 2792145799302, vstest.console.dll, FilePatternParser: The given file H:\PROJECTS\OOP_Term\SolutionTest\bin\Debug\net48\fine-code-coverage\build-output\DLL.dll is a full path.
TpTrace Verbose: 0 : 4032, 1, 2022/11/09, 22:21:41.349, 2792145884609, vstest.console.dll, TestPluginCache.DiscoverTestExtensions: finding test extensions in assemblies ends with: RuntimeProvider.dll TPluginInfo: Microsoft.VisualStudio.TestPlatform.Common.ExtensionFramework.Utilities.TestRuntimePluginInformation TExtension: Microsoft.VisualStudio.TestPlatform.ObjectModel.Host.ITestRuntimeProvider
TpTrace Verbose: 0 : 4032, 1, 2022/11/09, 22:21:41.349, 2792145890935, vstest.console.dll, TestPluginCache.GetExtensionPaths: Filtered extension paths: 
TpTrace Verbose: 0 : 4032, 1, 2022/11/09, 22:21:41.349, 2792145891989, vstest.console.dll, TestPluginCache.GetExtensionPaths: Added default extension paths: C:\Program Files\dotnet\sdk\6.0.401\Extensions\Microsoft.Diagnostics.NETCore.Client.dll
C:\Program Files\dotnet\sdk\6.0.401\Extensions\Microsoft.TestPlatform.Extensions.BlameDataCollector.dll
C:\Program Files\dotnet\sdk\6.0.401\Extensions\Microsoft.TestPlatform.Extensions.EventLogCollector.dll
C:\Program Files\dotnet\sdk\6.0.401\Extensions\Microsoft.TestPlatform.TestHostRuntimeProvider.dll
C:\Program Files\dotnet\sdk\6.0.401\Extensions\Microsoft.VisualStudio.TestPlatform.Extensions.Html.TestLogger.dll
C:\Program Files\dotnet\sdk\6.0.401\Extensions\Microsoft.VisualStudio.TestPlatform.Extensions.Trx.TestLogger.dll
TpTrace Verbose: 0 : 4032, 1, 2022/11/09, 22:21:41.350, 2792145892473, vstest.console.dll, TestPluginCache.GetExtensionPaths: Added unfilterableExtensionPaths: 
TpTrace Information: 0 : 4032, 1, 2022/11/09, 22:21:41.350, 2792145901604, vstest.console.dll, AssemblyResolver.ctor: Creating AssemblyResolver with searchDirectories C:\Program Files\dotnet\sdk\6.0.401\Extensions,C:\Program Files\dotnet\sdk\6.0.401
TpTrace Verbose: 0 : 4032, 1, 2022/11/09, 22:21:41.351, 2792145912007, vstest.console.dll, TestPluginCache.DiscoverTestExtensions: Discovering the extensions using extension path.
TpTrace Verbose: 0 : 4032, 1, 2022/11/09, 22:21:41.352, 2792145913459, vstest.console.dll, TestPluginCache.GetExtensionPaths: Filtered extension paths: 
TpTrace Verbose: 0 : 4032, 1, 2022/11/09, 22:21:41.352, 2792145913977, vstest.console.dll, TestPluginCache.GetExtensionPaths: Added default extension paths: C:\Program Files\dotnet\sdk\6.0.401\Extensions\Microsoft.Diagnostics.NETCore.Client.dll
C:\Program Files\dotnet\sdk\6.0.401\Extensions\Microsoft.TestPlatform.Extensions.BlameDataCollector.dll
C:\Program Files\dotnet\sdk\6.0.401\Extensions\Microsoft.TestPlatform.Extensions.EventLogCollector.dll
C:\Program Files\dotnet\sdk\6.0.401\Extensions\Microsoft.TestPlatform.TestHostRuntimeProvider.dll
C:\Program Files\dotnet\sdk\6.0.401\Extensions\Microsoft.VisualStudio.TestPlatform.Extensions.Html.TestLogger.dll
C:\Program Files\dotnet\sdk\6.0.401\Extensions\Microsoft.VisualStudio.TestPlatform.Extensions.Trx.TestLogger.dll
TpTrace Verbose: 0 : 4032, 1, 2022/11/09, 22:21:41.352, 2792145914394, vstest.console.dll, TestPluginCache.GetExtensionPaths: Added unfilterableExtensionPaths: 
TpTrace Verbose: 0 : 4032, 1, 2022/11/09, 22:21:41.352, 2792145915138, vstest.console.dll, TestPluginCache.DiscoverTestExtensions: Discovering the extensions using allExtensionPaths: C:\Program Files\dotnet\sdk\6.0.401\Extensions\Microsoft.Diagnostics.NETCore.Client.dll
C:\Program Files\dotnet\sdk\6.0.401\Extensions\Microsoft.TestPlatform.Extensions.BlameDataCollector.dll
C:\Program Files\dotnet\sdk\6.0.401\Extensions\Microsoft.TestPlatform.Extensions.EventLogCollector.dll
C:\Program Files\dotnet\sdk\6.0.401\Extensions\Microsoft.TestPlatform.TestHostRuntimeProvider.dll
C:\Program Files\dotnet\sdk\6.0.401\Extensions\Microsoft.VisualStudio.TestPlatform.Extensions.Html.TestLogger.dll
C:\Program Files\dotnet\sdk\6.0.401\Extensions\Microsoft.VisualStudio.TestPlatform.Extensions.Trx.TestLogger.dll
TpTrace Information: 0 : 4032, 1, 2022/11/09, 22:21:41.352, 2792145917263, vstest.console.dll, AssemblyResolver.AddSearchDirectories: Adding more searchDirectories C:\Program Files\dotnet\sdk\6.0.401\Extensions,C:\Program Files\dotnet\sdk\6.0.401
TpTrace Information: 0 : 4032, 1, 2022/11/09, 22:21:41.352, 2792145918187, vstest.console.dll, AssemblyResolver.AddSearchDirectories: Adding more searchDirectories C:\Program Files\dotnet\sdk\6.0.401\Extensions,C:\Program Files\dotnet\sdk\6.0.401
TpTrace Information: 0 : 4032, 1, 2022/11/09, 22:21:41.352, 2792145918640, vstest.console.dll, AssemblyResolver.AddSearchDirectories: Adding more searchDirectories C:\Program Files\dotnet\sdk\6.0.401\Extensions,C:\Program Files\dotnet\sdk\6.0.401
TpTrace Information: 0 : 4032, 1, 2022/11/09, 22:21:41.352, 2792145919064, vstest.console.dll, AssemblyResolver.AddSearchDirectories: Adding more searchDirectories C:\Program Files\dotnet\sdk\6.0.401\Extensions,C:\Program Files\dotnet\sdk\6.0.401
TpTrace Information: 0 : 4032, 1, 2022/11/09, 22:21:41.352, 2792145919535, vstest.console.dll, AssemblyResolver.AddSearchDirectories: Adding more searchDirectories C:\Program Files\dotnet\sdk\6.0.401\Extensions,C:\Program Files\dotnet\sdk\6.0.401
TpTrace Information: 0 : 4032, 1, 2022/11/09, 22:21:41.352, 2792145919953, vstest.console.dll, AssemblyResolver.AddSearchDirectories: Adding more searchDirectories C:\Program Files\dotnet\sdk\6.0.401\Extensions,C:\Program Files\dotnet\sdk\6.0.401
TpTrace Information: 0 : 4032, 1, 2022/11/09, 22:21:41.353, 2792145923962, vstest.console.dll, AssemblyResolver.OnResolve: Microsoft.Diagnostics.NETCore.Client: Resolving assembly.
TpTrace Information: 0 : 4032, 1, 2022/11/09, 22:21:41.353, 2792145924757, vstest.console.dll, AssemblyResolver.OnResolve: Microsoft.Diagnostics.NETCore.Client: Searching in: 'C:\Program Files\dotnet\sdk\6.0.401\Extensions'.
TpTrace Information: 0 : 4032, 1, 2022/11/09, 22:21:41.353, 2792145929324, vstest.console.dll, AssemblyResolver.OnResolve: Microsoft.Diagnostics.NETCore.Client: Loading assembly 'C:\Program Files\dotnet\sdk\6.0.401\Extensions\Microsoft.Diagnostics.NETCore.Client.dll'.
TpTrace Information: 0 : 4032, 1, 2022/11/09, 22:21:41.354, 2792145935669, vstest.console.dll, AssemblyResolver.OnResolve: Resolved assembly: Microsoft.Diagnostics.NETCore.Client, from path: C:\Program Files\dotnet\sdk\6.0.401\Extensions\Microsoft.Diagnostics.NETCore.Client.dll
TpTrace Verbose: 0 : 4032, 1, 2022/11/09, 22:21:41.361, 2792146002220, vstest.console.dll, MetadataReaderExtensionsHelper: Discovering extensions inside assembly 'Microsoft.Diagnostics.NETCore.Client, Version=0.2.5.801, Culture=neutral, PublicKeyToken=31bf3856ad364e35' file path 'C:\Program Files\dotnet\sdk\6.0.401\Extensions\Microsoft.Diagnostics.NETCore.Client.dll'
TpTrace Information: 0 : 4032, 1, 2022/11/09, 22:21:41.375, 2792146149203, vstest.console.dll, AssemblyResolver.OnResolve: Microsoft.Bcl.AsyncInterfaces: Resolving assembly.
TpTrace Information: 0 : 4032, 1, 2022/11/09, 22:21:41.375, 2792146150654, vstest.console.dll, AssemblyResolver.OnResolve: Microsoft.Bcl.AsyncInterfaces: Searching in: 'C:\Program Files\dotnet\sdk\6.0.401\Extensions'.
TpTrace Information: 0 : 4032, 1, 2022/11/09, 22:21:41.375, 2792146151864, vstest.console.dll, AssemblyResolver.OnResolve: Microsoft.Bcl.AsyncInterfaces: Assembly path does not exist: 'C:\Program Files\dotnet\sdk\6.0.401\Extensions\Microsoft.Bcl.AsyncInterfaces.dll', returning.
TpTrace Information: 0 : 4032, 1, 2022/11/09, 22:21:41.376, 2792146152752, vstest.console.dll, AssemblyResolver.OnResolve: Microsoft.Bcl.AsyncInterfaces: Assembly path does not exist: 'C:\Program Files\dotnet\sdk\6.0.401\Extensions\Microsoft.Bcl.AsyncInterfaces.exe', returning.
TpTrace Information: 0 : 4032, 1, 2022/11/09, 22:21:41.376, 2792146153153, vstest.console.dll, AssemblyResolver.OnResolve: Microsoft.Bcl.AsyncInterfaces: Searching in: 'C:\Program Files\dotnet\sdk\6.0.401'.
TpTrace Information: 0 : 4032, 1, 2022/11/09, 22:21:41.376, 2792146154985, vstest.console.dll, AssemblyResolver.OnResolve: Microsoft.Bcl.AsyncInterfaces: Assembly path does not exist: 'C:\Program Files\dotnet\sdk\6.0.401\Microsoft.Bcl.AsyncInterfaces.dll', returning.
TpTrace Information: 0 : 4032, 1, 2022/11/09, 22:21:41.376, 2792146155901, vstest.console.dll, AssemblyResolver.OnResolve: Microsoft.Bcl.AsyncInterfaces: Assembly path does not exist: 'C:\Program Files\dotnet\sdk\6.0.401\Microsoft.Bcl.AsyncInterfaces.exe', returning.
TpTrace Information: 0 : 4032, 1, 2022/11/09, 22:21:41.376, 2792146156294, vstest.console.dll, AssemblyResolver.OnResolve: Microsoft.Bcl.AsyncInterfaces: Failed to load assembly.
TpTrace Verbose: 0 : 4032, 1, 2022/11/09, 22:21:41.376, 2792146156813, vstest.console.dll, CurrentDomainAssemblyResolve: Resolving assembly 'Microsoft.Bcl.AsyncInterfaces'.
TpTrace Information: 0 : 4032, 1, 2022/11/09, 22:21:41.376, 2792146157731, vstest.console.dll, AssemblyResolver.OnResolve: Microsoft.Bcl.AsyncInterfaces: Resolving assembly.
TpTrace Information: 0 : 4032, 1, 2022/11/09, 22:21:41.376, 2792146158364, vstest.console.dll, AssemblyResolver.OnResolve: Microsoft.Bcl.AsyncInterfaces: Resolved from cache.
TpTrace Verbose: 0 : 4032, 1, 2022/11/09, 22:21:41.376, 2792146158798, vstest.console.dll, CurrentDomainAssemblyResolve: Resolving assembly 'Microsoft.Bcl.AsyncInterfaces'.
TpTrace Verbose: 0 : 4032, 1, 2022/11/09, 22:21:41.376, 2792146159273, vstest.console.dll, CurrentDomainAssemblyResolve: Failed to resolve assembly 'Microsoft.Bcl.AsyncInterfaces'.
TpTrace Verbose: 0 : 4032, 1, 2022/11/09, 22:21:41.377, 2792146164492, vstest.console.dll, CurrentDomainAssemblyResolve: Failed to resolve assembly 'Microsoft.Bcl.AsyncInterfaces'.
TpTrace Warning: 0 : 4032, 1, 2022/11/09, 22:21:41.390, 2792146300403, vstest.console.dll, TestPluginDiscoverer: Failed to get types from assembly 'Microsoft.Diagnostics.NETCore.Client, Version=0.2.5.801, Culture=neutral, PublicKeyToken=31bf3856ad364e35'. Error: System.Reflection.ReflectionTypeLoadException: Unable to load one or more of the requested types.
Could not load file or assembly 'Microsoft.Bcl.AsyncInterfaces, Version=1.0.0.0, Culture=neutral, PublicKeyToken=cc7b13ffcd2ddd51'. Das System kann die angegebene Datei nicht finden.
   at System.Reflection.RuntimeModule.GetTypes(RuntimeModule module)
   at System.Reflection.Assembly.GetTypes()
   at Microsoft.VisualStudio.TestPlatform.Common.ExtensionFramework.TestPluginDiscoverer.GetTestExtensionsFromAssembly[TPluginInfo,TExtension](Assembly assembly, Dictionary`2 pluginInfos, String filePath)
System.IO.FileNotFoundException: Could not load file or assembly 'Microsoft.Bcl.AsyncInterfaces, Version=1.0.0.0, Culture=neutral, PublicKeyToken=cc7b13ffcd2ddd51'. Das System kann die angegebene Datei nicht finden.
File name: 'Microsoft.Bcl.AsyncInterfaces, Version=1.0.0.0, Culture=neutral, PublicKeyToken=cc7b13ffcd2ddd51'
 ---> System.IO.FileNotFoundException: Could not load file or assembly 'Microsoft.Bcl.AsyncInterfaces, Culture=neutral, PublicKeyToken=null'. Das System kann die angegebene Datei nicht finden.
File name: 'Microsoft.Bcl.AsyncInterfaces, Culture=neutral, PublicKeyToken=null'
   at System.Reflection.RuntimeAssembly.InternalLoad(ObjectHandleOnStack assemblyName, ObjectHandleOnStack requestingAssembly, StackCrawlMarkHandle stackMark, Boolean throwOnFileNotFound, ObjectHandleOnStack assemblyLoadContext, ObjectHandleOnStack retAssembly)
   at System.Reflection.RuntimeAssembly.InternalLoad(AssemblyName assemblyName, RuntimeAssembly requestingAssembly, StackCrawlMark& stackMark, Boolean throwOnFileNotFound, AssemblyLoadContext assemblyLoadContext)
   at System.Reflection.Assembly.Load(AssemblyName assemblyRef)
   at Microsoft.VisualStudio.TestPlatform.Common.ExtensionFramework.TestPluginCache.CurrentDomainAssemblyResolve(Object sender, AssemblyResolveEventArgs args)
   at Microsoft.VisualStudio.TestPlatform.PlatformAbstractions.PlatformAssemblyResolver.AssemblyResolverEvent(Object sender, Object eventArgs)
   at System.Runtime.Loader.AssemblyLoadContext.GetFirstResolvedAssemblyFromResolvingEvent(AssemblyName assemblyName)
   at System.Runtime.Loader.AssemblyLoadContext.ResolveUsingEvent(AssemblyName assemblyName)
   at System.Runtime.Loader.AssemblyLoadContext.ResolveUsingResolvingEvent(IntPtr gchManagedAssemblyLoadContext, AssemblyName assemblyName)
TpTrace Warning: 0 : 4032, 1, 2022/11/09, 22:21:41.391, 2792146305583, vstest.console.dll, LoaderExceptions: System.IO.FileNotFoundException: Could not load file or assembly 'Microsoft.Bcl.AsyncInterfaces, Version=1.0.0.0, Culture=neutral, PublicKeyToken=cc7b13ffcd2ddd51'. Das System kann die angegebene Datei nicht finden.
File name: 'Microsoft.Bcl.AsyncInterfaces, Version=1.0.0.0, Culture=neutral, PublicKeyToken=cc7b13ffcd2ddd51'
 ---> System.IO.FileNotFoundException: Could not load file or assembly 'Microsoft.Bcl.AsyncInterfaces, Culture=neutral, PublicKeyToken=null'. Das System kann die angegebene Datei nicht finden.
File name: 'Microsoft.Bcl.AsyncInterfaces, Culture=neutral, PublicKeyToken=null'
   at System.Reflection.RuntimeAssembly.InternalLoad(ObjectHandleOnStack assemblyName, ObjectHandleOnStack requestingAssembly, StackCrawlMarkHandle stackMark, Boolean throwOnFileNotFound, ObjectHandleOnStack assemblyLoadContext, ObjectHandleOnStack retAssembly)
   at System.Reflection.RuntimeAssembly.InternalLoad(AssemblyName assemblyName, RuntimeAssembly requestingAssembly, StackCrawlMark& stackMark, Boolean throwOnFileNotFound, AssemblyLoadContext assemblyLoadContext)
   at System.Reflection.Assembly.Load(AssemblyName assemblyRef)
   at Microsoft.VisualStudio.TestPlatform.Common.ExtensionFramework.TestPluginCache.CurrentDomainAssemblyResolve(Object sender, AssemblyResolveEventArgs args)
   at Microsoft.VisualStudio.TestPlatform.PlatformAbstractions.PlatformAssemblyResolver.AssemblyResolverEvent(Object sender, Object eventArgs)
   at System.Runtime.Loader.AssemblyLoadContext.GetFirstResolvedAssemblyFromResolvingEvent(AssemblyName assemblyName)
   at System.Runtime.Loader.AssemblyLoadContext.ResolveUsingEvent(AssemblyName assemblyName)
   at System.Runtime.Loader.AssemblyLoadContext.ResolveUsingResolvingEvent(IntPtr gchManagedAssemblyLoadContext, AssemblyName assemblyName)
TpTrace Information: 0 : 4032, 1, 2022/11/09, 22:21:41.391, 2792146307586, vstest.console.dll, AssemblyResolver.OnResolve: Microsoft.TestPlatform.Extensions.BlameDataCollector: Resolving assembly.
TpTrace Information: 0 : 4032, 1, 2022/11/09, 22:21:41.391, 2792146308100, vstest.console.dll, AssemblyResolver.OnResolve: Microsoft.TestPlatform.Extensions.BlameDataCollector: Searching in: 'C:\Program Files\dotnet\sdk\6.0.401\Extensions'.
TpTrace Information: 0 : 4032, 1, 2022/11/09, 22:21:41.391, 2792146311279, vstest.console.dll, AssemblyResolver.OnResolve: Microsoft.TestPlatform.Extensions.BlameDataCollector: Loading assembly 'C:\Program Files\dotnet\sdk\6.0.401\Extensions\Microsoft.TestPlatform.Extensions.BlameDataCollector.dll'.
TpTrace Information: 0 : 4032, 1, 2022/11/09, 22:21:41.392, 2792146316089, vstest.console.dll, AssemblyResolver.OnResolve: Resolved assembly: Microsoft.TestPlatform.Extensions.BlameDataCollector, from path: C:\Program Files\dotnet\sdk\6.0.401\Extensions\Microsoft.TestPlatform.Extensions.BlameDataCollector.dll
TpTrace Verbose: 0 : 4032, 1, 2022/11/09, 22:21:41.392, 2792146316859, vstest.console.dll, MetadataReaderExtensionsHelper: Discovering extensions inside assembly 'Microsoft.TestPlatform.Extensions.BlameDataCollector, Version=15.0.0.0, Culture=neutral, PublicKeyToken=b03f5f7f11d50a3a' file path 'C:\Program Files\dotnet\sdk\6.0.401\Extensions\Microsoft.TestPlatform.Extensions.BlameDataCollector.dll'
TpTrace Information: 0 : 4032, 1, 2022/11/09, 22:21:41.393, 2792146331615, vstest.console.dll, AssemblyResolver.OnResolve: Microsoft.TestPlatform.Extensions.EventLogCollector: Resolving assembly.
TpTrace Information: 0 : 4032, 1, 2022/11/09, 22:21:41.394, 2792146332297, vstest.console.dll, AssemblyResolver.OnResolve: Microsoft.TestPlatform.Extensions.EventLogCollector: Searching in: 'C:\Program Files\dotnet\sdk\6.0.401\Extensions'.
TpTrace Information: 0 : 4032, 1, 2022/11/09, 22:21:41.394, 2792146335910, vstest.console.dll, AssemblyResolver.OnResolve: Microsoft.TestPlatform.Extensions.EventLogCollector: Loading assembly 'C:\Program Files\dotnet\sdk\6.0.401\Extensions\Microsoft.TestPlatform.Extensions.EventLogCollector.dll'.
TpTrace Information: 0 : 4032, 1, 2022/11/09, 22:21:41.394, 2792146339569, vstest.console.dll, AssemblyResolver.OnResolve: Resolved assembly: Microsoft.TestPlatform.Extensions.EventLogCollector, from path: C:\Program Files\dotnet\sdk\6.0.401\Extensions\Microsoft.TestPlatform.Extensions.EventLogCollector.dll
TpTrace Verbose: 0 : 4032, 1, 2022/11/09, 22:21:41.394, 2792146340291, vstest.console.dll, MetadataReaderExtensionsHelper: Discovering extensions inside assembly 'Microsoft.TestPlatform.Extensions.EventLogCollector, Version=15.0.0.0, Culture=neutral, PublicKeyToken=b03f5f7f11d50a3a' file path 'C:\Program Files\dotnet\sdk\6.0.401\Extensions\Microsoft.TestPlatform.Extensions.EventLogCollector.dll'
TpTrace Information: 0 : 4032, 1, 2022/11/09, 22:21:41.397, 2792146363179, vstest.console.dll, AssemblyResolver.OnResolve: Microsoft.TestPlatform.TestHostRuntimeProvider: Resolving assembly.
TpTrace Information: 0 : 4032, 1, 2022/11/09, 22:21:41.397, 2792146363949, vstest.console.dll, AssemblyResolver.OnResolve: Microsoft.TestPlatform.TestHostRuntimeProvider: Searching in: 'C:\Program Files\dotnet\sdk\6.0.401\Extensions'.
TpTrace Information: 0 : 4032, 1, 2022/11/09, 22:21:41.397, 2792146366716, vstest.console.dll, AssemblyResolver.OnResolve: Microsoft.TestPlatform.TestHostRuntimeProvider: Loading assembly 'C:\Program Files\dotnet\sdk\6.0.401\Extensions\Microsoft.TestPlatform.TestHostRuntimeProvider.dll'.
TpTrace Information: 0 : 4032, 1, 2022/11/09, 22:21:41.397, 2792146371024, vstest.console.dll, AssemblyResolver.OnResolve: Resolved assembly: Microsoft.TestPlatform.TestHostRuntimeProvider, from path: C:\Program Files\dotnet\sdk\6.0.401\Extensions\Microsoft.TestPlatform.TestHostRuntimeProvider.dll
TpTrace Verbose: 0 : 4032, 1, 2022/11/09, 22:21:41.397, 2792146371705, vstest.console.dll, MetadataReaderExtensionsHelper: Discovering extensions inside assembly 'Microsoft.TestPlatform.TestHostRuntimeProvider, Version=15.0.0.0, Culture=neutral, PublicKeyToken=b03f5f7f11d50a3a' file path 'C:\Program Files\dotnet\sdk\6.0.401\Extensions\Microsoft.TestPlatform.TestHostRuntimeProvider.dll'
TpTrace Information: 0 : 4032, 1, 2022/11/09, 22:21:41.400, 2792146392364, vstest.console.dll, GetTestExtensionFromType: Register extension with identifier data 'HostProvider://DefaultTestHost' and type 'Microsoft.VisualStudio.TestPlatform.CrossPlatEngine.Hosting.DefaultTestHostManager, Microsoft.TestPlatform.TestHostRuntimeProvider, Version=15.0.0.0, Culture=neutral, PublicKeyToken=b03f5f7f11d50a3a' inside file 'C:\Program Files\dotnet\sdk\6.0.401\Extensions\Microsoft.TestPlatform.TestHostRuntimeProvider.dll'
TpTrace Information: 0 : 4032, 1, 2022/11/09, 22:21:41.400, 2792146393355, vstest.console.dll, GetTestExtensionFromType: Register extension with identifier data 'HostProvider://DotnetTestHost' and type 'Microsoft.VisualStudio.TestPlatform.CrossPlatEngine.Hosting.DotnetTestHostManager, Microsoft.TestPlatform.TestHostRuntimeProvider, Version=15.0.0.0, Culture=neutral, PublicKeyToken=b03f5f7f11d50a3a' inside file 'C:\Program Files\dotnet\sdk\6.0.401\Extensions\Microsoft.TestPlatform.TestHostRuntimeProvider.dll'
TpTrace Information: 0 : 4032, 1, 2022/11/09, 22:21:41.400, 2792146394296, vstest.console.dll, AssemblyResolver.OnResolve: Microsoft.VisualStudio.TestPlatform.Extensions.Html.TestLogger: Resolving assembly.
TpTrace Information: 0 : 4032, 1, 2022/11/09, 22:21:41.400, 2792146394762, vstest.console.dll, AssemblyResolver.OnResolve: Microsoft.VisualStudio.TestPlatform.Extensions.Html.TestLogger: Searching in: 'C:\Program Files\dotnet\sdk\6.0.401\Extensions'.
TpTrace Information: 0 : 4032, 1, 2022/11/09, 22:21:41.400, 2792146397760, vstest.console.dll, AssemblyResolver.OnResolve: Microsoft.VisualStudio.TestPlatform.Extensions.Html.TestLogger: Loading assembly 'C:\Program Files\dotnet\sdk\6.0.401\Extensions\Microsoft.VisualStudio.TestPlatform.Extensions.Html.TestLogger.dll'.
TpTrace Information: 0 : 4032, 1, 2022/11/09, 22:21:41.400, 2792146401861, vstest.console.dll, AssemblyResolver.OnResolve: Resolved assembly: Microsoft.VisualStudio.TestPlatform.Extensions.Html.TestLogger, from path: C:\Program Files\dotnet\sdk\6.0.401\Extensions\Microsoft.VisualStudio.TestPlatform.Extensions.Html.TestLogger.dll
TpTrace Verbose: 0 : 4032, 1, 2022/11/09, 22:21:41.401, 2792146402564, vstest.console.dll, MetadataReaderExtensionsHelper: Discovering extensions inside assembly 'Microsoft.VisualStudio.TestPlatform.Extensions.Html.TestLogger, Version=15.0.0.0, Culture=neutral, PublicKeyToken=b03f5f7f11d50a3a' file path 'C:\Program Files\dotnet\sdk\6.0.401\Extensions\Microsoft.VisualStudio.TestPlatform.Extensions.Html.TestLogger.dll'
TpTrace Information: 0 : 4032, 1, 2022/11/09, 22:21:41.401, 2792146408873, vstest.console.dll, AssemblyResolver.OnResolve: Microsoft.VisualStudio.TestPlatform.Extensions.Trx.TestLogger: Resolving assembly.
TpTrace Information: 0 : 4032, 1, 2022/11/09, 22:21:41.401, 2792146409469, vstest.console.dll, AssemblyResolver.OnResolve: Microsoft.VisualStudio.TestPlatform.Extensions.Trx.TestLogger: Searching in: 'C:\Program Files\dotnet\sdk\6.0.401\Extensions'.
TpTrace Information: 0 : 4032, 1, 2022/11/09, 22:21:41.402, 2792146412394, vstest.console.dll, AssemblyResolver.OnResolve: Microsoft.VisualStudio.TestPlatform.Extensions.Trx.TestLogger: Loading assembly 'C:\Program Files\dotnet\sdk\6.0.401\Extensions\Microsoft.VisualStudio.TestPlatform.Extensions.Trx.TestLogger.dll'.
TpTrace Information: 0 : 4032, 1, 2022/11/09, 22:21:41.402, 2792146416824, vstest.console.dll, AssemblyResolver.OnResolve: Resolved assembly: Microsoft.VisualStudio.TestPlatform.Extensions.Trx.TestLogger, from path: C:\Program Files\dotnet\sdk\6.0.401\Extensions\Microsoft.VisualStudio.TestPlatform.Extensions.Trx.TestLogger.dll
TpTrace Verbose: 0 : 4032, 1, 2022/11/09, 22:21:41.402, 2792146417627, vstest.console.dll, MetadataReaderExtensionsHelper: Discovering extensions inside assembly 'Microsoft.VisualStudio.TestPlatform.Extensions.Trx.TestLogger, Version=15.0.0.0, Culture=neutral, PublicKeyToken=b03f5f7f11d50a3a' file path 'C:\Program Files\dotnet\sdk\6.0.401\Extensions\Microsoft.VisualStudio.TestPlatform.Extensions.Trx.TestLogger.dll'
TpTrace Verbose: 0 : 4032, 1, 2022/11/09, 22:21:41.403, 2792146427340, vstest.console.dll, TestPluginCache: Discovered the extensions using extension path ''.
TpTrace Verbose: 0 : 4032, 1, 2022/11/09, 22:21:41.403, 2792146428142, vstest.console.dll, TestPluginCache: Discoverers are ''.
TpTrace Verbose: 0 : 4032, 1, 2022/11/09, 22:21:41.403, 2792146428529, vstest.console.dll, TestPluginCache: Executors are ''.
TpTrace Verbose: 0 : 4032, 1, 2022/11/09, 22:21:41.403, 2792146428896, vstest.console.dll, TestPluginCache: Executors2 are ''.
TpTrace Verbose: 0 : 4032, 1, 2022/11/09, 22:21:41.403, 2792146429260, vstest.console.dll, TestPluginCache: Setting providers are ''.
TpTrace Verbose: 0 : 4032, 1, 2022/11/09, 22:21:41.403, 2792146429620, vstest.console.dll, TestPluginCache: Loggers are ''.
TpTrace Verbose: 0 : 4032, 1, 2022/11/09, 22:21:41.403, 2792146431381, vstest.console.dll, TestPluginCache: TestHosts are 'HostProvider://DefaultTestHost,HostProvider://DotnetTestHost'.
TpTrace Verbose: 0 : 4032, 1, 2022/11/09, 22:21:41.403, 2792146431808, vstest.console.dll, TestPluginCache: DataCollectors are ''.
TpTrace Information: 0 : 4032, 1, 2022/11/09, 22:21:41.417, 2792146568605, vstest.console.dll, RunTestsArgumentProcessor:Execute: Test run is starting.
TpTrace Verbose: 0 : 4032, 1, 2022/11/09, 22:21:41.417, 2792146569661, vstest.console.dll, RunTestsArgumentProcessor:Execute: Queuing Test run.
TpTrace Information: 0 : 4032, 1, 2022/11/09, 22:21:41.418, 2792146573642, vstest.console.dll, TestRequestManager.RunTests: run tests started.
TpTrace Information: 0 : 4032, 1, 2022/11/09, 22:21:41.419, 2792146589147, vstest.console.dll, AssemblyMetadataProvider.GetFrameworkName: Determined framework:'.NETFramework,Version=v4.8' for source: 'H:\PROJECTS\OOP_Term\SolutionTest\bin\Debug\net48\fine-code-coverage\build-output\DLL.dll'
TpTrace Information: 0 : 4032, 1, 2022/11/09, 22:21:41.419, 2792146590561, vstest.console.dll, Determined framework for all sources: .NETFramework,Version=v4.8
TpTrace Verbose: 0 : 4032, 1, 2022/11/09, 22:21:41.420, 2792146596328, vstest.console.dll, TestRequestManager.UpdateRunSettingsIfRequired: Default architecture: X64 IsDefaultTargetArchitecture: True, Current process architecture: X64 OperatingSystem: Windows.
TpTrace Information: 0 : 4032, 1, 2022/11/09, 22:21:41.423, 2792146627012, vstest.console.dll, AssemblyMetadataProvider.GetArchitecture: Determined architecture:AnyCPU info for assembly: H:\PROJECTS\OOP_Term\SolutionTest\bin\Debug\net48\fine-code-coverage\build-output\DLL.dll
TpTrace Information: 0 : 4032, 1, 2022/11/09, 22:21:41.423, 2792146627771, vstest.console.dll, Determined platform for source 'H:\PROJECTS\OOP_Term\SolutionTest\bin\Debug\net48\fine-code-coverage\build-output\DLL.dll' was AnyCPU and it will use the default plaform X64.
TpTrace Information: 0 : 4032, 1, 2022/11/09, 22:21:41.423, 2792146628258, vstest.console.dll, None of the sources provided any runnable platform, using the default platform: X64
TpTrace Information: 0 : 4032, 1, 2022/11/09, 22:21:41.423, 2792146629178, vstest.console.dll, Platform was updated to 'X64'.
TpTrace Information: 0 : 4032, 1, 2022/11/09, 22:21:41.428, 2792146676821, vstest.console.dll, InferRunSettingsHelper.IsTestSettingsEnabled: Unable to navigate to RunSettings/MSTest. Current node: RunSettings
TpTrace Information: 0 : 4032, 1, 2022/11/09, 22:21:41.429, 2792146684257, vstest.console.dll, AssemblyResolver.OnResolve: Microsoft.VisualStudio.TestPlatform.Fakes: Resolving assembly.
TpTrace Information: 0 : 4032, 1, 2022/11/09, 22:21:41.429, 2792146684906, vstest.console.dll, AssemblyResolver.OnResolve: Microsoft.VisualStudio.TestPlatform.Fakes: Searching in: 'C:\Program Files\dotnet\sdk\6.0.401\Extensions'.
TpTrace Information: 0 : 4032, 1, 2022/11/09, 22:21:41.429, 2792146686339, vstest.console.dll, AssemblyResolver.OnResolve: Microsoft.VisualStudio.TestPlatform.Fakes: Assembly path does not exist: 'C:\Program Files\dotnet\sdk\6.0.401\Extensions\Microsoft.VisualStudio.TestPlatform.Fakes.dll', returning.
TpTrace Information: 0 : 4032, 1, 2022/11/09, 22:21:41.429, 2792146687326, vstest.console.dll, AssemblyResolver.OnResolve: Microsoft.VisualStudio.TestPlatform.Fakes: Assembly path does not exist: 'C:\Program Files\dotnet\sdk\6.0.401\Extensions\Microsoft.VisualStudio.TestPlatform.Fakes.exe', returning.
TpTrace Information: 0 : 4032, 1, 2022/11/09, 22:21:41.429, 2792146687879, vstest.console.dll, AssemblyResolver.OnResolve: Microsoft.VisualStudio.TestPlatform.Fakes: Searching in: 'C:\Program Files\dotnet\sdk\6.0.401'.
TpTrace Information: 0 : 4032, 1, 2022/11/09, 22:21:41.429, 2792146688836, vstest.console.dll, AssemblyResolver.OnResolve: Microsoft.VisualStudio.TestPlatform.Fakes: Assembly path does not exist: 'C:\Program Files\dotnet\sdk\6.0.401\Microsoft.VisualStudio.TestPlatform.Fakes.dll', returning.
TpTrace Information: 0 : 4032, 1, 2022/11/09, 22:21:41.429, 2792146689736, vstest.console.dll, AssemblyResolver.OnResolve: Microsoft.VisualStudio.TestPlatform.Fakes: Assembly path does not exist: 'C:\Program Files\dotnet\sdk\6.0.401\Microsoft.VisualStudio.TestPlatform.Fakes.exe', returning.
TpTrace Information: 0 : 4032, 1, 2022/11/09, 22:21:41.429, 2792146690196, vstest.console.dll, AssemblyResolver.OnResolve: Microsoft.VisualStudio.TestPlatform.Fakes: Failed to load assembly.
TpTrace Information: 0 : 4032, 1, 2022/11/09, 22:21:41.430, 2792146693523, vstest.console.dll, Failed to load assembly Microsoft.VisualStudio.TestPlatform.Fakes, Version=17.0.0.0, Culture=neutral. Reason:System.IO.FileNotFoundException: Could not load file or assembly 'Microsoft.VisualStudio.TestPlatform.Fakes, Version=17.0.0.0, Culture=neutral, PublicKeyToken=null'. Das System kann die angegebene Datei nicht finden.
File name: 'Microsoft.VisualStudio.TestPlatform.Fakes, Version=17.0.0.0, Culture=neutral, PublicKeyToken=null'
   at System.Reflection.RuntimeAssembly.InternalLoad(ObjectHandleOnStack assemblyName, ObjectHandleOnStack requestingAssembly, StackCrawlMarkHandle stackMark, Boolean throwOnFileNotFound, ObjectHandleOnStack assemblyLoadContext, ObjectHandleOnStack retAssembly)
   at System.Reflection.RuntimeAssembly.InternalLoad(AssemblyName assemblyName, RuntimeAssembly requestingAssembly, StackCrawlMark& stackMark, Boolean throwOnFileNotFound, AssemblyLoadContext assemblyLoadContext)
   at System.Reflection.Assembly.Load(AssemblyName assemblyRef)
   at Microsoft.VisualStudio.TestPlatform.Common.Utilities.FakesUtilities.LoadTestPlatformAssembly()
TpTrace Verbose: 0 : 4032, 1, 2022/11/09, 22:21:41.434, 2792146737364, vstest.console.dll, TestPluginCache.DiscoverTestExtensions: finding test extensions in assemblies ends with: TestLogger.dll TPluginInfo: Microsoft.VisualStudio.TestPlatform.Common.ExtensionFramework.Utilities.TestLoggerPluginInformation TExtension: Microsoft.VisualStudio.TestPlatform.ObjectModel.Client.ITestLogger
TpTrace Verbose: 0 : 4032, 1, 2022/11/09, 22:21:41.434, 2792146738667, vstest.console.dll, TestPluginCache.GetExtensionPaths: Filtered extension paths: 
TpTrace Verbose: 0 : 4032, 1, 2022/11/09, 22:21:41.434, 2792146739104, vstest.console.dll, TestPluginCache.GetExtensionPaths: Added default extension paths: C:\Program Files\dotnet\sdk\6.0.401\Extensions\Microsoft.Diagnostics.NETCore.Client.dll
C:\Program Files\dotnet\sdk\6.0.401\Extensions\Microsoft.TestPlatform.Extensions.BlameDataCollector.dll
C:\Program Files\dotnet\sdk\6.0.401\Extensions\Microsoft.TestPlatform.Extensions.EventLogCollector.dll
C:\Program Files\dotnet\sdk\6.0.401\Extensions\Microsoft.TestPlatform.TestHostRuntimeProvider.dll
C:\Program Files\dotnet\sdk\6.0.401\Extensions\Microsoft.VisualStudio.TestPlatform.Extensions.Html.TestLogger.dll
C:\Program Files\dotnet\sdk\6.0.401\Extensions\Microsoft.VisualStudio.TestPlatform.Extensions.Trx.TestLogger.dll
TpTrace Verbose: 0 : 4032, 1, 2022/11/09, 22:21:41.434, 2792146739551, vstest.console.dll, TestPluginCache.GetExtensionPaths: Added unfilterableExtensionPaths: 
TpTrace Information: 0 : 4032, 1, 2022/11/09, 22:21:41.434, 2792146741332, vstest.console.dll, AssemblyResolver.AddSearchDirectories: Adding more searchDirectories C:\Program Files\dotnet\sdk\6.0.401\Extensions,C:\Program Files\dotnet\sdk\6.0.401
TpTrace Verbose: 0 : 4032, 1, 2022/11/09, 22:21:41.434, 2792146741852, vstest.console.dll, TestPluginCache.DiscoverTestExtensions: Discovering the extensions using extension path.
TpTrace Verbose: 0 : 4032, 1, 2022/11/09, 22:21:41.435, 2792146742314, vstest.console.dll, TestPluginCache.GetExtensionPaths: Filtered extension paths: 
TpTrace Verbose: 0 : 4032, 1, 2022/11/09, 22:21:41.435, 2792146742753, vstest.console.dll, TestPluginCache.GetExtensionPaths: Added default extension paths: C:\Program Files\dotnet\sdk\6.0.401\Extensions\Microsoft.Diagnostics.NETCore.Client.dll
C:\Program Files\dotnet\sdk\6.0.401\Extensions\Microsoft.TestPlatform.Extensions.BlameDataCollector.dll
C:\Program Files\dotnet\sdk\6.0.401\Extensions\Microsoft.TestPlatform.Extensions.EventLogCollector.dll
C:\Program Files\dotnet\sdk\6.0.401\Extensions\Microsoft.TestPlatform.TestHostRuntimeProvider.dll
C:\Program Files\dotnet\sdk\6.0.401\Extensions\Microsoft.VisualStudio.TestPlatform.Extensions.Html.TestLogger.dll
C:\Program Files\dotnet\sdk\6.0.401\Extensions\Microsoft.VisualStudio.TestPlatform.Extensions.Trx.TestLogger.dll
TpTrace Verbose: 0 : 4032, 1, 2022/11/09, 22:21:41.435, 2792146743159, vstest.console.dll, TestPluginCache.GetExtensionPaths: Added unfilterableExtensionPaths: 
TpTrace Verbose: 0 : 4032, 1, 2022/11/09, 22:21:41.435, 2792146743605, vstest.console.dll, TestPluginCache.DiscoverTestExtensions: Discovering the extensions using allExtensionPaths: C:\Program Files\dotnet\sdk\6.0.401\Extensions\Microsoft.Diagnostics.NETCore.Client.dll
C:\Program Files\dotnet\sdk\6.0.401\Extensions\Microsoft.TestPlatform.Extensions.BlameDataCollector.dll
C:\Program Files\dotnet\sdk\6.0.401\Extensions\Microsoft.TestPlatform.Extensions.EventLogCollector.dll
C:\Program Files\dotnet\sdk\6.0.401\Extensions\Microsoft.TestPlatform.TestHostRuntimeProvider.dll
C:\Program Files\dotnet\sdk\6.0.401\Extensions\Microsoft.VisualStudio.TestPlatform.Extensions.Html.TestLogger.dll
C:\Program Files\dotnet\sdk\6.0.401\Extensions\Microsoft.VisualStudio.TestPlatform.Extensions.Trx.TestLogger.dll
TpTrace Information: 0 : 4032, 1, 2022/11/09, 22:21:41.435, 2792146744804, vstest.console.dll, AssemblyResolver.AddSearchDirectories: Adding more searchDirectories C:\Program Files\dotnet\sdk\6.0.401\Extensions,C:\Program Files\dotnet\sdk\6.0.401
TpTrace Information: 0 : 4032, 1, 2022/11/09, 22:21:41.435, 2792146745332, vstest.console.dll, AssemblyResolver.AddSearchDirectories: Adding more searchDirectories C:\Program Files\dotnet\sdk\6.0.401\Extensions,C:\Program Files\dotnet\sdk\6.0.401
TpTrace Information: 0 : 4032, 1, 2022/11/09, 22:21:41.435, 2792146745743, vstest.console.dll, AssemblyResolver.AddSearchDirectories: Adding more searchDirectories C:\Program Files\dotnet\sdk\6.0.401\Extensions,C:\Program Files\dotnet\sdk\6.0.401
TpTrace Information: 0 : 4032, 1, 2022/11/09, 22:21:41.435, 2792146746147, vstest.console.dll, AssemblyResolver.AddSearchDirectories: Adding more searchDirectories C:\Program Files\dotnet\sdk\6.0.401\Extensions,C:\Program Files\dotnet\sdk\6.0.401
TpTrace Information: 0 : 4032, 1, 2022/11/09, 22:21:41.435, 2792146746603, vstest.console.dll, AssemblyResolver.AddSearchDirectories: Adding more searchDirectories C:\Program Files\dotnet\sdk\6.0.401\Extensions,C:\Program Files\dotnet\sdk\6.0.401
TpTrace Information: 0 : 4032, 1, 2022/11/09, 22:21:41.435, 2792146747007, vstest.console.dll, AssemblyResolver.AddSearchDirectories: Adding more searchDirectories C:\Program Files\dotnet\sdk\6.0.401\Extensions,C:\Program Files\dotnet\sdk\6.0.401
TpTrace Verbose: 0 : 4032, 1, 2022/11/09, 22:21:41.435, 2792146748680, vstest.console.dll, MetadataReaderExtensionsHelper: Discovering extensions inside assembly 'Microsoft.Diagnostics.NETCore.Client, Version=0.2.5.801, Culture=neutral, PublicKeyToken=31bf3856ad364e35' file path 'C:\Program Files\dotnet\sdk\6.0.401\Extensions\Microsoft.Diagnostics.NETCore.Client.dll'
TpTrace Information: 0 : 4032, 1, 2022/11/09, 22:21:41.436, 2792146753569, vstest.console.dll, AssemblyResolver.OnResolve: Microsoft.Bcl.AsyncInterfaces: Resolving assembly.
TpTrace Information: 0 : 4032, 1, 2022/11/09, 22:21:41.436, 2792146754056, vstest.console.dll, AssemblyResolver.OnResolve: Microsoft.Bcl.AsyncInterfaces: Resolved from cache.
TpTrace Verbose: 0 : 4032, 1, 2022/11/09, 22:21:41.436, 2792146754482, vstest.console.dll, CurrentDomainAssemblyResolve: Resolving assembly 'Microsoft.Bcl.AsyncInterfaces'.
TpTrace Information: 0 : 4032, 1, 2022/11/09, 22:21:41.436, 2792146755122, vstest.console.dll, AssemblyResolver.OnResolve: Microsoft.Bcl.AsyncInterfaces: Resolving assembly.
TpTrace Information: 0 : 4032, 1, 2022/11/09, 22:21:41.436, 2792146755523, vstest.console.dll, AssemblyResolver.OnResolve: Microsoft.Bcl.AsyncInterfaces: Resolved from cache.
TpTrace Verbose: 0 : 4032, 1, 2022/11/09, 22:21:41.436, 2792146755933, vstest.console.dll, CurrentDomainAssemblyResolve: Resolving assembly 'Microsoft.Bcl.AsyncInterfaces'.
TpTrace Verbose: 0 : 4032, 1, 2022/11/09, 22:21:41.436, 2792146756301, vstest.console.dll, CurrentDomainAssemblyResolve: Failed to resolve assembly 'Microsoft.Bcl.AsyncInterfaces'.
TpTrace Verbose: 0 : 4032, 1, 2022/11/09, 22:21:41.436, 2792146758220, vstest.console.dll, CurrentDomainAssemblyResolve: Failed to resolve assembly 'Microsoft.Bcl.AsyncInterfaces'.
TpTrace Warning: 0 : 4032, 1, 2022/11/09, 22:21:41.437, 2792146762618, vstest.console.dll, TestPluginDiscoverer: Failed to get types from assembly 'Microsoft.Diagnostics.NETCore.Client, Version=0.2.5.801, Culture=neutral, PublicKeyToken=31bf3856ad364e35'. Error: System.Reflection.ReflectionTypeLoadException: Unable to load one or more of the requested types.
Could not load file or assembly 'Microsoft.Bcl.AsyncInterfaces, Version=1.0.0.0, Culture=neutral, PublicKeyToken=cc7b13ffcd2ddd51'. Das System kann die angegebene Datei nicht finden.
   at System.Reflection.RuntimeModule.GetTypes(RuntimeModule module)
   at System.Reflection.Assembly.GetTypes()
   at Microsoft.VisualStudio.TestPlatform.Common.ExtensionFramework.TestPluginDiscoverer.GetTestExtensionsFromAssembly[TPluginInfo,TExtension](Assembly assembly, Dictionary`2 pluginInfos, String filePath)
System.IO.FileNotFoundException: Could not load file or assembly 'Microsoft.Bcl.AsyncInterfaces, Version=1.0.0.0, Culture=neutral, PublicKeyToken=cc7b13ffcd2ddd51'. Das System kann die angegebene Datei nicht finden.
File name: 'Microsoft.Bcl.AsyncInterfaces, Version=1.0.0.0, Culture=neutral, PublicKeyToken=cc7b13ffcd2ddd51'
 ---> System.IO.FileNotFoundException: Could not load file or assembly 'Microsoft.Bcl.AsyncInterfaces, Culture=neutral, PublicKeyToken=null'. Das System kann die angegebene Datei nicht finden.
File name: 'Microsoft.Bcl.AsyncInterfaces, Culture=neutral, PublicKeyToken=null'
   at System.Reflection.RuntimeAssembly.InternalLoad(ObjectHandleOnStack assemblyName, ObjectHandleOnStack requestingAssembly, StackCrawlMarkHandle stackMark, Boolean throwOnFileNotFound, ObjectHandleOnStack assemblyLoadContext, ObjectHandleOnStack retAssembly)
   at System.Reflection.RuntimeAssembly.InternalLoad(AssemblyName assemblyName, RuntimeAssembly requestingAssembly, StackCrawlMark& stackMark, Boolean throwOnFileNotFound, AssemblyLoadContext assemblyLoadContext)
   at System.Reflection.Assembly.Load(AssemblyName assemblyRef)
   at Microsoft.VisualStudio.TestPlatform.Common.ExtensionFramework.TestPluginCache.CurrentDomainAssemblyResolve(Object sender, AssemblyResolveEventArgs args)
   at Microsoft.VisualStudio.TestPlatform.PlatformAbstractions.PlatformAssemblyResolver.AssemblyResolverEvent(Object sender, Object eventArgs)
   at System.Runtime.Loader.AssemblyLoadContext.GetFirstResolvedAssemblyFromResolvingEvent(AssemblyName assemblyName)
   at System.Runtime.Loader.AssemblyLoadContext.ResolveUsingEvent(AssemblyName assemblyName)
   at System.Runtime.Loader.AssemblyLoadContext.ResolveUsingResolvingEvent(IntPtr gchManagedAssemblyLoadContext, AssemblyName assemblyName)
TpTrace Warning: 0 : 4032, 1, 2022/11/09, 22:21:41.437, 2792146765899, vstest.console.dll, LoaderExceptions: System.IO.FileNotFoundException: Could not load file or assembly 'Microsoft.Bcl.AsyncInterfaces, Version=1.0.0.0, Culture=neutral, PublicKeyToken=cc7b13ffcd2ddd51'. Das System kann die angegebene Datei nicht finden.
File name: 'Microsoft.Bcl.AsyncInterfaces, Version=1.0.0.0, Culture=neutral, PublicKeyToken=cc7b13ffcd2ddd51'
 ---> System.IO.FileNotFoundException: Could not load file or assembly 'Microsoft.Bcl.AsyncInterfaces, Culture=neutral, PublicKeyToken=null'. Das System kann die angegebene Datei nicht finden.
File name: 'Microsoft.Bcl.AsyncInterfaces, Culture=neutral, PublicKeyToken=null'
   at System.Reflection.RuntimeAssembly.InternalLoad(ObjectHandleOnStack assemblyName, ObjectHandleOnStack requestingAssembly, StackCrawlMarkHandle stackMark, Boolean throwOnFileNotFound, ObjectHandleOnStack assemblyLoadContext, ObjectHandleOnStack retAssembly)
   at System.Reflection.RuntimeAssembly.InternalLoad(AssemblyName assemblyName, RuntimeAssembly requestingAssembly, StackCrawlMark& stackMark, Boolean throwOnFileNotFound, AssemblyLoadContext assemblyLoadContext)
   at System.Reflection.Assembly.Load(AssemblyName assemblyRef)
   at Microsoft.VisualStudio.TestPlatform.Common.ExtensionFramework.TestPluginCache.CurrentDomainAssemblyResolve(Object sender, AssemblyResolveEventArgs args)
   at Microsoft.VisualStudio.TestPlatform.PlatformAbstractions.PlatformAssemblyResolver.AssemblyResolverEvent(Object sender, Object eventArgs)
   at System.Runtime.Loader.AssemblyLoadContext.GetFirstResolvedAssemblyFromResolvingEvent(AssemblyName assemblyName)
   at System.Runtime.Loader.AssemblyLoadContext.ResolveUsingEvent(AssemblyName assemblyName)
   at System.Runtime.Loader.AssemblyLoadContext.ResolveUsingResolvingEvent(IntPtr gchManagedAssemblyLoadContext, AssemblyName assemblyName)
TpTrace Verbose: 0 : 4032, 1, 2022/11/09, 22:21:41.437, 2792146766901, vstest.console.dll, MetadataReaderExtensionsHelper: Discovering extensions inside assembly 'Microsoft.TestPlatform.Extensions.BlameDataCollector, Version=15.0.0.0, Culture=neutral, PublicKeyToken=b03f5f7f11d50a3a' file path 'C:\Program Files\dotnet\sdk\6.0.401\Extensions\Microsoft.TestPlatform.Extensions.BlameDataCollector.dll'
TpTrace Information: 0 : 4032, 1, 2022/11/09, 22:21:41.437, 2792146771632, vstest.console.dll, GetTestExtensionFromType: Register extension with identifier data 'logger://Microsoft/TestPlatform/Extensions/Blame/v1' and type 'Microsoft.TestPlatform.Extensions.BlameDataCollector.BlameLogger, Microsoft.TestPlatform.Extensions.BlameDataCollector, Version=15.0.0.0, Culture=neutral, PublicKeyToken=b03f5f7f11d50a3a' inside file 'C:\Program Files\dotnet\sdk\6.0.401\Extensions\Microsoft.TestPlatform.Extensions.BlameDataCollector.dll'
TpTrace Verbose: 0 : 4032, 1, 2022/11/09, 22:21:41.438, 2792146772326, vstest.console.dll, MetadataReaderExtensionsHelper: Discovering extensions inside assembly 'Microsoft.TestPlatform.Extensions.EventLogCollector, Version=15.0.0.0, Culture=neutral, PublicKeyToken=b03f5f7f11d50a3a' file path 'C:\Program Files\dotnet\sdk\6.0.401\Extensions\Microsoft.TestPlatform.Extensions.EventLogCollector.dll'
TpTrace Verbose: 0 : 4032, 1, 2022/11/09, 22:21:41.438, 2792146775293, vstest.console.dll, MetadataReaderExtensionsHelper: Discovering extensions inside assembly 'Microsoft.TestPlatform.TestHostRuntimeProvider, Version=15.0.0.0, Culture=neutral, PublicKeyToken=b03f5f7f11d50a3a' file path 'C:\Program Files\dotnet\sdk\6.0.401\Extensions\Microsoft.TestPlatform.TestHostRuntimeProvider.dll'
TpTrace Verbose: 0 : 4032, 1, 2022/11/09, 22:21:41.438, 2792146778458, vstest.console.dll, MetadataReaderExtensionsHelper: Discovering extensions inside assembly 'Microsoft.VisualStudio.TestPlatform.Extensions.Html.TestLogger, Version=15.0.0.0, Culture=neutral, PublicKeyToken=b03f5f7f11d50a3a' file path 'C:\Program Files\dotnet\sdk\6.0.401\Extensions\Microsoft.VisualStudio.TestPlatform.Extensions.Html.TestLogger.dll'
TpTrace Information: 0 : 4032, 1, 2022/11/09, 22:21:41.438, 2792146781932, vstest.console.dll, GetTestExtensionFromType: Register extension with identifier data 'logger://Microsoft/TestPlatform/HtmlLogger/v1' and type 'Microsoft.VisualStudio.TestPlatform.Extensions.HtmlLogger.HtmlLogger, Microsoft.VisualStudio.TestPlatform.Extensions.Html.TestLogger, Version=15.0.0.0, Culture=neutral, PublicKeyToken=b03f5f7f11d50a3a' inside file 'C:\Program Files\dotnet\sdk\6.0.401\Extensions\Microsoft.VisualStudio.TestPlatform.Extensions.Html.TestLogger.dll'
TpTrace Verbose: 0 : 4032, 1, 2022/11/09, 22:21:41.439, 2792146782642, vstest.console.dll, MetadataReaderExtensionsHelper: Discovering extensions inside assembly 'Microsoft.VisualStudio.TestPlatform.Extensions.Trx.TestLogger, Version=15.0.0.0, Culture=neutral, PublicKeyToken=b03f5f7f11d50a3a' file path 'C:\Program Files\dotnet\sdk\6.0.401\Extensions\Microsoft.VisualStudio.TestPlatform.Extensions.Trx.TestLogger.dll'
TpTrace Information: 0 : 4032, 1, 2022/11/09, 22:21:41.439, 2792146786295, vstest.console.dll, GetTestExtensionFromType: Register extension with identifier data 'logger://Microsoft/TestPlatform/TrxLogger/v1' and type 'Microsoft.VisualStudio.TestPlatform.Extensions.TrxLogger.TrxLogger, Microsoft.VisualStudio.TestPlatform.Extensions.Trx.TestLogger, Version=15.0.0.0, Culture=neutral, PublicKeyToken=b03f5f7f11d50a3a' inside file 'C:\Program Files\dotnet\sdk\6.0.401\Extensions\Microsoft.VisualStudio.TestPlatform.Extensions.Trx.TestLogger.dll'
TpTrace Verbose: 0 : 4032, 1, 2022/11/09, 22:21:41.439, 2792146787055, vstest.console.dll, TestPluginCache: Discovered the extensions using extension path ''.
TpTrace Verbose: 0 : 4032, 1, 2022/11/09, 22:21:41.439, 2792146787578, vstest.console.dll, TestPluginCache: Discoverers are ''.
TpTrace Verbose: 0 : 4032, 1, 2022/11/09, 22:21:41.439, 2792146787974, vstest.console.dll, TestPluginCache: Executors are ''.
TpTrace Verbose: 0 : 4032, 1, 2022/11/09, 22:21:41.439, 2792146788336, vstest.console.dll, TestPluginCache: Executors2 are ''.
TpTrace Verbose: 0 : 4032, 1, 2022/11/09, 22:21:41.439, 2792146788692, vstest.console.dll, TestPluginCache: Setting providers are ''.
TpTrace Verbose: 0 : 4032, 1, 2022/11/09, 22:21:41.439, 2792146789591, vstest.console.dll, TestPluginCache: Loggers are 'logger://Microsoft/TestPlatform/Extensions/Blame/v1,logger://Microsoft/TestPlatform/HtmlLogger/v1,logger://Microsoft/TestPlatform/TrxLogger/v1'.
TpTrace Verbose: 0 : 4032, 1, 2022/11/09, 22:21:41.439, 2792146790146, vstest.console.dll, TestPluginCache: TestHosts are 'HostProvider://DefaultTestHost,HostProvider://DotnetTestHost'.
TpTrace Verbose: 0 : 4032, 1, 2022/11/09, 22:21:41.439, 2792146790524, vstest.console.dll, TestPluginCache: DataCollectors are ''.
TpTrace Information: 0 : 4032, 1, 2022/11/09, 22:21:41.440, 2792146798202, vstest.console.dll, TestPluginManager.CreateTestExtension: Attempting to load test extension: Microsoft.TestPlatform.Extensions.BlameDataCollector.BlameLogger
TpTrace Verbose: 0 : 4032, 1, 2022/11/09, 22:21:41.446, 2792146861423, vstest.console.dll, TestEngine: Initializing Parallel Execution as MaxCpuCount is set to: 1
TpTrace Information: 0 : 4032, 1, 2022/11/09, 22:21:41.450, 2792146893954, vstest.console.dll, TestPluginManager.CreateTestExtension: Attempting to load test extension: Microsoft.VisualStudio.TestPlatform.CrossPlatEngine.Hosting.DefaultTestHostManager
TpTrace Information: 0 : 4032, 1, 2022/11/09, 22:21:41.451, 2792146907532, vstest.console.dll, InferRunSettingsHelper.IsTestSettingsEnabled: Unable to navigate to RunSettings/MSTest. Current node: RunSettings
TpTrace Verbose: 0 : 4032, 1, 2022/11/09, 22:21:41.457, 2792146968251, vstest.console.dll, TestEngine.GetExecutionManager: Chosen execution manager 'Microsoft.VisualStudio.TestPlatform.CrossPlatEngine.Client.Parallel.ParallelProxyExecutionManager, Microsoft.TestPlatform.CrossPlatEngine, Version=15.0.0.0, Culture=neutral, PublicKeyToken=b03f5f7f11d50a3a' ParallelLevel '1'.
TpTrace Verbose: 0 : 4032, 1, 2022/11/09, 22:21:41.457, 2792146969731, vstest.console.dll, TestRunRequest.ExecuteAsync: Creating test run request.
TpTrace Verbose: 0 : 4032, 1, 2022/11/09, 22:21:41.458, 2792146972414, vstest.console.dll, TestRunRequest.ExecuteAsync: Starting.
TpTrace Information: 0 : 4032, 1, 2022/11/09, 22:21:41.458, 2792146975981, vstest.console.dll, TestRunRequest.ExecuteAsync: Starting run with settings:TestRunCriteria:
   KeepAlive=False,FrequencyOfRunStatsChangeEvent=10,RunStatsChangeEventTimeout=00:00:01.5000000,TestCaseFilter=,TestExecutorLauncher=
   Settingsxml=<RunSettings>
  <RunConfiguration>
    <ResultsDirectory>H:\PROJECTS\OOP_Term\SolutionTest\bin\Debug\net48\fine-code-coverage\coverage-tool-output</ResultsDirectory>
    <TargetPlatform>X64</TargetPlatform>
    <TargetFrameworkVersion>.NETFramework,Version=v4.8</TargetFrameworkVersion>
    <DesignMode>False</DesignMode>
    <CollectSourceInformation>False</CollectSourceInformation>
  </RunConfiguration>
  <LoggerRunSettings>
    <Loggers>
      <Logger friendlyName="blame" enabled="True" />
      <Logger friendlyName="Console" uri="logger://microsoft/TestPlatform/ConsoleLogger/v1" assemblyQualifiedName="Microsoft.VisualStudio.TestPlatform.CommandLine.Internal.ConsoleLogger, vstest.console, Version=15.0.0.0, Culture=neutral, PublicKeyToken=b03f5f7f11d50a3a" codeBase="C:\Program Files\dotnet\sdk\6.0.401\vstest.console.dll" enabled="True" />
    </Loggers>
  </LoggerRunSettings>
  <DataCollectionRunSettings>
    <DataCollectors>
      <DataCollector friendlyName="blame" enabled="True">
        <Configuration>
          <ResultsDirectory>H:\PROJECTS\OOP_Term\SolutionTest\bin\Debug\net48\fine-code-coverage\coverage-tool-output</ResultsDirectory>
        </Configuration>
      </DataCollector>
    </DataCollectors>
  </DataCollectionRunSettings>
</RunSettings>

TpTrace Verbose: 0 : 4032, 1, 2022/11/09, 22:21:41.458, 2792146976594, vstest.console.dll, TestRunRequest.ExecuteAsync: Wait for the first run request is over.
TpTrace Verbose: 0 : 4032, 1, 2022/11/09, 22:21:41.459, 2792146982142, vstest.console.dll, MulticastDelegateUtilities.SafeInvoke: TestRun.TestRunStart: Invoking callbacks was skipped because there are no subscribers.
TpTrace Verbose: 0 : 4032, 4, 2022/11/09, 22:21:41.459, 2792146986080, vstest.console.dll, MulticastDelegateUtilities.SafeInvoke: InternalTestLoggerEvents.SendTestRunStart: Invoking callback 1/1 for Microsoft.VisualStudio.TestPlatform.CommandLine.Internal.ConsoleLogger.TestRunStartHandler, took 0 ms.
TpTrace Verbose: 0 : 4032, 1, 2022/11/09, 22:21:41.461, 2792147006500, vstest.console.dll, ParallelProxyExecutionManager: Start execution. Total sources: 1
TpTrace Verbose: 0 : 4032, 1, 2022/11/09, 22:21:41.463, 2792147025445, vstest.console.dll, TestRequestSender is acting as server.
TpTrace Verbose: 0 : 4032, 1, 2022/11/09, 22:21:41.464, 2792147039251, vstest.console.dll, DataCollectionRequestSender.InitializeCommunication : Initialize communication. 
TpTrace Information: 0 : 4032, 1, 2022/11/09, 22:21:41.471, 2792147107928, vstest.console.dll, Listening on Endpoint : 127.0.0.1:58453
TpTrace Verbose: 0 : 4032, 1, 2022/11/09, 22:21:41.480, 2792147198748, vstest.console.dll, DotnetDataCollectionLauncher: Adding  --runtimeconfig "C:\Program Files\dotnet\sdk\6.0.401\datacollector.runtimeconfig.json" in args
TpTrace Verbose: 0 : 4032, 1, 2022/11/09, 22:21:41.480, 2792147200156, vstest.console.dll, DotnetDataCollectionLauncher: Adding  --depsfile "C:\Program Files\dotnet\sdk\6.0.401\datacollector.deps.json" in args
TpTrace Verbose: 0 : 4032, 1, 2022/11/09, 22:21:41.480, 2792147201535, vstest.console.dll, DotnetDataCollectionLauncher: Full path of dotnet.exe is C:\Program Files\dotnet\dotnet.exe
TpTrace Information: 0 : 4032, 1, 2022/11/09, 22:21:41.494, 2792147338217, vstest.console.dll, ProxyDataCollectionManager.Initialize: Launched datacollector processId: 1304 port: 58453
TpTrace Information: 0 : 4032, 1, 2022/11/09, 22:21:41.494, 2792147340134, vstest.console.dll, ProxyDataCollectionManager.Initialize: waiting for connection with timeout: 90 seconds
TpTrace Verbose: 0 : 4032, 1, 2022/11/09, 22:21:41.494, 2792147340973, vstest.console.dll, DataCollectionRequestSender.WaitForRequestHandlerConnection : Waiting for connection with timeout: 90000
TpTrace Information: 0 : 4032, 5, 2022/11/09, 22:21:41.669, 2792149090153, vstest.console.dll, Using the buffer size of 16384 bytes
TpTrace Verbose: 0 : 4032, 1, 2022/11/09, 22:21:41.669, 2792149090410, vstest.console.dll, SocketCommunicationManager.WaitForClientConnection took: 174 ms, with 90000 ms timeout, and finished with True.
TpTrace Information: 0 : 4032, 5, 2022/11/09, 22:21:41.669, 2792149091669, vstest.console.dll, Accepted Client request and set the flag
TpTrace Verbose: 0 : 4032, 1, 2022/11/09, 22:21:41.670, 2792149093908, vstest.console.dll, ProxyDataCollectionManager.InvokeDataCollectionServiceAction: Starting.
TpTrace Information: 0 : 4032, 1, 2022/11/09, 22:21:41.670, 2792149095278, vstest.console.dll, ProxyDataCollectionManager.BeforeTestRunStart: Get environment variable and port for datacollector processId: 1304 port: 58453
TpTrace Verbose: 0 : 4032, 1, 2022/11/09, 22:21:41.670, 2792149097330, vstest.console.dll, DataCollectionRequestSender.SendBeforeTestRunStartAndGetResult: Send BeforeTestRunStart message with settingsXml <RunSettings><RunConfiguration><ResultsDirectory>H:\PROJECTS\OOP_Term\SolutionTest\bin\Debug\net48\fine-code-coverage\coverage-tool-output</ResultsDirectory><TargetPlatform>X64</TargetPlatform><TargetFrameworkVersion>.NETFramework,Version=v4.8</TargetFrameworkVersion><DesignMode>False</DesignMode><CollectSourceInformation>False</CollectSourceInformation><TestAdaptersPaths>C:\Program Files\dotnet\sdk\6.0.401\Extensions</TestAdaptersPaths></RunConfiguration><LoggerRunSettings><Loggers><Logger friendlyName="blame" enabled="True" /><Logger friendlyName="Console" uri="logger://microsoft/TestPlatform/ConsoleLogger/v1" assemblyQualifiedName="Microsoft.VisualStudio.TestPlatform.CommandLine.Internal.ConsoleLogger, vstest.console, Version=15.0.0.0, Culture=neutral, PublicKeyToken=b03f5f7f11d50a3a" codeBase="C:\Program Files\dotnet\sdk\6.0.401\vstest.console.dll" enabled="True" /></Loggers></LoggerRunSettings><DataCollectionRunSettings><DataCollectors><DataCollector friendlyName="blame" enabled="True"><Configuration><ResultsDirectory>H:\PROJECTS\OOP_Term\SolutionTest\bin\Debug\net48\fine-code-coverage\coverage-tool-output</ResultsDirectory></Configuration></DataCollector></DataCollectors></DataCollectionRunSettings></RunSettings> and sources System.Collections.Generic.List`1[System.String]: 
TpTrace Verbose: 0 : 4032, 1, 2022/11/09, 22:21:41.769, 2792150090808, vstest.console.dll, DataCollectionRequestSender.SendBeforeTestRunStartAndGetResult: Received message: (DataCollection.SendMessage) -> {"MessageType":"DataCollection.SendMessage","Payload":{"FriendlyName":null,"Uri":null,"TestCaseId":"00000000-0000-0000-0000-000000000000","Message":"Logging DataCollector Diagnostics in file: H:\\PROJECTS\\OOP_Term\\SolutionTest\\bin\\Debug\\net48\\fine-code-coverage\\coverage-tool-output\\diagnostics.datacollector.22-11-09_22-21-41_48036_1.log","Level":0}}
TpTrace Verbose: 0 : 4032, 1, 2022/11/09, 22:21:41.871, 2792151110215, vstest.console.dll, DataCollectionRequestSender.SendBeforeTestRunStartAndGetResult: Received message: (DataCollection.BeforeTestRunStartResult) -> {"MessageType":"DataCollection.BeforeTestRunStartResult","Payload":{"EnvironmentVariables":{},"DataCollectionEventsPort":58455}}
TpTrace Information: 0 : 4032, 1, 2022/11/09, 22:21:41.879, 2792151183205, vstest.console.dll, ProxyDataCollectionManager.BeforeTestRunStart: SendBeforeTestRunStartAndGetResult successful, env variable from datacollector:   and testhost port: 58455
TpTrace Information: 0 : 4032, 1, 2022/11/09, 22:21:41.879, 2792151184407, vstest.console.dll, ProxyDataCollectionManager.InvokeDataCollectionServiceAction: Completed.
TpTrace Verbose: 0 : 4032, 1, 2022/11/09, 22:21:41.879, 2792151186947, vstest.console.dll, ProxyParallelExecutionManager: No sources available for execution.
TpTrace Verbose: 0 : 4032, 7, 2022/11/09, 22:21:41.879, 2792151187378, vstest.console.dll, ParallelProxyExecutionManager: Execution started. Started clients: 1
TpTrace Information: 0 : 4032, 1, 2022/11/09, 22:21:41.879, 2792151187734, vstest.console.dll, TestRunRequest.ExecuteAsync: Started.
TpTrace Verbose: 0 : 4032, 1, 2022/11/09, 22:21:41.879, 2792151189657, vstest.console.dll, TestRunRequest.WaitForCompletion: Waiting with timeout -1.
TpTrace Verbose: 0 : 4032, 7, 2022/11/09, 22:21:41.879, 2792151191611, vstest.console.dll, TestRunRequest:SendTestRunMessage: Starting.
TpTrace Verbose: 0 : 4032, 7, 2022/11/09, 22:21:41.880, 2792151193563, vstest.console.dll, MulticastDelegateUtilities.SafeInvoke: TestRun.LogMessages: Invoking callback 1/1 for Microsoft.VisualStudio.TestPlatform.CommandLine.TestRunResultAggregator.TestRunMessageHandler, took 0 ms.
TpTrace Verbose: 0 : 4032, 4, 2022/11/09, 22:21:41.880, 2792151193623, vstest.console.dll, MulticastDelegateUtilities.SafeInvoke: InternalTestLoggerEvents.SendTestRunMessage: Invoking callback 1/1 for Microsoft.VisualStudio.TestPlatform.CommandLine.Internal.ConsoleLogger.TestMessageHandler, took 0 ms.
TpTrace Information: 0 : 4032, 7, 2022/11/09, 22:21:41.880, 2792151194208, vstest.console.dll, TestRunRequest:SendTestRunMessage: Completed.
TpTrace Verbose: 0 : 4032, 7, 2022/11/09, 22:21:41.880, 2792151197151, vstest.console.dll, ProxyExecutionManager: Test host is always Lazy initialize.
TpTrace Verbose: 0 : 4032, 7, 2022/11/09, 22:21:41.880, 2792151199729, vstest.console.dll, TestRequestSender.InitializeCommunication: initialize communication. 
TpTrace Information: 0 : 4032, 7, 2022/11/09, 22:21:41.881, 2792151205918, vstest.console.dll, SocketServer.Start: Listening on endpoint : 127.0.0.1:58456
TpTrace Verbose: 0 : 4032, 7, 2022/11/09, 22:21:41.882, 2792151217430, vstest.console.dll, DefaultTestHostmanager: Full path of TestHost\testhost.net48.exe is C:\Program Files\dotnet\sdk\6.0.401\Extensions\..//TestHost\testhost.net48.exe
TpTrace Verbose: 0 : 4032, 7, 2022/11/09, 22:21:41.882, 2792151219519, vstest.console.dll, Launching default test Host Process C:\Program Files\dotnet\sdk\6.0.401\Extensions\..//TestHost\testhost.net48.exe with arguments  --port 58456 --endpoint 127.0.0.1:058456 --role client --parentprocessid 4032 --diag "H:\PROJECTS\OOP_Term\SolutionTest\bin\Debug\net48\fine-code-coverage\coverage-tool-output\diagnostics.host.22-11-09_22-21-41_88177_7.log" --tracelevel 4 --datacollectionport 58455 --telemetryoptedin false
TpTrace Verbose: 0 : 4032, 7, 2022/11/09, 22:21:41.882, 2792151220061, vstest.console.dll, DefaultTestHostManager: Starting process 'C:\Program Files\dotnet\sdk\6.0.401\Extensions\..//TestHost\testhost.net48.exe' with command line ' --port 58456 --endpoint 127.0.0.1:058456 --role client --parentprocessid 4032 --diag "H:\PROJECTS\OOP_Term\SolutionTest\bin\Debug\net48\fine-code-coverage\coverage-tool-output\diagnostics.host.22-11-09_22-21-41_88177_7.log" --tracelevel 4 --datacollectionport 58455 --telemetryoptedin false'
TpTrace Verbose: 0 : 4032, 7, 2022/11/09, 22:21:41.888, 2792151274387, vstest.console.dll, MulticastDelegateUtilities.SafeInvoke: HostProviderEvents.OnHostLaunched: Invoking callback 1/2 for Microsoft.VisualStudio.TestPlatform.CrossPlatEngine.Client.ProxyExecutionManagerWithDataCollection.TestHostLaunchedHandler, took 1 ms.
TpTrace Verbose: 0 : 4032, 7, 2022/11/09, 22:21:41.888, 2792151275911, vstest.console.dll, Test Runtime launched
TpTrace Verbose: 0 : 4032, 7, 2022/11/09, 22:21:41.888, 2792151276665, vstest.console.dll, MulticastDelegateUtilities.SafeInvoke: HostProviderEvents.OnHostLaunched: Invoking callback 2/2 for Microsoft.VisualStudio.TestPlatform.CrossPlatEngine.Client.ProxyOperationManager.TestHostManagerHostLaunched, took 0 ms.
TpTrace Verbose: 0 : 4032, 7, 2022/11/09, 22:21:41.888, 2792151278506, vstest.console.dll, TestRequestSender.WaitForRequestHandlerConnection: waiting for connection with timeout: 90000.
TpTrace Verbose: 0 : 4032, 7, 2022/11/09, 22:21:42.094, 2792153338067, vstest.console.dll, TestRequestSender.WaitForRequestHandlerConnection: waiting took 205 ms, with timeout 90000 ms, and result 0, which is success.
TpTrace Verbose: 0 : 4032, 10, 2022/11/09, 22:21:42.094, 2792153338063, vstest.console.dll, MulticastDelegateUtilities.SafeInvoke: SocketServer: ClientConnected: Invoking callback 1/1 for Microsoft.VisualStudio.TestPlatform.CommunicationUtilities.TestRequestSender.<InitializeCommunication>b__24_0, took 0 ms.
TpTrace Verbose: 0 : 4032, 10, 2022/11/09, 22:21:42.094, 2792153340145, vstest.console.dll, SocketServer.OnClientConnected: Client connected for endPoint: 127.0.0.1:58456, starting MessageLoopAsync:
TpTrace Verbose: 0 : 4032, 10, 2022/11/09, 22:21:42.095, 2792153342301, vstest.console.dll, TcpClientExtensions.MessageLoopAsync: Polling on remoteEndPoint: 127.0.0.1:58457 localEndPoint: 127.0.0.1:58456
TpTrace Verbose: 0 : 4032, 7, 2022/11/09, 22:21:42.096, 2792153352840, vstest.console.dll, TestRequestSender.CheckVersionWithTestHost: Sending check version message: {"MessageType":"ProtocolVersion","Payload":7}
TpTrace Verbose: 0 : 4032, 10, 2022/11/09, 22:21:42.404, 2792156435162, vstest.console.dll, TcpClientExtensions.MessageLoopAsync: NotifyDataAvailable remoteEndPoint: 127.0.0.1:58457 localEndPoint: 127.0.0.1:58456
TpTrace Verbose: 0 : 4032, 10, 2022/11/09, 22:21:42.404, 2792156437988, vstest.console.dll, TestRequestSender.CheckVersionWithTestHost: onMessageReceived received message: (ProtocolVersion) -> {"MessageType":"ProtocolVersion","Payload":7}
TpTrace Verbose: 0 : 4032, 10, 2022/11/09, 22:21:42.405, 2792156446583, vstest.console.dll, MulticastDelegateUtilities.SafeInvoke: LengthPrefixCommunicationChannel: MessageReceived: Invoking callback 1/1 for Microsoft.VisualStudio.TestPlatform.CommunicationUtilities.TestRequestSender+<>c__DisplayClass26_0.<CheckVersionWithTestHost>b__0, took 0 ms.
TpTrace Verbose: 0 : 4032, 10, 2022/11/09, 22:21:42.405, 2792156447942, vstest.console.dll, TcpClientExtensions.MessageLoopAsync: Polling on remoteEndPoint: 127.0.0.1:58457 localEndPoint: 127.0.0.1:58456
TpTrace Verbose: 0 : 4032, 7, 2022/11/09, 22:21:42.405, 2792156447906, vstest.console.dll, TestPluginCache.GetExtensionPaths: Filtered extension paths: 
TpTrace Verbose: 0 : 4032, 7, 2022/11/09, 22:21:42.405, 2792156449452, vstest.console.dll, TestPluginCache.GetExtensionPaths: Added default extension paths: C:\Program Files\dotnet\sdk\6.0.401\Extensions\Microsoft.Diagnostics.NETCore.Client.dll
C:\Program Files\dotnet\sdk\6.0.401\Extensions\Microsoft.TestPlatform.Extensions.BlameDataCollector.dll
C:\Program Files\dotnet\sdk\6.0.401\Extensions\Microsoft.TestPlatform.Extensions.EventLogCollector.dll
C:\Program Files\dotnet\sdk\6.0.401\Extensions\Microsoft.TestPlatform.TestHostRuntimeProvider.dll
C:\Program Files\dotnet\sdk\6.0.401\Extensions\Microsoft.VisualStudio.TestPlatform.Extensions.Html.TestLogger.dll
C:\Program Files\dotnet\sdk\6.0.401\Extensions\Microsoft.VisualStudio.TestPlatform.Extensions.Trx.TestLogger.dll
TpTrace Verbose: 0 : 4032, 7, 2022/11/09, 22:21:42.405, 2792156449982, vstest.console.dll, TestPluginCache.GetExtensionPaths: Added unfilterableExtensionPaths: 
TpTrace Verbose: 0 : 4032, 7, 2022/11/09, 22:21:42.410, 2792156498012, vstest.console.dll, TestRequestSender.InitializeExecution: Sending initialize execution with message: {"Version":7,"MessageType":"TestExecution.Initialize","Payload":["C:\\Program Files\\dotnet\\sdk\\6.0.401\\Extensions\\Microsoft.Diagnostics.NETCore.Client.dll","C:\\Program Files\\dotnet\\sdk\\6.0.401\\Extensions\\Microsoft.TestPlatform.Extensions.BlameDataCollector.dll","C:\\Program Files\\dotnet\\sdk\\6.0.401\\Extensions\\Microsoft.TestPlatform.Extensions.EventLogCollector.dll","C:\\Program Files\\dotnet\\sdk\\6.0.401\\Extensions\\Microsoft.TestPlatform.TestHostRuntimeProvider.dll","C:\\Program Files\\dotnet\\sdk\\6.0.401\\Extensions\\Microsoft.VisualStudio.TestPlatform.Extensions.Html.TestLogger.dll","C:\\Program Files\\dotnet\\sdk\\6.0.401\\Extensions\\Microsoft.VisualStudio.TestPlatform.Extensions.Trx.TestLogger.dll","H:\\PROJECTS\\OOP_Term\\SolutionTest\\bin\\Debug\\net48\\fine-code-coverage\\build-output\\NUnit3.TestAdapter.dll"]}
TpTrace Warning: 0 : 4032, 7, 2022/11/09, 22:21:42.411, 2792156502501, vstest.console.dll, InferRunSettingsHelper.MakeRunsettingsCompatible: Removing the following settings: TargetPlatform from RunSettings file. To use those settings please move to latest version of Microsoft.NET.Test.Sdk
TpTrace Verbose: 0 : 4032, 10, 2022/11/09, 22:21:42.411, 2792156510862, vstest.console.dll, TcpClientExtensions.MessageLoopAsync: NotifyDataAvailable remoteEndPoint: 127.0.0.1:58457 localEndPoint: 127.0.0.1:58456
TpTrace Verbose: 0 : 4032, 10, 2022/11/09, 22:21:42.412, 2792156512561, vstest.console.dll, TestRequestSender.OnExecutionMessageReceived: Received message: {"Version":7,"MessageType":"TestSession.Message","Payload":{"MessageLevel":0,"Message":"Logging TestHost Diagnostics in file: H:\\PROJECTS\\OOP_Term\\SolutionTest\\bin\\Debug\\net48\\fine-code-coverage\\coverage-tool-output\\diagnostics.host.22-11-09_22-21-41_88177_7.log"}}
TpTrace Verbose: 0 : 4032, 10, 2022/11/09, 22:21:42.415, 2792156549515, vstest.console.dll, TestRunRequest:SendTestRunMessage: Starting.
TpTrace Verbose: 0 : 4032, 10, 2022/11/09, 22:21:42.415, 2792156551047, vstest.console.dll, MulticastDelegateUtilities.SafeInvoke: TestRun.LogMessages: Invoking callback 1/1 for Microsoft.VisualStudio.TestPlatform.CommandLine.TestRunResultAggregator.TestRunMessageHandler, took 0 ms.
TpTrace Information: 0 : 4032, 10, 2022/11/09, 22:21:42.415, 2792156551673, vstest.console.dll, TestRunRequest:SendTestRunMessage: Completed.
TpTrace Verbose: 0 : 4032, 10, 2022/11/09, 22:21:42.416, 2792156552441, vstest.console.dll, MulticastDelegateUtilities.SafeInvoke: LengthPrefixCommunicationChannel: MessageReceived: Invoking callback 1/1 for Microsoft.VisualStudio.TestPlatform.CommunicationUtilities.TestRequestSender+<>c__DisplayClass31_0.<StartTestRun>b__1, took 4 ms.
TpTrace Verbose: 0 : 4032, 10, 2022/11/09, 22:21:42.416, 2792156553021, vstest.console.dll, TcpClientExtensions.MessageLoopAsync: Polling on remoteEndPoint: 127.0.0.1:58457 localEndPoint: 127.0.0.1:58456
TpTrace Verbose: 0 : 4032, 4, 2022/11/09, 22:21:42.416, 2792156553955, vstest.console.dll, MulticastDelegateUtilities.SafeInvoke: InternalTestLoggerEvents.SendTestRunMessage: Invoking callback 1/1 for Microsoft.VisualStudio.TestPlatform.CommandLine.Internal.ConsoleLogger.TestMessageHandler, took 0 ms.
TpTrace Verbose: 0 : 4032, 7, 2022/11/09, 22:21:42.422, 2792156618486, vstest.console.dll, TestRequestSender.StartTestRun: Sending test run with message: {"Version":7,"MessageType":"TestExecution.StartWithSources","Payload":{"AdapterSourceMap":{"_none_":["H:\\PROJECTS\\OOP_Term\\SolutionTest\\bin\\Debug\\net48\\fine-code-coverage\\build-output\\DLL.dll"]},"RunSettings":"<RunSettings>\r\n  <RunConfiguration>\r\n    <ResultsDirectory>H:\\PROJECTS\\OOP_Term\\SolutionTest\\bin\\Debug\\net48\\fine-code-coverage\\coverage-tool-output</ResultsDirectory>\r\n    <TargetFrameworkVersion>.NETFramework,Version=v4.8</TargetFrameworkVersion>\r\n    <DesignMode>False</DesignMode>\r\n    <CollectSourceInformation>False</CollectSourceInformation>\r\n  </RunConfiguration>\r\n  <LoggerRunSettings>\r\n    <Loggers>\r\n      <Logger friendlyName=\"blame\" enabled=\"True\" />\r\n      <Logger friendlyName=\"Console\" uri=\"logger://microsoft/TestPlatform/ConsoleLogger/v1\" assemblyQualifiedName=\"Microsoft.VisualStudio.TestPlatform.CommandLine.Internal.ConsoleLogger, vstest.console, Version=15.0.0.0, Culture=neutral, PublicKeyToken=b03f5f7f11d50a3a\" codeBase=\"C:\\Program Files\\dotnet\\sdk\\6.0.401\\vstest.console.dll\" enabled=\"True\" />\r\n    </Loggers>\r\n  </LoggerRunSettings>\r\n  <DataCollectionRunSettings>\r\n    <DataCollectors>\r\n      <DataCollector friendlyName=\"blame\" enabled=\"True\">\r\n        <Configuration>\r\n          <ResultsDirectory>H:\\PROJECTS\\OOP_Term\\SolutionTest\\bin\\Debug\\net48\\fine-code-coverage\\coverage-tool-output</ResultsDirectory>\r\n        </Configuration>\r\n      </DataCollector>\r\n    </DataCollectors>\r\n  </DataCollectionRunSettings>\r\n</RunSettings>","TestExecutionContext":{"FrequencyOfRunStatsChangeEvent":10,"RunStatsChangeEventTimeout":"00:00:01.5000000","InIsolation":false,"KeepAlive":false,"AreTestCaseLevelEventsRequired":false,"IsDebug":false,"TestCaseFilter":null,"FilterOptions":null},"Package":null}}
TpTrace Verbose: 0 : 4032, 10, 2022/11/09, 22:21:42.987, 2792162269536, vstest.console.dll, TcpClientExtensions.MessageLoopAsync: NotifyDataAvailable remoteEndPoint: 127.0.0.1:58457 localEndPoint: 127.0.0.1:58456
TpTrace Verbose: 0 : 4032, 10, 2022/11/09, 22:21:42.987, 2792162271393, vstest.console.dll, TestRequestSender.OnExecutionMessageReceived: Received message: {"Version":7,"MessageType":"TestSession.Message","Payload":{"MessageLevel":0,"Message":"NUnit Adapter 3.16.1.0: Test execution started"}}
TpTrace Verbose: 0 : 4032, 10, 2022/11/09, 22:21:42.988, 2792162274297, vstest.console.dll, TestRunRequest:SendTestRunMessage: Starting.
TpTrace Verbose: 0 : 4032, 10, 2022/11/09, 22:21:42.988, 2792162275020, vstest.console.dll, MulticastDelegateUtilities.SafeInvoke: TestRun.LogMessages: Invoking callback 1/1 for Microsoft.VisualStudio.TestPlatform.CommandLine.TestRunResultAggregator.TestRunMessageHandler, took 0 ms.
TpTrace Information: 0 : 4032, 10, 2022/11/09, 22:21:42.988, 2792162275468, vstest.console.dll, TestRunRequest:SendTestRunMessage: Completed.
TpTrace Verbose: 0 : 4032, 4, 2022/11/09, 22:21:42.988, 2792162275606, vstest.console.dll, MulticastDelegateUtilities.SafeInvoke: InternalTestLoggerEvents.SendTestRunMessage: Invoking callback 1/1 for Microsoft.VisualStudio.TestPlatform.CommandLine.Internal.ConsoleLogger.TestMessageHandler, took 0 ms.
TpTrace Verbose: 0 : 4032, 10, 2022/11/09, 22:21:42.988, 2792162275835, vstest.console.dll, MulticastDelegateUtilities.SafeInvoke: LengthPrefixCommunicationChannel: MessageReceived: Invoking callback 1/1 for Microsoft.VisualStudio.TestPlatform.CommunicationUtilities.TestRequestSender+<>c__DisplayClass31_0.<StartTestRun>b__1, took 0 ms.
TpTrace Verbose: 0 : 4032, 10, 2022/11/09, 22:21:42.988, 2792162277196, vstest.console.dll, TcpClientExtensions.MessageLoopAsync: Polling on remoteEndPoint: 127.0.0.1:58457 localEndPoint: 127.0.0.1:58456
TpTrace Verbose: 0 : 4032, 10, 2022/11/09, 22:21:43.040, 2792162801928, vstest.console.dll, TcpClientExtensions.MessageLoopAsync: NotifyDataAvailable remoteEndPoint: 127.0.0.1:58457 localEndPoint: 127.0.0.1:58456
TpTrace Verbose: 0 : 4032, 10, 2022/11/09, 22:21:43.041, 2792162803669, vstest.console.dll, TestRequestSender.OnExecutionMessageReceived: Received message: {"Version":7,"MessageType":"TestSession.Message","Payload":{"MessageLevel":0,"Message":"Running all tests in H:\\PROJECTS\\OOP_Term\\SolutionTest\\bin\\Debug\\net48\\fine-code-coverage\\build-output\\DLL.dll"}}
TpTrace Verbose: 0 : 4032, 10, 2022/11/09, 22:21:43.041, 2792162804850, vstest.console.dll, TestRunRequest:SendTestRunMessage: Starting.
TpTrace Verbose: 0 : 4032, 10, 2022/11/09, 22:21:43.041, 2792162805518, vstest.console.dll, MulticastDelegateUtilities.SafeInvoke: TestRun.LogMessages: Invoking callback 1/1 for Microsoft.VisualStudio.TestPlatform.CommandLine.TestRunResultAggregator.TestRunMessageHandler, took 0 ms.
TpTrace Verbose: 0 : 4032, 4, 2022/11/09, 22:21:43.041, 2792162805694, vstest.console.dll, MulticastDelegateUtilities.SafeInvoke: InternalTestLoggerEvents.SendTestRunMessage: Invoking callback 1/1 for Microsoft.VisualStudio.TestPlatform.CommandLine.Internal.ConsoleLogger.TestMessageHandler, took 0 ms.
TpTrace Information: 0 : 4032, 10, 2022/11/09, 22:21:43.041, 2792162806001, vstest.console.dll, TestRunRequest:SendTestRunMessage: Completed.
TpTrace Verbose: 0 : 4032, 10, 2022/11/09, 22:21:43.041, 2792162806848, vstest.console.dll, MulticastDelegateUtilities.SafeInvoke: LengthPrefixCommunicationChannel: MessageReceived: Invoking callback 1/1 for Microsoft.VisualStudio.TestPlatform.CommunicationUtilities.TestRequestSender+<>c__DisplayClass31_0.<StartTestRun>b__1, took 0 ms.
TpTrace Verbose: 0 : 4032, 10, 2022/11/09, 22:21:43.041, 2792162807215, vstest.console.dll, TcpClientExtensions.MessageLoopAsync: Polling on remoteEndPoint: 127.0.0.1:58457 localEndPoint: 127.0.0.1:58456
TpTrace Verbose: 0 : 4032, 10, 2022/11/09, 22:21:43.513, 2792167524125, vstest.console.dll, TcpClientExtensions.MessageLoopAsync: NotifyDataAvailable remoteEndPoint: 127.0.0.1:58457 localEndPoint: 127.0.0.1:58456
TpTrace Verbose: 0 : 4032, 10, 2022/11/09, 22:21:43.513, 2792167525552, vstest.console.dll, TestRequestSender.OnExecutionMessageReceived: Received message: {"Version":7,"MessageType":"TestSession.Message","Payload":{"MessageLevel":0,"Message":"   NUnit3TestExecutor converted 26 of 26 NUnit test cases"}}
TpTrace Verbose: 0 : 4032, 10, 2022/11/09, 22:21:43.513, 2792167526795, vstest.console.dll, TestRunRequest:SendTestRunMessage: Starting.
TpTrace Verbose: 0 : 4032, 10, 2022/11/09, 22:21:43.513, 2792167527579, vstest.console.dll, MulticastDelegateUtilities.SafeInvoke: TestRun.LogMessages: Invoking callback 1/1 for Microsoft.VisualStudio.TestPlatform.CommandLine.TestRunResultAggregator.TestRunMessageHandler, took 0 ms.
TpTrace Verbose: 0 : 4032, 4, 2022/11/09, 22:21:43.513, 2792167527720, vstest.console.dll, MulticastDelegateUtilities.SafeInvoke: InternalTestLoggerEvents.SendTestRunMessage: Invoking callback 1/1 for Microsoft.VisualStudio.TestPlatform.CommandLine.Internal.ConsoleLogger.TestMessageHandler, took 0 ms.
TpTrace Information: 0 : 4032, 10, 2022/11/09, 22:21:43.513, 2792167528042, vstest.console.dll, TestRunRequest:SendTestRunMessage: Completed.
TpTrace Verbose: 0 : 4032, 10, 2022/11/09, 22:21:43.513, 2792167528956, vstest.console.dll, MulticastDelegateUtilities.SafeInvoke: LengthPrefixCommunicationChannel: MessageReceived: Invoking callback 1/1 for Microsoft.VisualStudio.TestPlatform.CommunicationUtilities.TestRequestSender+<>c__DisplayClass31_0.<StartTestRun>b__1, took 0 ms.
TpTrace Verbose: 0 : 4032, 10, 2022/11/09, 22:21:43.513, 2792167529508, vstest.console.dll, TcpClientExtensions.MessageLoopAsync: Polling on remoteEndPoint: 127.0.0.1:58457 localEndPoint: 127.0.0.1:58456
TpTrace Verbose: 0 : 4032, 10, 2022/11/09, 22:21:43.830, 2792170700348, vstest.console.dll, TcpClientExtensions.MessageLoopAsync: NotifyDataAvailable remoteEndPoint: 127.0.0.1:58457 localEndPoint: 127.0.0.1:58456
TpTrace Verbose: 0 : 4032, 10, 2022/11/09, 22:21:43.831, 2792170704253, vstest.console.dll, TestRequestSender.OnExecutionMessageReceived: Received message: {"Version":7,"MessageType":"TestExecution.StatsChange","Payload":{"NewTestResults":[{"TestCase":{"Id":"ab6cfba7-a909-4852-935c-c0a8150dca5c","FullyQualifiedName":"DLL.ClientTest.Test_ChangeBankID","DisplayName":"Test_ChangeBankID","ExecutorUri":"executor://NUnit3TestExecutor","Source":"H:\\PROJECTS\\OOP_Term\\SolutionTest\\bin\\Debug\\net48\\fine-code-coverage\\build-output\\DLL.dll","CodeFilePath":null,"LineNumber":0,"Properties":[]},"Attachments":[],"Outcome":1,"ErrorMessage":null,"ErrorStackTrace":null,"DisplayName":"Test_ChangeBankID","Messages":[],"ComputerName":"DESKTOP-9COOC3C","Duration":"00:00:00.0390000","StartTime":"2022-11-09T21:21:43+00:00","EndTime":"2022-11-09T21:21:43+00:00","Properties":[]},{"TestCase":{"Id":"3420739a-f73f-ad5c-d598-7998aba35664","FullyQualifiedName":"DLL.ClientTest.Test_ChangeLikes","DisplayName":"Test_ChangeLikes","ExecutorUri":"executor://NUnit3TestExecutor","Source":"H:\\PROJECTS\\OOP_Term\\SolutionTest\\bin\\Debug\\net48\\fine-code-coverage\\build-output\\DLL.dll","CodeFilePath":null,"LineNumber":0,"Properties":[]},"Attachments":[],"Outcome":1,"ErrorMessage":null,"ErrorStackTrace":null,"DisplayName":"Test_ChangeLikes","Messages":[],"ComputerName":"DESKTOP-9COOC3C","Duration":"00:00:00.0200000","StartTime":"2022-11-09T21:21:43+00:00","EndTime":"2022-11-09T21:21:43+00:00","Properties":[]},{"TestCase":{"Id":"47289195-00b8-f4aa-1654-a9f30b7ea55f","FullyQualifiedName":"DLL.ClientTest.Test_ChangePrefer","DisplayName":"Test_ChangePrefer","ExecutorUri":"executor://NUnit3TestExecutor","Source":"H:\\PROJECTS\\OOP_Term\\SolutionTest\\bin\\Debug\\net48\\fine-code-coverage\\build-output\\DLL.dll","CodeFilePath":null,"LineNumber":0,"Properties":[]},"Attachments":[],"Outcome":1,"ErrorMessage":null,"ErrorStackTrace":null,"DisplayName":"Test_ChangePrefer","Messages":[],"ComputerName":"DESKTOP-9COOC3C","Duration":"00:00:00.0000001","StartTime":"2022-11-09T21:21:43+00:00","EndTime":"2022-11-09T21:21:43+00:00","Properties":[]},{"TestCase":{"Id":"3e08308e-4213-8869-ef53-a24c9d343c80","FullyQualifiedName":"DLL.ClientTest.Test_ChangeSurName","DisplayName":"Test_ChangeSurName","ExecutorUri":"executor://NUnit3TestExecutor","Source":"H:\\PROJECTS\\OOP_Term\\SolutionTest\\bin\\Debug\\net48\\fine-code-coverage\\build-output\\DLL.dll","CodeFilePath":null,"LineNumber":0,"Properties":[]},"Attachments":[],"Outcome":1,"ErrorMessage":null,"ErrorStackTrace":null,"DisplayName":"Test_ChangeSurName","Messages":[],"ComputerName":"DESKTOP-9COOC3C","Duration":"00:00:00.0000001","StartTime":"2022-11-09T21:21:43+00:00","EndTime":"2022-11-09T21:21:43+00:00","Properties":[]},{"TestCase":{"Id":"67d75912-ec41-91b4-82c1-c3d2aadea88d","FullyQualifiedName":"DLL.ClientTest.Test_ChangeUserID","DisplayName":"Test_ChangeUserID","ExecutorUri":"executor://NUnit3TestExecutor","Source":"H:\\PROJECTS\\OOP_Term\\SolutionTest\\bin\\Debug\\net48\\fine-code-coverage\\build-output\\DLL.dll","CodeFilePath":null,"LineNumber":0,"Properties":[]},"Attachments":[],"Outcome":1,"ErrorMessage":null,"ErrorStackTrace":null,"DisplayName":"Test_ChangeUserID","Messages":[],"ComputerName":"DESKTOP-9COOC3C","Duration":"00:00:00.0000001","StartTime":"2022-11-09T21:21:43+00:00","EndTime":"2022-11-09T21:21:43+00:00","Properties":[]},{"TestCase":{"Id":"713a576e-c344-c3c6-1498-f9d4003e9a40","FullyQualifiedName":"DLL.ClientTest.Test_ChangName","DisplayName":"Test_ChangName","ExecutorUri":"executor://NUnit3TestExecutor","Source":"H:\\PROJECTS\\OOP_Term\\SolutionTest\\bin\\Debug\\net48\\fine-code-coverage\\build-output\\DLL.dll","CodeFilePath":null,"LineNumber":0,"Properties":[]},"Attachments":[],"Outcome":1,"ErrorMessage":null,"ErrorStackTrace":null,"DisplayName":"Test_ChangName","Messages":[],"ComputerName":"DESKTOP-9COOC3C","Duration":"00:00:00.0000001","StartTime":"2022-11-09T21:21:43+00:00","EndTime":"2022-11-09T21:21:43+00:00","Properties":[]},{"TestCase":{"Id":"a1ec189b-32d7-4269-c0fd-757fa536b6eb","FullyQualifiedName":"DLL.ClientTest.Test_Construct","DisplayName":"Test_Construct","ExecutorUri":"executor://NUnit3TestExecutor","Source":"H:\\PROJECTS\\OOP_Term\\SolutionTest\\bin\\Debug\\net48\\fine-code-coverage\\build-output\\DLL.dll","CodeFilePath":null,"LineNumber":0,"Properties":[]},"Attachments":[],"Outcome":1,"ErrorMessage":null,"ErrorStackTrace":null,"DisplayName":"Test_Construct","Messages":[],"ComputerName":"DESKTOP-9COOC3C","Duration":"00:00:00.0170000","StartTime":"2022-11-09T21:21:43+00:00","EndTime":"2022-11-09T21:21:43+00:00","Properties":[]},{"TestCase":{"Id":"91b24253-10ea-611c-97b0-960f6a959d49","FullyQualifiedName":"DLL.ClientTest.Test_Getdata","DisplayName":"Test_Getdata","ExecutorUri":"executor://NUnit3TestExecutor","Source":"H:\\PROJECTS\\OOP_Term\\SolutionTest\\bin\\Debug\\net48\\fine-code-coverage\\build-output\\DLL.dll","CodeFilePath":null,"LineNumber":0,"Properties":[]},"Attachments":[],"Outcome":1,"ErrorMessage":null,"ErrorStackTrace":null,"DisplayName":"Test_Getdata","Messages":[],"ComputerName":"DESKTOP-9COOC3C","Duration":"00:00:00.0010000","StartTime":"2022-11-09T21:21:43+00:00","EndTime":"2022-11-09T21:21:43+00:00","Properties":[]},{"TestCase":{"Id":"91d72ed9-879a-c1b9-623b-e204d6ade39d","FullyQualifiedName":"DLL.EstateTest.Test_ChangeAvail","DisplayName":"Test_ChangeAvail","ExecutorUri":"executor://NUnit3TestExecutor","Source":"H:\\PROJECTS\\OOP_Term\\SolutionTest\\bin\\Debug\\net48\\fine-code-coverage\\build-output\\DLL.dll","CodeFilePath":null,"LineNumber":0,"Properties":[]},"Attachments":[],"Outcome":1,"ErrorMessage":null,"ErrorStackTrace":null,"DisplayName":"Test_ChangeAvail","Messages":[],"ComputerName":"DESKTOP-9COOC3C","Duration":"00:00:00.0010000","StartTime":"2022-11-09T21:21:43+00:00","EndTime":"2022-11-09T21:21:43+00:00","Properties":[]}],"TestRunStatistics":{"ExecutedTests":9,"Stats":{"Passed":9}},"ActiveTests":[{"Id":"f7fa3f3a-a209-4c84-2e5c-4823b9280038","FullyQualifiedName":"DLL.EstateTest.Test_ChangeCost","DisplayName":"Test_ChangeCost","ExecutorUri":"executor://NUnit3TestExecutor","Source":"H:\\PROJECTS\\OOP_Term\\SolutionTest\\bin\\Debug\\net48\\fine-code-coverage\\build-output\\DLL.dll","CodeFilePath":null,"LineNumber":0,"Properties":[]}]}}
TpTrace Verbose: 0 : 4032, 10, 2022/11/09, 22:21:43.860, 2792170999799, vstest.console.dll, TestRunRequest:SendTestRunStatsChange: Starting.
TpTrace Verbose: 0 : 4032, 10, 2022/11/09, 22:21:43.860, 2792171001694, vstest.console.dll, InProgress is Test_ChangeCost
TpTrace Verbose: 0 : 4032, 10, 2022/11/09, 22:21:43.861, 2792171004617, vstest.console.dll, MulticastDelegateUtilities.SafeInvoke: TestRun.RunStatsChanged: Invoking callbacks was skipped because there are no subscribers.
TpTrace Information: 0 : 4032, 10, 2022/11/09, 22:21:43.861, 2792171005136, vstest.console.dll, TestRunRequest:SendTestRunStatsChange: Completed.
TpTrace Verbose: 0 : 4032, 10, 2022/11/09, 22:21:43.861, 2792171005729, vstest.console.dll, MulticastDelegateUtilities.SafeInvoke: LengthPrefixCommunicationChannel: MessageReceived: Invoking callback 1/1 for Microsoft.VisualStudio.TestPlatform.CommunicationUtilities.TestRequestSender+<>c__DisplayClass31_0.<StartTestRun>b__1, took 30 ms.
TpTrace Verbose: 0 : 4032, 10, 2022/11/09, 22:21:43.861, 2792171006234, vstest.console.dll, TcpClientExtensions.MessageLoopAsync: Polling on remoteEndPoint: 127.0.0.1:58457 localEndPoint: 127.0.0.1:58456
TpTrace Verbose: 0 : 4032, 4, 2022/11/09, 22:21:43.871, 2792171105409, vstest.console.dll, MulticastDelegateUtilities.SafeInvoke: InternalTestLoggerEvents.SendTestResult: Invoking callback 1/1 for Microsoft.VisualStudio.TestPlatform.CommandLine.Internal.ConsoleLogger.TestResultHandler, took 10 ms.
TpTrace Verbose: 0 : 4032, 4, 2022/11/09, 22:21:43.871, 2792171107230, vstest.console.dll, MulticastDelegateUtilities.SafeInvoke: InternalTestLoggerEvents.SendTestResult: Invoking callback 1/1 for Microsoft.VisualStudio.TestPlatform.CommandLine.Internal.ConsoleLogger.TestResultHandler, took 0 ms.
TpTrace Verbose: 0 : 4032, 4, 2022/11/09, 22:21:43.871, 2792171107987, vstest.console.dll, MulticastDelegateUtilities.SafeInvoke: InternalTestLoggerEvents.SendTestResult: Invoking callback 1/1 for Microsoft.VisualStudio.TestPlatform.CommandLine.Internal.ConsoleLogger.TestResultHandler, took 0 ms.
TpTrace Verbose: 0 : 4032, 4, 2022/11/09, 22:21:43.871, 2792171108644, vstest.console.dll, MulticastDelegateUtilities.SafeInvoke: InternalTestLoggerEvents.SendTestResult: Invoking callback 1/1 for Microsoft.VisualStudio.TestPlatform.CommandLine.Internal.ConsoleLogger.TestResultHandler, took 0 ms.
TpTrace Verbose: 0 : 4032, 4, 2022/11/09, 22:21:43.871, 2792171109340, vstest.console.dll, MulticastDelegateUtilities.SafeInvoke: InternalTestLoggerEvents.SendTestResult: Invoking callback 1/1 for Microsoft.VisualStudio.TestPlatform.CommandLine.Internal.ConsoleLogger.TestResultHandler, took 0 ms.
TpTrace Verbose: 0 : 4032, 4, 2022/11/09, 22:21:43.871, 2792171110025, vstest.console.dll, MulticastDelegateUtilities.SafeInvoke: InternalTestLoggerEvents.SendTestResult: Invoking callback 1/1 for Microsoft.VisualStudio.TestPlatform.CommandLine.Internal.ConsoleLogger.TestResultHandler, took 0 ms.
TpTrace Verbose: 0 : 4032, 4, 2022/11/09, 22:21:43.871, 2792171110671, vstest.console.dll, MulticastDelegateUtilities.SafeInvoke: InternalTestLoggerEvents.SendTestResult: Invoking callback 1/1 for Microsoft.VisualStudio.TestPlatform.CommandLine.Internal.ConsoleLogger.TestResultHandler, took 0 ms.
TpTrace Verbose: 0 : 4032, 4, 2022/11/09, 22:21:43.871, 2792171111380, vstest.console.dll, MulticastDelegateUtilities.SafeInvoke: InternalTestLoggerEvents.SendTestResult: Invoking callback 1/1 for Microsoft.VisualStudio.TestPlatform.CommandLine.Internal.ConsoleLogger.TestResultHandler, took 0 ms.
TpTrace Verbose: 0 : 4032, 4, 2022/11/09, 22:21:43.872, 2792171112059, vstest.console.dll, MulticastDelegateUtilities.SafeInvoke: InternalTestLoggerEvents.SendTestResult: Invoking callback 1/1 for Microsoft.VisualStudio.TestPlatform.CommandLine.Internal.ConsoleLogger.TestResultHandler, took 0 ms.
TpTrace Verbose: 0 : 4032, 10, 2022/11/09, 22:21:43.883, 2792171225276, vstest.console.dll, TcpClientExtensions.MessageLoopAsync: NotifyDataAvailable remoteEndPoint: 127.0.0.1:58457 localEndPoint: 127.0.0.1:58456
TpTrace Verbose: 0 : 4032, 10, 2022/11/09, 22:21:43.883, 2792171230071, vstest.console.dll, TestRequestSender.OnExecutionMessageReceived: Received message: {"Version":7,"MessageType":"TestExecution.StatsChange","Payload":{"NewTestResults":[{"TestCase":{"Id":"f7fa3f3a-a209-4c84-2e5c-4823b9280038","FullyQualifiedName":"DLL.EstateTest.Test_ChangeCost","DisplayName":"Test_ChangeCost","ExecutorUri":"executor://NUnit3TestExecutor","Source":"H:\\PROJECTS\\OOP_Term\\SolutionTest\\bin\\Debug\\net48\\fine-code-coverage\\build-output\\DLL.dll","CodeFilePath":null,"LineNumber":0,"Properties":[]},"Attachments":[],"Outcome":1,"ErrorMessage":null,"ErrorStackTrace":null,"DisplayName":"Test_ChangeCost","Messages":[],"ComputerName":"DESKTOP-9COOC3C","Duration":"00:00:00.0020000","StartTime":"2022-11-09T21:21:43+00:00","EndTime":"2022-11-09T21:21:43+00:00","Properties":[]},{"TestCase":{"Id":"6cb32652-5755-66e3-d5d2-bb438886b851","FullyQualifiedName":"DLL.EstateTest.Test_ChangeId","DisplayName":"Test_ChangeId","ExecutorUri":"executor://NUnit3TestExecutor","Source":"H:\\PROJECTS\\OOP_Term\\SolutionTest\\bin\\Debug\\net48\\fine-code-coverage\\build-output\\DLL.dll","CodeFilePath":null,"LineNumber":0,"Properties":[]},"Attachments":[],"Outcome":1,"ErrorMessage":null,"ErrorStackTrace":null,"DisplayName":"Test_ChangeId","Messages":[],"ComputerName":"DESKTOP-9COOC3C","Duration":"00:00:00.0000001","StartTime":"2022-11-09T21:21:43+00:00","EndTime":"2022-11-09T21:21:43+00:00","Properties":[]},{"TestCase":{"Id":"a21660a8-d151-0855-1d18-2569236ff916","FullyQualifiedName":"DLL.EstateTest.Test_ChangeSq","DisplayName":"Test_ChangeSq","ExecutorUri":"executor://NUnit3TestExecutor","Source":"H:\\PROJECTS\\OOP_Term\\SolutionTest\\bin\\Debug\\net48\\fine-code-coverage\\build-output\\DLL.dll","CodeFilePath":null,"LineNumber":0,"Properties":[]},"Attachments":[],"Outcome":1,"ErrorMessage":null,"ErrorStackTrace":null,"DisplayName":"Test_ChangeSq","Messages":[],"ComputerName":"DESKTOP-9COOC3C","Duration":"00:00:00.0000001","StartTime":"2022-11-09T21:21:43+00:00","EndTime":"2022-11-09T21:21:43+00:00","Properties":[]},{"TestCase":{"Id":"43d5b52c-4aea-1ba6-9690-883586e1f87c","FullyQualifiedName":"DLL.EstateTest.Test_ChangeType","DisplayName":"Test_ChangeType","ExecutorUri":"executor://NUnit3TestExecutor","Source":"H:\\PROJECTS\\OOP_Term\\SolutionTest\\bin\\Debug\\net48\\fine-code-coverage\\build-output\\DLL.dll","CodeFilePath":null,"LineNumber":0,"Properties":[]},"Attachments":[],"Outcome":1,"ErrorMessage":null,"ErrorStackTrace":null,"DisplayName":"Test_ChangeType","Messages":[],"ComputerName":"DESKTOP-9COOC3C","Duration":"00:00:00.0000001","StartTime":"2022-11-09T21:21:43+00:00","EndTime":"2022-11-09T21:21:43+00:00","Properties":[]},{"TestCase":{"Id":"2ec10d9b-d62f-395c-f4b7-66f0e0e9c3e6","FullyQualifiedName":"DLL.EstateTest.Test_Construct","DisplayName":"Test_Construct","ExecutorUri":"executor://NUnit3TestExecutor","Source":"H:\\PROJECTS\\OOP_Term\\SolutionTest\\bin\\Debug\\net48\\fine-code-coverage\\build-output\\DLL.dll","CodeFilePath":null,"LineNumber":0,"Properties":[]},"Attachments":[],"Outcome":1,"ErrorMessage":null,"ErrorStackTrace":null,"DisplayName":"Test_Construct","Messages":[],"ComputerName":"DESKTOP-9COOC3C","Duration":"00:00:00.0000001","StartTime":"2022-11-09T21:21:43+00:00","EndTime":"2022-11-09T21:21:43+00:00","Properties":[]},{"TestCase":{"Id":"d38bb28a-0d26-4872-5ecd-3916ffa4f648","FullyQualifiedName":"DLL.EstateTest.Test_Getdata","DisplayName":"Test_Getdata","ExecutorUri":"executor://NUnit3TestExecutor","Source":"H:\\PROJECTS\\OOP_Term\\SolutionTest\\bin\\Debug\\net48\\fine-code-coverage\\build-output\\DLL.dll","CodeFilePath":null,"LineNumber":0,"Properties":[]},"Attachments":[],"Outcome":1,"ErrorMessage":null,"ErrorStackTrace":null,"DisplayName":"Test_Getdata","Messages":[],"ComputerName":"DESKTOP-9COOC3C","Duration":"00:00:00.0010000","StartTime":"2022-11-09T21:21:43+00:00","EndTime":"2022-11-09T21:21:43+00:00","Properties":[]},{"TestCase":{"Id":"a2c00111-d5c1-ca41-967d-dedaa5a8625e","FullyQualifiedName":"DLL.ExceptionTest.Test_ExceptionMaking","DisplayName":"Test_ExceptionMaking","ExecutorUri":"executor://NUnit3TestExecutor","Source":"H:\\PROJECTS\\OOP_Term\\SolutionTest\\bin\\Debug\\net48\\fine-code-coverage\\build-output\\DLL.dll","CodeFilePath":null,"LineNumber":0,"Properties":[]},"Attachments":[],"Outcome":1,"ErrorMessage":null,"ErrorStackTrace":null,"DisplayName":"Test_ExceptionMaking","Messages":[],"ComputerName":"DESKTOP-9COOC3C","Duration":"00:00:00.1180000","StartTime":"2022-11-09T21:21:43+00:00","EndTime":"2022-11-09T21:21:43+00:00","Properties":[]},{"TestCase":{"Id":"f5635f22-ad8e-ad33-3318-0ad7f57b201d","FullyQualifiedName":"DLL.ExceptionTest.TestErrorAlreadyExist","DisplayName":"TestErrorAlreadyExist","ExecutorUri":"executor://NUnit3TestExecutor","Source":"H:\\PROJECTS\\OOP_Term\\SolutionTest\\bin\\Debug\\net48\\fine-code-coverage\\build-output\\DLL.dll","CodeFilePath":null,"LineNumber":0,"Properties":[]},"Attachments":[],"Outcome":1,"ErrorMessage":null,"ErrorStackTrace":null,"DisplayName":"TestErrorAlreadyExist","Messages":[],"ComputerName":"DESKTOP-9COOC3C","Duration":"00:00:00.0000001","StartTime":"2022-11-09T21:21:43+00:00","EndTime":"2022-11-09T21:21:43+00:00","Properties":[]},{"TestCase":{"Id":"12212547-cb11-72b5-f097-713e3ab07fd6","FullyQualifiedName":"DLL.ExceptionTest.TestErrorID","DisplayName":"TestErrorID","ExecutorUri":"executor://NUnit3TestExecutor","Source":"H:\\PROJECTS\\OOP_Term\\SolutionTest\\bin\\Debug\\net48\\fine-code-coverage\\build-output\\DLL.dll","CodeFilePath":null,"LineNumber":0,"Properties":[]},"Attachments":[],"Outcome":1,"ErrorMessage":null,"ErrorStackTrace":null,"DisplayName":"TestErrorID","Messages":[],"ComputerName":"DESKTOP-9COOC3C","Duration":"00:00:00.0000001","StartTime":"2022-11-09T21:21:43+00:00","EndTime":"2022-11-09T21:21:43+00:00","Properties":[]}],"TestRunStatistics":{"ExecutedTests":18,"Stats":{"Passed":18}},"ActiveTests":[{"Id":"f572b79e-6a8e-c446-765e-f9c36508f763","FullyQualifiedName":"DLL.ExceptionTest.TestErrorNullFile","DisplayName":"TestErrorNullFile","ExecutorUri":"executor://NUnit3TestExecutor","Source":"H:\\PROJECTS\\OOP_Term\\SolutionTest\\bin\\Debug\\net48\\fine-code-coverage\\build-output\\DLL.dll","CodeFilePath":null,"LineNumber":0,"Properties":[]}]}}
TpTrace Verbose: 0 : 4032, 10, 2022/11/09, 22:21:43.884, 2792171241911, vstest.console.dll, TestRunRequest:SendTestRunStatsChange: Starting.
TpTrace Verbose: 0 : 4032, 10, 2022/11/09, 22:21:43.885, 2792171242769, vstest.console.dll, InProgress is TestErrorNullFile
TpTrace Verbose: 0 : 4032, 10, 2022/11/09, 22:21:43.885, 2792171243637, vstest.console.dll, MulticastDelegateUtilities.SafeInvoke: TestRun.RunStatsChanged: Invoking callbacks was skipped because there are no subscribers.
TpTrace Information: 0 : 4032, 10, 2022/11/09, 22:21:43.885, 2792171244117, vstest.console.dll, TestRunRequest:SendTestRunStatsChange: Completed.
TpTrace Verbose: 0 : 4032, 4, 2022/11/09, 22:21:43.885, 2792171244404, vstest.console.dll, MulticastDelegateUtilities.SafeInvoke: InternalTestLoggerEvents.SendTestResult: Invoking callback 1/1 for Microsoft.VisualStudio.TestPlatform.CommandLine.Internal.ConsoleLogger.TestResultHandler, took 0 ms.
TpTrace Verbose: 0 : 4032, 10, 2022/11/09, 22:21:43.885, 2792171244665, vstest.console.dll, MulticastDelegateUtilities.SafeInvoke: LengthPrefixCommunicationChannel: MessageReceived: Invoking callback 1/1 for Microsoft.VisualStudio.TestPlatform.CommunicationUtilities.TestRequestSender+<>c__DisplayClass31_0.<StartTestRun>b__1, took 1 ms.
TpTrace Verbose: 0 : 4032, 4, 2022/11/09, 22:21:43.885, 2792171245540, vstest.console.dll, MulticastDelegateUtilities.SafeInvoke: InternalTestLoggerEvents.SendTestResult: Invoking callback 1/1 for Microsoft.VisualStudio.TestPlatform.CommandLine.Internal.ConsoleLogger.TestResultHandler, took 0 ms.
TpTrace Verbose: 0 : 4032, 10, 2022/11/09, 22:21:43.885, 2792171246026, vstest.console.dll, TcpClientExtensions.MessageLoopAsync: Polling on remoteEndPoint: 127.0.0.1:58457 localEndPoint: 127.0.0.1:58456
TpTrace Verbose: 0 : 4032, 4, 2022/11/09, 22:21:43.885, 2792171246770, vstest.console.dll, MulticastDelegateUtilities.SafeInvoke: InternalTestLoggerEvents.SendTestResult: Invoking callback 1/1 for Microsoft.VisualStudio.TestPlatform.CommandLine.Internal.ConsoleLogger.TestResultHandler, took 0 ms.
TpTrace Verbose: 0 : 4032, 4, 2022/11/09, 22:21:43.885, 2792171247638, vstest.console.dll, MulticastDelegateUtilities.SafeInvoke: InternalTestLoggerEvents.SendTestResult: Invoking callback 1/1 for Microsoft.VisualStudio.TestPlatform.CommandLine.Internal.ConsoleLogger.TestResultHandler, took 0 ms.
TpTrace Verbose: 0 : 4032, 4, 2022/11/09, 22:21:43.885, 2792171248298, vstest.console.dll, MulticastDelegateUtilities.SafeInvoke: InternalTestLoggerEvents.SendTestResult: Invoking callback 1/1 for Microsoft.VisualStudio.TestPlatform.CommandLine.Internal.ConsoleLogger.TestResultHandler, took 0 ms.
TpTrace Verbose: 0 : 4032, 4, 2022/11/09, 22:21:43.885, 2792171249199, vstest.console.dll, MulticastDelegateUtilities.SafeInvoke: InternalTestLoggerEvents.SendTestResult: Invoking callback 1/1 for Microsoft.VisualStudio.TestPlatform.CommandLine.Internal.ConsoleLogger.TestResultHandler, took 0 ms.
TpTrace Verbose: 0 : 4032, 4, 2022/11/09, 22:21:43.885, 2792171249899, vstest.console.dll, MulticastDelegateUtilities.SafeInvoke: InternalTestLoggerEvents.SendTestResult: Invoking callback 1/1 for Microsoft.VisualStudio.TestPlatform.CommandLine.Internal.ConsoleLogger.TestResultHandler, took 0 ms.
TpTrace Verbose: 0 : 4032, 4, 2022/11/09, 22:21:43.885, 2792171250643, vstest.console.dll, MulticastDelegateUtilities.SafeInvoke: InternalTestLoggerEvents.SendTestResult: Invoking callback 1/1 for Microsoft.VisualStudio.TestPlatform.CommandLine.Internal.ConsoleLogger.TestResultHandler, took 0 ms.
TpTrace Verbose: 0 : 4032, 4, 2022/11/09, 22:21:43.885, 2792171251349, vstest.console.dll, MulticastDelegateUtilities.SafeInvoke: InternalTestLoggerEvents.SendTestResult: Invoking callback 1/1 for Microsoft.VisualStudio.TestPlatform.CommandLine.Internal.ConsoleLogger.TestResultHandler, took 0 ms.
TpTrace Verbose: 0 : 4032, 10, 2022/11/09, 22:21:43.968, 2792172077887, vstest.console.dll, TcpClientExtensions.MessageLoopAsync: NotifyDataAvailable remoteEndPoint: 127.0.0.1:58457 localEndPoint: 127.0.0.1:58456
TpTrace Verbose: 0 : 4032, 10, 2022/11/09, 22:21:43.968, 2792172079687, vstest.console.dll, TestRequestSender.OnExecutionMessageReceived: Received message: {"Version":7,"MessageType":"TestSession.Message","Payload":{"MessageLevel":0,"Message":"NUnit Adapter 3.16.1.0: Test execution complete"}}
TpTrace Verbose: 0 : 4032, 10, 2022/11/09, 22:21:43.968, 2792172081094, vstest.console.dll, TestRunRequest:SendTestRunMessage: Starting.
TpTrace Verbose: 0 : 4032, 10, 2022/11/09, 22:21:43.968, 2792172081847, vstest.console.dll, MulticastDelegateUtilities.SafeInvoke: TestRun.LogMessages: Invoking callback 1/1 for Microsoft.VisualStudio.TestPlatform.CommandLine.TestRunResultAggregator.TestRunMessageHandler, took 0 ms.
TpTrace Information: 0 : 4032, 10, 2022/11/09, 22:21:43.969, 2792172082327, vstest.console.dll, TestRunRequest:SendTestRunMessage: Completed.
TpTrace Verbose: 0 : 4032, 4, 2022/11/09, 22:21:43.969, 2792172082623, vstest.console.dll, MulticastDelegateUtilities.SafeInvoke: InternalTestLoggerEvents.SendTestRunMessage: Invoking callback 1/1 for Microsoft.VisualStudio.TestPlatform.CommandLine.Internal.ConsoleLogger.TestMessageHandler, took 0 ms.
TpTrace Verbose: 0 : 4032, 10, 2022/11/09, 22:21:43.969, 2792172082809, vstest.console.dll, MulticastDelegateUtilities.SafeInvoke: LengthPrefixCommunicationChannel: MessageReceived: Invoking callback 1/1 for Microsoft.VisualStudio.TestPlatform.CommunicationUtilities.TestRequestSender+<>c__DisplayClass31_0.<StartTestRun>b__1, took 0 ms.
TpTrace Verbose: 0 : 4032, 10, 2022/11/09, 22:21:43.969, 2792172084159, vstest.console.dll, TcpClientExtensions.MessageLoopAsync: Polling on remoteEndPoint: 127.0.0.1:58457 localEndPoint: 127.0.0.1:58456
TpTrace Verbose: 0 : 4032, 10, 2022/11/09, 22:21:44.017, 2792172563976, vstest.console.dll, TcpClientExtensions.MessageLoopAsync: NotifyDataAvailable remoteEndPoint: 127.0.0.1:58457 localEndPoint: 127.0.0.1:58456
TpTrace Verbose: 0 : 4032, 10, 2022/11/09, 22:21:44.017, 2792172567193, vstest.console.dll, TestRequestSender.OnExecutionMessageReceived: Received message: {"Version":7,"MessageType":"TestExecution.Completed","Payload":{"TestRunCompleteArgs":{"TestRunStatistics":{"ExecutedTests":26,"Stats":{"Passed":26}},"IsCanceled":false,"IsAborted":false,"Error":null,"AttachmentSets":[],"InvokedDataCollectors":[],"ElapsedTimeInRunningTests":"00:00:01.0316364","Metrics":{},"DiscoveredExtensions":{"TestDiscoverers":["NUnit.VisualStudio.TestAdapter.NUnit3TestDiscoverer, NUnit3.TestAdapter, Version=3.16.1.0, Culture=neutral, PublicKeyToken=4cb40d35494691ac"],"TestExecutors":["executor://NUnit3TestExecutor"],"TestExecutors2":[],"TestSettingsProviders":[]}},"LastRunTests":{"NewTestResults":[{"TestCase":{"Id":"f572b79e-6a8e-c446-765e-f9c36508f763","FullyQualifiedName":"DLL.ExceptionTest.TestErrorNullFile","DisplayName":"TestErrorNullFile","ExecutorUri":"executor://NUnit3TestExecutor","Source":"H:\\PROJECTS\\OOP_Term\\SolutionTest\\bin\\Debug\\net48\\fine-code-coverage\\build-output\\DLL.dll","CodeFilePath":null,"LineNumber":0,"Properties":[]},"Attachments":[],"Outcome":1,"ErrorMessage":null,"ErrorStackTrace":null,"DisplayName":"TestErrorNullFile","Messages":[],"ComputerName":"DESKTOP-9COOC3C","Duration":"00:00:00.0000001","StartTime":"2022-11-09T21:21:43+00:00","EndTime":"2022-11-09T21:21:43+00:00","Properties":[]},{"TestCase":{"Id":"eaf235d9-c605-3fe3-1410-4ea4305c4dc7","FullyQualifiedName":"DLL.ExceptionTest.TestErrorWrongSer","DisplayName":"TestErrorWrongSer","ExecutorUri":"executor://NUnit3TestExecutor","Source":"H:\\PROJECTS\\OOP_Term\\SolutionTest\\bin\\Debug\\net48\\fine-code-coverage\\build-output\\DLL.dll","CodeFilePath":null,"LineNumber":0,"Properties":[]},"Attachments":[],"Outcome":1,"ErrorMessage":null,"ErrorStackTrace":null,"DisplayName":"TestErrorWrongSer","Messages":[],"ComputerName":"DESKTOP-9COOC3C","Duration":"00:00:00.0000001","StartTime":"2022-11-09T21:21:43+00:00","EndTime":"2022-11-09T21:21:43+00:00","Properties":[]},{"TestCase":{"Id":"46abc891-0044-27c2-c8f5-36505538b674","FullyQualifiedName":"DLL.ExceptionTest.TestInputError","DisplayName":"TestInputError","ExecutorUri":"executor://NUnit3TestExecutor","Source":"H:\\PROJECTS\\OOP_Term\\SolutionTest\\bin\\Debug\\net48\\fine-code-coverage\\build-output\\DLL.dll","CodeFilePath":null,"LineNumber":0,"Properties":[]},"Attachments":[],"Outcome":1,"ErrorMessage":null,"ErrorStackTrace":null,"DisplayName":"TestInputError","Messages":[],"ComputerName":"DESKTOP-9COOC3C","Duration":"00:00:00.0000001","StartTime":"2022-11-09T21:21:43+00:00","EndTime":"2022-11-09T21:21:43+00:00","Properties":[]},{"TestCase":{"Id":"83a988c8-b968-6d8a-fa6d-daebc38972a6","FullyQualifiedName":"DLL.InputsTest.Test_InputBankID","DisplayName":"Test_InputBankID","ExecutorUri":"executor://NUnit3TestExecutor","Source":"H:\\PROJECTS\\OOP_Term\\SolutionTest\\bin\\Debug\\net48\\fine-code-coverage\\build-output\\DLL.dll","CodeFilePath":null,"LineNumber":0,"Properties":[]},"Attachments":[],"Outcome":1,"ErrorMessage":null,"ErrorStackTrace":null,"DisplayName":"Test_InputBankID","Messages":[{"Category":"StdOutMsgs","Text":"Enter the IBAN of the bank account (2 up letters & 8 digits):\r\n"}],"ComputerName":"DESKTOP-9COOC3C","Duration":"00:00:00.0150000","StartTime":"2022-11-09T21:21:43+00:00","EndTime":"2022-11-09T21:21:43+00:00","Properties":[]},{"TestCase":{"Id":"71be3843-6714-743e-84ff-31ca4a7bb8e0","FullyQualifiedName":"DLL.InputsTest.Test_InputFirstName","DisplayName":"Test_InputFirstName","ExecutorUri":"executor://NUnit3TestExecutor","Source":"H:\\PROJECTS\\OOP_Term\\SolutionTest\\bin\\Debug\\net48\\fine-code-coverage\\build-output\\DLL.dll","CodeFilePath":null,"LineNumber":0,"Properties":[]},"Attachments":[],"Outcome":1,"ErrorMessage":null,"ErrorStackTrace":null,"DisplayName":"Test_InputFirstName","Messages":[{"Category":"StdOutMsgs","Text":"Enter Name(example Adam):\r\n"}],"ComputerName":"DESKTOP-9COOC3C","Duration":"00:00:00.0000001","StartTime":"2022-11-09T21:21:43+00:00","EndTime":"2022-11-09T21:21:43+00:00","Properties":[]},{"TestCase":{"Id":"379f09d7-6297-4539-9995-12e58a1611e3","FullyQualifiedName":"DLL.InputsTest.Test_InputLastName","DisplayName":"Test_InputLastName","ExecutorUri":"executor://NUnit3TestExecutor","Source":"H:\\PROJECTS\\OOP_Term\\SolutionTest\\bin\\Debug\\net48\\fine-code-coverage\\build-output\\DLL.dll","CodeFilePath":null,"LineNumber":0,"Properties":[]},"Attachments":[],"Outcome":1,"ErrorMessage":null,"ErrorStackTrace":null,"DisplayName":"Test_InputLastName","Messages":[{"Category":"StdOutMsgs","Text":"Enter Surname(example Green):\r\n"}],"ComputerName":"DESKTOP-9COOC3C","Duration":"00:00:00.0000001","StartTime":"2022-11-09T21:21:43+00:00","EndTime":"2022-11-09T21:21:43+00:00","Properties":[]},{"TestCase":{"Id":"59ea2424-88ed-9b70-ed89-a27d45a8e427","FullyQualifiedName":"DLL.ProposalControlTest.Test_SelectBoundProp","DisplayName":"Test_SelectBoundProp","ExecutorUri":"executor://NUnit3TestExecutor","Source":"H:\\PROJECTS\\OOP_Term\\SolutionTest\\bin\\Debug\\net48\\fine-code-coverage\\build-output\\DLL.dll","CodeFilePath":null,"LineNumber":0,"Properties":[]},"Attachments":[],"Outcome":1,"ErrorMessage":null,"ErrorStackTrace":null,"DisplayName":"Test_SelectBoundProp","Messages":[],"ComputerName":"DESKTOP-9COOC3C","Duration":"00:00:00.0090000","StartTime":"2022-11-09T21:21:43+00:00","EndTime":"2022-11-09T21:21:43+00:00","Properties":[]},{"TestCase":{"Id":"dc9a7d5d-2bb5-47c2-6d7b-855ba10e31d5","FullyQualifiedName":"DLL.ProposalControlTest.Test_SelectDefaultProp","DisplayName":"Test_SelectDefaultProp","ExecutorUri":"executor://NUnit3TestExecutor","Source":"H:\\PROJECTS\\OOP_Term\\SolutionTest\\bin\\Debug\\net48\\fine-code-coverage\\build-output\\DLL.dll","CodeFilePath":null,"LineNumber":0,"Properties":[]},"Attachments":[],"Outcome":1,"ErrorMessage":null,"ErrorStackTrace":null,"DisplayName":"Test_SelectDefaultProp","Messages":[],"ComputerName":"DESKTOP-9COOC3C","Duration":"00:00:00.0010000","StartTime":"2022-11-09T21:21:43+00:00","EndTime":"2022-11-09T21:21:43+00:00","Properties":[]}],"TestRunStatistics":{"ExecutedTests":26,"Stats":{"Passed":26}},"ActiveTests":[]},"RunAttachments":[],"ExecutorUris":["executor://nunit3testexecutor/"]}}
TpTrace Verbose: 0 : 4032, 10, 2022/11/09, 22:21:44.017, 2792172569203, vstest.console.dll, TestRequestSender.EndSession: Sending end session.
TpTrace Verbose: 0 : 4032, 10, 2022/11/09, 22:21:44.017, 2792172571086, vstest.console.dll, ProxyOperationManager.Close: waiting for test host to exit for 100 ms
TpTrace Warning: 0 : 4032, 12, 2022/11/09, 22:21:44.028, 2792172677476, vstest.console.dll, TestHostManagerCallbacks.ErrorReceivedCallback Test host standard error line: 
TpTrace Verbose: 0 : 4032, 12, 2022/11/09, 22:21:44.042, 2792172812907, vstest.console.dll, TestHostProvider.ExitCallBack: Host exited starting callback.
TpTrace Information: 0 : 4032, 12, 2022/11/09, 22:21:44.042, 2792172820011, vstest.console.dll, TestHostManagerCallbacks.ExitCallBack: Testhost processId: 6024 exited with exitcode: 0 error: ''
TpTrace Verbose: 0 : 4032, 12, 2022/11/09, 22:21:44.042, 2792172821061, vstest.console.dll, CrossPlatEngine.TestHostManagerHostExited: calling on client process exit callback.
TpTrace Information: 0 : 4032, 10, 2022/11/09, 22:21:44.043, 2792172822689, vstest.console.dll, SocketServer.Stop: Stop server endPoint: 127.0.0.1:58456
TpTrace Information: 0 : 4032, 12, 2022/11/09, 22:21:44.043, 2792172823047, vstest.console.dll, TestRequestSender.OnClientProcessExit: Test host process exited. Standard error: 
TpTrace Information: 0 : 4032, 10, 2022/11/09, 22:21:44.043, 2792172823754, vstest.console.dll, SocketServer.Stop: Cancellation requested. Stopping message loop.
TpTrace Information: 0 : 4032, 12, 2022/11/09, 22:21:44.043, 2792172825335, vstest.console.dll, SocketServer.Stop: Stop server endPoint: 127.0.0.1:58456
TpTrace Information: 0 : 4032, 12, 2022/11/09, 22:21:44.043, 2792172826204, vstest.console.dll, SocketServer.Stop: Cancellation requested. Stopping message loop.
TpTrace Information: 0 : 4032, 10, 2022/11/09, 22:21:44.043, 2792172825864, vstest.console.dll, Closing the connection
TpTrace Verbose: 0 : 4032, 12, 2022/11/09, 22:21:44.043, 2792172827486, vstest.console.dll, MulticastDelegateUtilities.SafeInvoke: HostProviderEvents.OnHostExited: Invoking callback 1/1 for Microsoft.VisualStudio.TestPlatform.CrossPlatEngine.Client.ProxyOperationManager.TestHostManagerHostExited, took 0 ms.
TpTrace Verbose: 0 : 4032, 10, 2022/11/09, 22:21:44.043, 2792172830474, vstest.console.dll, ProxyDataCollectionManager.InvokeDataCollectionServiceAction: Starting.
TpTrace Information: 0 : 4032, 10, 2022/11/09, 22:21:44.043, 2792172831127, vstest.console.dll, ProxyDataCollectionManager.AfterTestRunEnd: Get attachment set and invoked data collectors processId: 1304 port: 58453
TpTrace Verbose: 0 : 4032, 10, 2022/11/09, 22:21:44.043, 2792172831894, vstest.console.dll, DataCollectionRequestSender.SendAfterTestRunStartAndGetResult: Send AfterTestRunEnd message with isCancelled: False
TpTrace Verbose: 0 : 4032, 10, 2022/11/09, 22:21:44.054, 2792172939473, vstest.console.dll, DataCollectionRequestSender.SendAfterTestRunStartAndGetResult: Received message: (DataCollection.AfterTestRunEndResult) -> {"MessageType":"DataCollection.AfterTestRunEndResult","Payload":{"AttachmentSets":[],"InvokedDataCollectors":[{"Uri":"datacollector://Microsoft/TestPlatform/Extensions/Blame/v1","FriendlyName":"Blame","AssemblyQualifiedName":"Microsoft.TestPlatform.Extensions.BlameDataCollector.BlameCollector, Microsoft.TestPlatform.Extensions.BlameDataCollector, Version=15.0.0.0, Culture=neutral, PublicKeyToken=b03f5f7f11d50a3a","FilePath":"C:\\Program Files\\dotnet\\sdk\\6.0.401\\Extensions\\Microsoft.TestPlatform.Extensions.BlameDataCollector.dll","HasAttachmentProcessor":false}],"Metrics":{}}}
TpTrace Warning: 0 : 4032, 8, 2022/11/09, 22:21:44.060, 2792172995996, vstest.console.dll, DataCollectionLauncher.ErrorReceivedCallback datacollector standard error line: 
TpTrace Information: 0 : 4032, 10, 2022/11/09, 22:21:44.061, 2792173004342, vstest.console.dll, ProxyDataCollectionManager.InvokeDataCollectionServiceAction: Completed.
TpTrace Information: 0 : 4032, 8, 2022/11/09, 22:21:44.067, 2792173067921, vstest.console.dll, DataCollectionLauncher.ExitCallBack: Data collector exited with exitcode: 0 error: ''
TpTrace Verbose: 0 : 4032, 10, 2022/11/09, 22:21:44.111, 2792173503308, vstest.console.dll, TestRunRequest:SendTestRunStatsChange: Starting.
TpTrace Verbose: 0 : 4032, 10, 2022/11/09, 22:21:44.111, 2792173505024, vstest.console.dll, MulticastDelegateUtilities.SafeInvoke: TestRun.RunStatsChanged: Invoking callbacks was skipped because there are no subscribers.
TpTrace Verbose: 0 : 4032, 4, 2022/11/09, 22:21:44.111, 2792173505358, vstest.console.dll, MulticastDelegateUtilities.SafeInvoke: InternalTestLoggerEvents.SendTestResult: Invoking callback 1/1 for Microsoft.VisualStudio.TestPlatform.CommandLine.Internal.ConsoleLogger.TestResultHandler, took 0 ms.
TpTrace Information: 0 : 4032, 10, 2022/11/09, 22:21:44.111, 2792173505437, vstest.console.dll, TestRunRequest:SendTestRunStatsChange: Completed.
TpTrace Verbose: 0 : 4032, 4, 2022/11/09, 22:21:44.111, 2792173506542, vstest.console.dll, MulticastDelegateUtilities.SafeInvoke: InternalTestLoggerEvents.SendTestResult: Invoking callback 1/1 for Microsoft.VisualStudio.TestPlatform.CommandLine.Internal.ConsoleLogger.TestResultHandler, took 0 ms.
TpTrace Verbose: 0 : 4032, 4, 2022/11/09, 22:21:44.111, 2792173507377, vstest.console.dll, MulticastDelegateUtilities.SafeInvoke: InternalTestLoggerEvents.SendTestResult: Invoking callback 1/1 for Microsoft.VisualStudio.TestPlatform.CommandLine.Internal.ConsoleLogger.TestResultHandler, took 0 ms.
TpTrace Verbose: 0 : 4032, 10, 2022/11/09, 22:21:44.111, 2792173510077, vstest.console.dll, ParallelProxyExecutionManager: HandlePartialRunComplete: Total completed clients = 1, Run complete = True, Run canceled: False.
TpTrace Verbose: 0 : 4032, 4, 2022/11/09, 22:21:44.114, 2792173532026, vstest.console.dll, MulticastDelegateUtilities.SafeInvoke: InternalTestLoggerEvents.SendTestResult: Invoking callback 1/1 for Microsoft.VisualStudio.TestPlatform.CommandLine.Internal.ConsoleLogger.TestResultHandler, took 2 ms.
TpTrace Verbose: 0 : 4032, 4, 2022/11/09, 22:21:44.114, 2792173532788, vstest.console.dll, MulticastDelegateUtilities.SafeInvoke: InternalTestLoggerEvents.SendTestResult: Invoking callback 1/1 for Microsoft.VisualStudio.TestPlatform.CommandLine.Internal.ConsoleLogger.TestResultHandler, took 0 ms.
TpTrace Verbose: 0 : 4032, 4, 2022/11/09, 22:21:44.114, 2792173533412, vstest.console.dll, MulticastDelegateUtilities.SafeInvoke: InternalTestLoggerEvents.SendTestResult: Invoking callback 1/1 for Microsoft.VisualStudio.TestPlatform.CommandLine.Internal.ConsoleLogger.TestResultHandler, took 0 ms.
TpTrace Verbose: 0 : 4032, 4, 2022/11/09, 22:21:44.114, 2792173533905, vstest.console.dll, MulticastDelegateUtilities.SafeInvoke: InternalTestLoggerEvents.SendTestResult: Invoking callback 1/1 for Microsoft.VisualStudio.TestPlatform.CommandLine.Internal.ConsoleLogger.TestResultHandler, took 0 ms.
TpTrace Verbose: 0 : 4032, 4, 2022/11/09, 22:21:44.114, 2792173534448, vstest.console.dll, MulticastDelegateUtilities.SafeInvoke: InternalTestLoggerEvents.SendTestResult: Invoking callback 1/1 for Microsoft.VisualStudio.TestPlatform.CommandLine.Internal.ConsoleLogger.TestResultHandler, took 0 ms.
TpTrace Verbose: 0 : 4032, 4, 2022/11/09, 22:21:44.121, 2792173602431, vstest.console.dll, MulticastDelegateUtilities.SafeInvoke: InternalTestLoggerEvents.SendTestRunComplete: Invoking callback 1/2 for Microsoft.TestPlatform.Extensions.BlameDataCollector.BlameLogger.TestRunCompleteHandler, took 0 ms.
TpTrace Verbose: 0 : 4032, 4, 2022/11/09, 22:21:44.127, 2792173664274, vstest.console.dll, MulticastDelegateUtilities.SafeInvoke: InternalTestLoggerEvents.SendTestRunComplete: Invoking callback 2/2 for Microsoft.VisualStudio.TestPlatform.CommandLine.Internal.ConsoleLogger.TestRunCompleteHandler, took 6 ms.
TpTrace Verbose: 0 : 4032, 10, 2022/11/09, 22:21:44.127, 2792173666760, vstest.console.dll, TestRunRequest:TestRunComplete: Starting. IsAborted:False IsCanceled:False.
TpTrace Verbose: 0 : 4032, 10, 2022/11/09, 22:21:44.128, 2792173680070, vstest.console.dll, TestLoggerManager.HandleTestRunComplete: Ignoring as the object is disposed.
TpTrace Verbose: 0 : 4032, 10, 2022/11/09, 22:21:44.128, 2792173681938, vstest.console.dll, MulticastDelegateUtilities.SafeInvoke: TestRun.TestRunComplete: Invoking callback 1/2 for Microsoft.VisualStudio.TestPlatform.CommandLine.TestRunResultAggregator.TestRunCompletionHandler, took 0 ms.
TpTrace Verbose: 0 : 4032, 10, 2022/11/09, 22:21:44.129, 2792173682683, vstest.console.dll, MulticastDelegateUtilities.SafeInvoke: TestRun.TestRunComplete: Invoking callback 2/2 for Microsoft.VisualStudio.TestPlatform.CommandLine.Processors.RunTestsArgumentExecutor+TestRunRequestEventsRegistrar.TestRunRequest_OnRunCompletion, took 0 ms.
TpTrace Information: 0 : 4032, 10, 2022/11/09, 22:21:44.129, 2792173683793, vstest.console.dll, TestRunRequest:TestRunComplete: Completed.
TpTrace Verbose: 0 : 4032, 10, 2022/11/09, 22:21:44.129, 2792173684229, vstest.console.dll, TestRequestSender.SetOperationComplete: Setting operation complete.
TpTrace Verbose: 0 : 4032, 1, 2022/11/09, 22:21:44.129, 2792173684380, vstest.console.dll, TestRunRequest.Dispose: Starting.
TpTrace Information: 0 : 4032, 10, 2022/11/09, 22:21:44.129, 2792173684582, vstest.console.dll, SocketServer.Stop: Stop server endPoint: 127.0.0.1:58456
TpTrace Information: 0 : 4032, 1, 2022/11/09, 22:21:44.129, 2792173685436, vstest.console.dll, TestRunRequest.Dispose: Completed.
TpTrace Information: 0 : 4032, 10, 2022/11/09, 22:21:44.129, 2792173685704, vstest.console.dll, SocketServer.Stop: Cancellation requested. Stopping message loop.
TpTrace Information: 0 : 4032, 1, 2022/11/09, 22:21:44.129, 2792173686244, vstest.console.dll, TestRequestManager.RunTests: run tests completed.
TpTrace Verbose: 0 : 4032, 10, 2022/11/09, 22:21:44.129, 2792173686573, vstest.console.dll, MulticastDelegateUtilities.SafeInvoke: LengthPrefixCommunicationChannel: MessageReceived: Invoking callback 1/1 for Microsoft.VisualStudio.TestPlatform.CommunicationUtilities.TestRequestSender+<>c__DisplayClass31_0.<StartTestRun>b__1, took 111 ms.
TpTrace Information: 0 : 4032, 10, 2022/11/09, 22:21:44.129, 2792173687433, vstest.console.dll, SocketServer.PrivateStop: Stopping server endPoint: 127.0.0.1:58456 error: 
TpTrace Information: 0 : 4032, 1, 2022/11/09, 22:21:44.129, 2792173687530, vstest.console.dll, RunTestsArgumentProcessor:Execute: Test run is completed.
TpTrace Verbose: 0 : 4032, 1, 2022/11/09, 22:21:44.129, 2792173689761, vstest.console.dll, Executor.Execute: Exiting with exit code of 0
TpTrace Verbose: 0 : 4032, 10, 2022/11/09, 22:21:44.129, 2792173691712, vstest.console.dll, LengthPrefixCommunicationChannel.Dispose: Dispose reader and writer.
TpTrace Information: 0 : 4032, 10, 2022/11/09, 22:21:44.130, 2792173692473, vstest.console.dll, SocketServer.Stop: Raise disconnected event endPoint: 127.0.0.1:58456 error: 
TpTrace Verbose: 0 : 4032, 10, 2022/11/09, 22:21:44.130, 2792173693069, vstest.console.dll, TestRequestSender: OnTestRunAbort: Operation is already complete. Skip error message.
TpTrace Verbose: 0 : 4032, 10, 2022/11/09, 22:21:44.130, 2792173693471, vstest.console.dll, MulticastDelegateUtilities.SafeInvoke: SocketServer: ClientDisconnected: Invoking callback 1/1 for Microsoft.VisualStudio.TestPlatform.CommunicationUtilities.TestRequestSender.<InitializeCommunication>b__24_1, took 0 ms.
TpTrace Verbose: 0 : 4032, 10, 2022/11/09, 22:21:44.130, 2792173693894, vstest.console.dll, TcpClientExtensions.MessageLoopAsync: exiting MessageLoopAsync remoteEndPoint: 127.0.0.1:58457 localEndPoint: 127.0.0.1:58456
