TpTrace Verbose: 0 : 6024, 1, 2022/11/09, 22:21:42.070, 2792153106415, testhost.net48.exe, Version: 17.3.0 Current process architecture: X64
TpTrace Verbose: 0 : 6024, 1, 2022/11/09, 22:21:42.073, 2792153137402, testhost.net48.exe, Runtime location: C:\Windows\Microsoft.NET\Framework64\v4.0.30319
TpTrace Information: 0 : 6024, 1, 2022/11/09, 22:21:42.075, 2792153154728, testhost.net48.exe, DefaultEngineInvoker.Invoke: Testhost process started with args :[--port, 58456],[--endpoint, 127.0.0.1:058456],[--role, client],[--parentprocessid, 4032],[--diag, H:\PROJECTS\OOP_Term\SolutionTest\bin\Debug\net48\fine-code-coverage\coverage-tool-output\diagnostics.host.22-11-09_22-21-41_88177_7.log],[--tracelevel, 4],[--datacollectionport, 58455],[--telemetryoptedin, false]
TpTrace Information: 0 : 6024, 1, 2022/11/09, 22:21:42.076, 2792153161469, testhost.net48.exe, DefaultEngineInvoker: Using Application Configuration: '<?xml version="1.0" encoding="utf-8"?>
<configuration>
  <startup useLegacyV2RuntimeActivationPolicy="true">
    <supportedRuntime version="v4.0" sku=".NETFramework,Version=v4.0" />
  </startup>
  <runtime>
    <legacyUnhandledExceptionPolicy enabled="1" />
    <legacyCorruptedStateExceptionsPolicy enabled="true" />
    <!-- To get stacktrace information for portable and embedded pdbs when net472 installed on machine.
          More details https://github.com/dotnet/designs/blob/master/accepted/diagnostics/debugging-with-symbols-and-sources.md#stack-traces -->
    <AppContextSwitchOverrides value="Switch.System.Diagnostics.IgnorePortablePDBsInStackTraces=false" />
    <assemblyBinding xmlns="urn:schemas-microsoft-com:asm.v1">
      <probing privatePath="Extensions" />
      <!-- Test adapters compiled against version 11-14, need to be redirected to version 15. -->
      <dependentAssembly>
        <assemblyIdentity name="Microsoft.VisualStudio.TestPlatform.ObjectModel" publicKeyToken="b03f5f7f11d50a3a" culture="neutral" />
        <bindingRedirect oldVersion="11.0.0.0-14.0.0.0" newVersion="15.0.0.0" />
      </dependentAssembly>
      <dependentAssembly>
        <assemblyIdentity name="Microsoft.VisualStudio.TestWindow.Interfaces" publicKeyToken="b03f5f7f11d50a3a" culture="neutral" />
        <bindingRedirect oldVersion="11.0.0.0-16.0.0.0" newVersion="17.0.0.0" />
      </dependentAssembly>
      <dependentAssembly>
        <assemblyIdentity name="Microsoft.VisualStudio.QualityTools.UnitTestFramework" publicKeyToken="b03f5f7f11d50a3a" culture="neutral" />
        <bindingRedirect oldVersion="10.1.0.0" newVersion="10.0.0.0" />
      </dependentAssembly>
      <dependentAssembly>
        <assemblyIdentity name="Microsoft.VisualStudio.QualityTools.Resource" publicKeyToken="b03f5f7f11d50a3a" culture="neutral" />
        <bindingRedirect oldVersion="10.0.0.0-16.0.0.0" newVersion="17.0.0.0" />
      </dependentAssembly>
      <dependentAssembly>
        <assemblyIdentity name="Microsoft.VisualStudio.QualityTools.ControllerObject" publicKeyToken="b03f5f7f11d50a3a" culture="neutral" />
        <bindingRedirect oldVersion="10.0.0.0-16.0.0.0" newVersion="17.0.0.0" />
      </dependentAssembly>
      <dependentAssembly>
        <assemblyIdentity name="Microsoft.VisualStudio.QualityTools.ExecutionCommon" publicKeyToken="b03f5f7f11d50a3a" culture="neutral" />
        <bindingRedirect oldVersion="10.0.0.0-16.0.0.0" newVersion="17.0.0.0" />
      </dependentAssembly>
      <dependentAssembly>
        <assemblyIdentity name="Microsoft.VisualStudio.QualityTools.Common" publicKeyToken="b03f5f7f11d50a3a" culture="neutral" />
        <bindingRedirect oldVersion="10.0.0.0-16.0.0.0" newVersion="17.0.0.0" />
      </dependentAssembly>
      <dependentAssembly>
        <assemblyIdentity name="Microsoft.VisualStudio.QualityTools.Tips.UnitTest.ObjectModel" publicKeyToken="b03f5f7f11d50a3a" culture="neutral" />
        <bindingRedirect oldVersion="10.0.0.0-16.0.0.0" newVersion="17.0.0.0" />
      </dependentAssembly>
    </assemblyBinding>
  </runtime>
  <system.diagnostics>
    <switches>
      <add name="TpTraceLevel" value="0" />
    </switches>
  </system.diagnostics>
  <appSettings>
    <!--<add key="ExecutionThreadApartmentState" value ="MTA"/>-->
    <!--<add key="TraceLogMaxFileSizeInKb" value ="10240"/>-->
    <!-- MsTest Adapter Specific AppSettings -->
    <!-- This flag is added to support test execution for net35 tests through TMI adapter. -->
    <add key="TestProjectRetargetTo35Allowed" value="true" />
  </appSettings>
</configuration>'
TpTrace Information: 0 : 6024, 1, 2022/11/09, 22:21:42.077, 2792153170471, testhost.net48.exe, DefaultEngineInvoker.SetParentProcessExitCallback: Monitoring parent process with id: '4032'
TpTrace Information: 0 : 6024, 1, 2022/11/09, 22:21:42.083, 2792153236757, testhost.net48.exe, DefaultEngineInvoker.GetConnectionInfo: Initialize communication on endpoint address: '127.0.0.1:058456'
TpTrace Information: 0 : 6024, 1, 2022/11/09, 22:21:42.090, 2792153306870, testhost.net48.exe, SocketClient.Start: connecting to server endpoint: 127.0.0.1:058456
TpTrace Information: 0 : 6024, 1, 2022/11/09, 22:21:42.094, 2792153341887, testhost.net48.exe, DefaultEngineInvoker.ConnectToDatacollector: Connecting to datacollector, port: 58455
TpTrace Information: 0 : 6024, 7, 2022/11/09, 22:21:42.100, 2792153404908, testhost.net48.exe, SocketClient.OnServerConnected: connected to server endpoint: 127.0.0.1:058456
TpTrace Information: 0 : 6024, 1, 2022/11/09, 22:21:42.100, 2792153405087, testhost.net48.exe, Trying to connect to server on socket : 127.0.0.1:58455 
TpTrace Verbose: 0 : 6024, 1, 2022/11/09, 22:21:42.101, 2792153416981, testhost.net48.exe, SocketCommunicationManager : SetupClientAsync : Attempting to connect to the server.
TpTrace Information: 0 : 6024, 8, 2022/11/09, 22:21:42.103, 2792153434292, testhost.net48.exe, Connected to the server successfully 
TpTrace Information: 0 : 6024, 8, 2022/11/09, 22:21:42.103, 2792153435360, testhost.net48.exe, Using the buffer size of 16384 bytes
TpTrace Verbose: 0 : 6024, 1, 2022/11/09, 22:21:42.104, 2792153441891, testhost.net48.exe, SocketCommunicationManager.WaitForServerConnection took: 0 ms, with 90000 ms timeout, and finished with True.
TpTrace Verbose: 0 : 6024, 7, 2022/11/09, 22:21:42.104, 2792153442692, testhost.net48.exe, MulticastDelegateUtilities.SafeInvoke: SocketClient: ServerConnected: Invoking callback 1/1 for Microsoft.VisualStudio.TestPlatform.CommunicationUtilities.TestRequestHandler., took 1 ms.
TpTrace Verbose: 0 : 6024, 7, 2022/11/09, 22:21:42.104, 2792153443257, testhost.net48.exe, Connected to server, and starting MessageLoopAsync
TpTrace Information: 0 : 6024, 1, 2022/11/09, 22:21:42.104, 2792153444753, testhost.net48.exe, DefaultEngineInvoker.Invoke: Start Request Processing.
TpTrace Information: 0 : 6024, 10, 2022/11/09, 22:21:42.105, 2792153456828, testhost.net48.exe, DefaultEngineInvoker.StartProcessingAsync: Connected to vstest.console, Starting process requests.
TpTrace Verbose: 0 : 6024, 7, 2022/11/09, 22:21:42.107, 2792153469403, testhost.net48.exe, TcpClientExtensions.MessageLoopAsync: Polling on remoteEndPoint: 127.0.0.1:58456 localEndPoint: 127.0.0.1:58457
TpTrace Verbose: 0 : 6024, 7, 2022/11/09, 22:21:42.107, 2792153470272, testhost.net48.exe, TcpClientExtensions.MessageLoopAsync: NotifyDataAvailable remoteEndPoint: 127.0.0.1:58456 localEndPoint: 127.0.0.1:58457
TpTrace Information: 0 : 6024, 7, 2022/11/09, 22:21:42.117, 2792153570068, testhost.net48.exe, TestRequestHandler.OnMessageReceived: received message: (ProtocolVersion) -> {"MessageType":"ProtocolVersion","Payload":7}
TpTrace Verbose: 0 : 6024, 7, 2022/11/09, 22:21:42.411, 2792156509123, testhost.net48.exe, TestRequestHandler.SendData: sending data from testhost: {"Version":7,"MessageType":"TestSession.Message","Payload":{"MessageLevel":0,"Message":"Logging TestHost Diagnostics in file: H:\\PROJECTS\\OOP_Term\\SolutionTest\\bin\\Debug\\net48\\fine-code-coverage\\coverage-tool-output\\diagnostics.host.22-11-09_22-21-41_88177_7.log"}}
TpTrace Verbose: 0 : 6024, 7, 2022/11/09, 22:21:42.411, 2792156510986, testhost.net48.exe, MulticastDelegateUtilities.SafeInvoke: LengthPrefixCommunicationChannel: MessageReceived: Invoking callback 1/1 for Microsoft.VisualStudio.TestPlatform.CommunicationUtilities.TestRequestHandler., took 303 ms.
TpTrace Verbose: 0 : 6024, 7, 2022/11/09, 22:21:42.411, 2792156512742, testhost.net48.exe, TcpClientExtensions.MessageLoopAsync: Polling on remoteEndPoint: 127.0.0.1:58456 localEndPoint: 127.0.0.1:58457
TpTrace Verbose: 0 : 6024, 7, 2022/11/09, 22:21:42.411, 2792156513541, testhost.net48.exe, TcpClientExtensions.MessageLoopAsync: NotifyDataAvailable remoteEndPoint: 127.0.0.1:58456 localEndPoint: 127.0.0.1:58457
TpTrace Information: 0 : 6024, 7, 2022/11/09, 22:21:42.411, 2792156514647, testhost.net48.exe, TestRequestHandler.OnMessageReceived: received message: (TestExecution.Initialize) -> {"Version":7,"MessageType":"TestExecution.Initialize","Payload":["C:\\Program Files\\dotnet\\sdk\\6.0.401\\Extensions\\Microsoft.Diagnostics.NETCore.Client.dll","C:\\Program Files\\dotnet\\sdk\\6.0.401\\Extensions\\Microsoft.TestPlatform.Extensions.BlameDataCollector.dll","C:\\Program Files\\dotnet\\sdk\\6.0.401\\Extensions\\Microsoft.TestPlatform.Extensions.EventLogCollector.dll","C:\\Program Files\\dotnet\\sdk\\6.0.401\\Extensions\\Microsoft.TestPlatform.TestHostRuntimeProvider.dll","C:\\Program Files\\dotnet\\sdk\\6.0.401\\Extensions\\Microsoft.VisualStudio.TestPlatform.Extensions.Html.TestLogger.dll","C:\\Program Files\\dotnet\\sdk\\6.0.401\\Extensions\\Microsoft.VisualStudio.TestPlatform.Extensions.Trx.TestLogger.dll","H:\\PROJECTS\\OOP_Term\\SolutionTest\\bin\\Debug\\net48\\fine-code-coverage\\build-output\\NUnit3.TestAdapter.dll"]}
TpTrace Verbose: 0 : 6024, 7, 2022/11/09, 22:21:42.434, 2792156743358, testhost.net48.exe, MulticastDelegateUtilities.SafeInvoke: LengthPrefixCommunicationChannel: MessageReceived: Invoking callback 1/1 for Microsoft.VisualStudio.TestPlatform.CommunicationUtilities.TestRequestHandler., took 22 ms.
TpTrace Verbose: 0 : 6024, 7, 2022/11/09, 22:21:42.434, 2792156744452, testhost.net48.exe, TcpClientExtensions.MessageLoopAsync: Polling on remoteEndPoint: 127.0.0.1:58456 localEndPoint: 127.0.0.1:58457
TpTrace Verbose: 0 : 6024, 7, 2022/11/09, 22:21:42.434, 2792156745105, testhost.net48.exe, TcpClientExtensions.MessageLoopAsync: NotifyDataAvailable remoteEndPoint: 127.0.0.1:58456 localEndPoint: 127.0.0.1:58457
TpTrace Information: 0 : 6024, 7, 2022/11/09, 22:21:42.434, 2792156746191, testhost.net48.exe, TestRequestHandler.OnMessageReceived: received message: (TestExecution.StartWithSources) -> {"Version":7,"MessageType":"TestExecution.StartWithSources","Payload":{"AdapterSourceMap":{"_none_":["H:\\PROJECTS\\OOP_Term\\SolutionTest\\bin\\Debug\\net48\\fine-code-coverage\\build-output\\DLL.dll"]},"RunSettings":"<RunSettings>\r\n  <RunConfiguration>\r\n    <ResultsDirectory>H:\\PROJECTS\\OOP_Term\\SolutionTest\\bin\\Debug\\net48\\fine-code-coverage\\coverage-tool-output</ResultsDirectory>\r\n    <TargetFrameworkVersion>.NETFramework,Version=v4.8</TargetFrameworkVersion>\r\n    <DesignMode>False</DesignMode>\r\n    <CollectSourceInformation>False</CollectSourceInformation>\r\n  </RunConfiguration>\r\n  <LoggerRunSettings>\r\n    <Loggers>\r\n      <Logger friendlyName=\"blame\" enabled=\"True\" />\r\n      <Logger friendlyName=\"Console\" uri=\"logger://microsoft/TestPlatform/ConsoleLogger/v1\" assemblyQualifiedName=\"Microsoft.VisualStudio.TestPlatform.CommandLine.Internal.ConsoleLogger, vstest.console, Version=15.0.0.0, Culture=neutral, PublicKeyToken=b03f5f7f11d50a3a\" codeBase=\"C:\\Program Files\\dotnet\\sdk\\6.0.401\\vstest.console.dll\" enabled=\"True\" />\r\n    </Loggers>\r\n  </LoggerRunSettings>\r\n  <DataCollectionRunSettings>\r\n    <DataCollectors>\r\n      <DataCollector friendlyName=\"blame\" enabled=\"True\">\r\n        <Configuration>\r\n          <ResultsDirectory>H:\\PROJECTS\\OOP_Term\\SolutionTest\\bin\\Debug\\net48\\fine-code-coverage\\coverage-tool-output</ResultsDirectory>\r\n        </Configuration>\r\n      </DataCollector>\r\n    </DataCollectors>\r\n  </DataCollectionRunSettings>\r\n</RunSettings>","TestExecutionContext":{"FrequencyOfRunStatsChangeEvent":10,"RunStatsChangeEventTimeout":"00:00:01.5000000","InIsolation":false,"KeepAlive":false,"AreTestCaseLevelEventsRequired":false,"IsDebug":false,"TestCaseFilter":null,"FilterOptions":null},"Package":null}}
TpTrace Information: 0 : 6024, 3, 2022/11/09, 22:21:42.435, 2792156753541, testhost.net48.exe, TestRequestHandler.OnMessageReceived: Running job 'TestExecution.Initialize'.
TpTrace Verbose: 0 : 6024, 3, 2022/11/09, 22:21:42.444, 2792156840422, testhost.net48.exe, TestExecutorService: Loading the extensions
TpTrace Verbose: 0 : 6024, 3, 2022/11/09, 22:21:42.449, 2792156895915, testhost.net48.exe, TestPluginCache.DiscoverTestExtensions: finding test extensions in assemblies ends with: TestAdapter.dll TPluginInfo: Microsoft.VisualStudio.TestPlatform.Common.ExtensionFramework.Utilities.TestExecutorPluginInformation TExtension: Microsoft.VisualStudio.TestPlatform.ObjectModel.Adapter.ITestExecutor
TpTrace Verbose: 0 : 6024, 3, 2022/11/09, 22:21:42.452, 2792156924021, testhost.net48.exe, TestPluginCache.GetExtensionPaths: Filtered extension paths: 
TpTrace Verbose: 0 : 6024, 3, 2022/11/09, 22:21:42.452, 2792156925330, testhost.net48.exe, TestPluginCache.GetExtensionPaths: Added default extension paths: C:\Program Files\dotnet\sdk\6.0.401\Extensions\Microsoft.Diagnostics.NETCore.Client.dll
C:\Program Files\dotnet\sdk\6.0.401\Extensions\Microsoft.TestPlatform.Extensions.BlameDataCollector.dll
C:\Program Files\dotnet\sdk\6.0.401\Extensions\Microsoft.TestPlatform.Extensions.EventLogCollector.dll
C:\Program Files\dotnet\sdk\6.0.401\Extensions\Microsoft.TestPlatform.TestHostRuntimeProvider.dll
C:\Program Files\dotnet\sdk\6.0.401\Extensions\Microsoft.VisualStudio.TestPlatform.Extensions.Html.TestLogger.dll
C:\Program Files\dotnet\sdk\6.0.401\Extensions\Microsoft.VisualStudio.TestPlatform.Extensions.Trx.TestLogger.dll
H:\PROJECTS\OOP_Term\SolutionTest\bin\Debug\net48\fine-code-coverage\build-output\NUnit3.TestAdapter.dll
TpTrace Verbose: 0 : 6024, 3, 2022/11/09, 22:21:42.452, 2792156925950, testhost.net48.exe, TestPluginCache.GetExtensionPaths: Added unfilterableExtensionPaths: 
TpTrace Information: 0 : 6024, 3, 2022/11/09, 22:21:42.454, 2792156945740, testhost.net48.exe, AssemblyResolver.ctor: Creating AssemblyResolver with searchDirectories C:\Program Files\dotnet\sdk\6.0.401\Extensions,H:\PROJECTS\OOP_Term\SolutionTest\bin\Debug\net48\fine-code-coverage\build-output,C:\Program Files\dotnet\sdk\6.0.401\TestHost
TpTrace Verbose: 0 : 6024, 3, 2022/11/09, 22:21:42.455, 2792156953350, testhost.net48.exe, TestPluginCache.DiscoverTestExtensions: Discovering the extensions using extension path.
TpTrace Verbose: 0 : 6024, 3, 2022/11/09, 22:21:42.455, 2792156954351, testhost.net48.exe, TestPluginCache.GetExtensionPaths: Filtered extension paths: 
TpTrace Verbose: 0 : 6024, 3, 2022/11/09, 22:21:42.455, 2792156954977, testhost.net48.exe, TestPluginCache.GetExtensionPaths: Added default extension paths: C:\Program Files\dotnet\sdk\6.0.401\Extensions\Microsoft.Diagnostics.NETCore.Client.dll
C:\Program Files\dotnet\sdk\6.0.401\Extensions\Microsoft.TestPlatform.Extensions.BlameDataCollector.dll
C:\Program Files\dotnet\sdk\6.0.401\Extensions\Microsoft.TestPlatform.Extensions.EventLogCollector.dll
C:\Program Files\dotnet\sdk\6.0.401\Extensions\Microsoft.TestPlatform.TestHostRuntimeProvider.dll
C:\Program Files\dotnet\sdk\6.0.401\Extensions\Microsoft.VisualStudio.TestPlatform.Extensions.Html.TestLogger.dll
C:\Program Files\dotnet\sdk\6.0.401\Extensions\Microsoft.VisualStudio.TestPlatform.Extensions.Trx.TestLogger.dll
H:\PROJECTS\OOP_Term\SolutionTest\bin\Debug\net48\fine-code-coverage\build-output\NUnit3.TestAdapter.dll
TpTrace Verbose: 0 : 6024, 3, 2022/11/09, 22:21:42.457, 2792156973596, testhost.net48.exe, TestPluginCache.GetExtensionPaths: Added unfilterableExtensionPaths: 
TpTrace Verbose: 0 : 6024, 3, 2022/11/09, 22:21:42.457, 2792156974419, testhost.net48.exe, TestPluginCache.DiscoverTestExtensions: Discovering the extensions using allExtensionPaths: C:\Program Files\dotnet\sdk\6.0.401\Extensions\Microsoft.Diagnostics.NETCore.Client.dll
C:\Program Files\dotnet\sdk\6.0.401\Extensions\Microsoft.TestPlatform.Extensions.BlameDataCollector.dll
C:\Program Files\dotnet\sdk\6.0.401\Extensions\Microsoft.TestPlatform.Extensions.EventLogCollector.dll
C:\Program Files\dotnet\sdk\6.0.401\Extensions\Microsoft.TestPlatform.TestHostRuntimeProvider.dll
C:\Program Files\dotnet\sdk\6.0.401\Extensions\Microsoft.VisualStudio.TestPlatform.Extensions.Html.TestLogger.dll
C:\Program Files\dotnet\sdk\6.0.401\Extensions\Microsoft.VisualStudio.TestPlatform.Extensions.Trx.TestLogger.dll
H:\PROJECTS\OOP_Term\SolutionTest\bin\Debug\net48\fine-code-coverage\build-output\NUnit3.TestAdapter.dll
TpTrace Information: 0 : 6024, 3, 2022/11/09, 22:21:42.459, 2792156994941, testhost.net48.exe, AssemblyResolver.AddSearchDirectories: Adding more searchDirectories C:\Program Files\dotnet\sdk\6.0.401\Extensions,C:\Program Files\dotnet\sdk\6.0.401\TestHost
TpTrace Information: 0 : 6024, 3, 2022/11/09, 22:21:42.459, 2792156996176, testhost.net48.exe, AssemblyResolver.AddSearchDirectories: Adding more searchDirectories C:\Program Files\dotnet\sdk\6.0.401\Extensions,C:\Program Files\dotnet\sdk\6.0.401\TestHost
TpTrace Information: 0 : 6024, 3, 2022/11/09, 22:21:42.459, 2792156996844, testhost.net48.exe, AssemblyResolver.AddSearchDirectories: Adding more searchDirectories C:\Program Files\dotnet\sdk\6.0.401\Extensions,C:\Program Files\dotnet\sdk\6.0.401\TestHost
TpTrace Information: 0 : 6024, 3, 2022/11/09, 22:21:42.459, 2792156997502, testhost.net48.exe, AssemblyResolver.AddSearchDirectories: Adding more searchDirectories C:\Program Files\dotnet\sdk\6.0.401\Extensions,C:\Program Files\dotnet\sdk\6.0.401\TestHost
TpTrace Information: 0 : 6024, 3, 2022/11/09, 22:21:42.460, 2792156998191, testhost.net48.exe, AssemblyResolver.AddSearchDirectories: Adding more searchDirectories C:\Program Files\dotnet\sdk\6.0.401\Extensions,C:\Program Files\dotnet\sdk\6.0.401\TestHost
TpTrace Information: 0 : 6024, 3, 2022/11/09, 22:21:42.460, 2792156998847, testhost.net48.exe, AssemblyResolver.AddSearchDirectories: Adding more searchDirectories C:\Program Files\dotnet\sdk\6.0.401\Extensions,C:\Program Files\dotnet\sdk\6.0.401\TestHost
TpTrace Information: 0 : 6024, 3, 2022/11/09, 22:21:42.460, 2792156999495, testhost.net48.exe, AssemblyResolver.AddSearchDirectories: Adding more searchDirectories H:\PROJECTS\OOP_Term\SolutionTest\bin\Debug\net48\fine-code-coverage\build-output,C:\Program Files\dotnet\sdk\6.0.401\TestHost
TpTrace Information: 0 : 6024, 3, 2022/11/09, 22:21:42.468, 2792157082012, testhost.net48.exe, AssemblyResolver.OnResolve: Microsoft.Diagnostics.NETCore.Client: Resolving assembly.
TpTrace Information: 0 : 6024, 3, 2022/11/09, 22:21:42.468, 2792157083262, testhost.net48.exe, AssemblyResolver.OnResolve: Microsoft.Diagnostics.NETCore.Client: Searching in: 'C:\Program Files\dotnet\sdk\6.0.401\Extensions'.
TpTrace Information: 0 : 6024, 3, 2022/11/09, 22:21:42.470, 2792157098385, testhost.net48.exe, AssemblyResolver.OnResolve: Microsoft.Diagnostics.NETCore.Client: Loading assembly 'C:\Program Files\dotnet\sdk\6.0.401\Extensions\Microsoft.Diagnostics.NETCore.Client.dll'.
TpTrace Information: 0 : 6024, 3, 2022/11/09, 22:21:42.479, 2792157193851, testhost.net48.exe, AssemblyResolver.OnResolve: Resolved assembly: Microsoft.Diagnostics.NETCore.Client, from path: C:\Program Files\dotnet\sdk\6.0.401\Extensions\Microsoft.Diagnostics.NETCore.Client.dll
TpTrace Verbose: 0 : 6024, 7, 2022/11/09, 22:21:42.499, 2792157392785, testhost.net48.exe, MulticastDelegateUtilities.SafeInvoke: LengthPrefixCommunicationChannel: MessageReceived: Invoking callback 1/1 for Microsoft.VisualStudio.TestPlatform.CommunicationUtilities.TestRequestHandler., took 64 ms.
TpTrace Verbose: 0 : 6024, 7, 2022/11/09, 22:21:42.499, 2792157393997, testhost.net48.exe, TcpClientExtensions.MessageLoopAsync: Polling on remoteEndPoint: 127.0.0.1:58456 localEndPoint: 127.0.0.1:58457
TpTrace Verbose: 0 : 6024, 3, 2022/11/09, 22:21:42.500, 2792157407328, testhost.net48.exe, MetadataReaderExtensionsHelper: Discovering extensions inside assembly 'Microsoft.Diagnostics.NETCore.Client, Version=0.2.5.801, Culture=neutral, PublicKeyToken=31bf3856ad364e35' file path 'C:\Program Files\dotnet\sdk\6.0.401\Extensions\Microsoft.Diagnostics.NETCore.Client.dll'
TpTrace Information: 0 : 6024, 3, 2022/11/09, 22:21:42.603, 2792158428813, testhost.net48.exe, AssemblyResolver.OnResolve: Microsoft.Bcl.AsyncInterfaces, Version=1.0.0.0, Culture=neutral, PublicKeyToken=cc7b13ffcd2ddd51: Resolving assembly.
TpTrace Information: 0 : 6024, 3, 2022/11/09, 22:21:42.603, 2792158430256, testhost.net48.exe, AssemblyResolver.OnResolve: Microsoft.Bcl.AsyncInterfaces, Version=1.0.0.0, Culture=neutral, PublicKeyToken=cc7b13ffcd2ddd51: Searching in: 'C:\Program Files\dotnet\sdk\6.0.401\Extensions'.
TpTrace Information: 0 : 6024, 3, 2022/11/09, 22:21:42.603, 2792158431363, testhost.net48.exe, AssemblyResolver.OnResolve: Microsoft.Bcl.AsyncInterfaces, Version=1.0.0.0, Culture=neutral, PublicKeyToken=cc7b13ffcd2ddd51: Assembly path does not exist: 'C:\Program Files\dotnet\sdk\6.0.401\Extensions\Microsoft.Bcl.AsyncInterfaces.dll', returning.
TpTrace Information: 0 : 6024, 3, 2022/11/09, 22:21:42.603, 2792158432415, testhost.net48.exe, AssemblyResolver.OnResolve: Microsoft.Bcl.AsyncInterfaces, Version=1.0.0.0, Culture=neutral, PublicKeyToken=cc7b13ffcd2ddd51: Assembly path does not exist: 'C:\Program Files\dotnet\sdk\6.0.401\Extensions\Microsoft.Bcl.AsyncInterfaces.exe', returning.
TpTrace Information: 0 : 6024, 3, 2022/11/09, 22:21:42.603, 2792158432950, testhost.net48.exe, AssemblyResolver.OnResolve: Microsoft.Bcl.AsyncInterfaces, Version=1.0.0.0, Culture=neutral, PublicKeyToken=cc7b13ffcd2ddd51: Searching in: 'H:\PROJECTS\OOP_Term\SolutionTest\bin\Debug\net48\fine-code-coverage\build-output'.
TpTrace Information: 0 : 6024, 3, 2022/11/09, 22:21:42.603, 2792158433747, testhost.net48.exe, AssemblyResolver.OnResolve: Microsoft.Bcl.AsyncInterfaces, Version=1.0.0.0, Culture=neutral, PublicKeyToken=cc7b13ffcd2ddd51: Assembly path does not exist: 'H:\PROJECTS\OOP_Term\SolutionTest\bin\Debug\net48\fine-code-coverage\build-output\Microsoft.Bcl.AsyncInterfaces.dll', returning.
TpTrace Information: 0 : 6024, 3, 2022/11/09, 22:21:42.603, 2792158434446, testhost.net48.exe, AssemblyResolver.OnResolve: Microsoft.Bcl.AsyncInterfaces, Version=1.0.0.0, Culture=neutral, PublicKeyToken=cc7b13ffcd2ddd51: Assembly path does not exist: 'H:\PROJECTS\OOP_Term\SolutionTest\bin\Debug\net48\fine-code-coverage\build-output\Microsoft.Bcl.AsyncInterfaces.exe', returning.
TpTrace Information: 0 : 6024, 3, 2022/11/09, 22:21:42.603, 2792158434874, testhost.net48.exe, AssemblyResolver.OnResolve: Microsoft.Bcl.AsyncInterfaces, Version=1.0.0.0, Culture=neutral, PublicKeyToken=cc7b13ffcd2ddd51: Searching in: 'C:\Program Files\dotnet\sdk\6.0.401\TestHost'.
TpTrace Information: 0 : 6024, 3, 2022/11/09, 22:21:42.603, 2792158435809, testhost.net48.exe, AssemblyResolver.OnResolve: Microsoft.Bcl.AsyncInterfaces, Version=1.0.0.0, Culture=neutral, PublicKeyToken=cc7b13ffcd2ddd51: Assembly path does not exist: 'C:\Program Files\dotnet\sdk\6.0.401\TestHost\Microsoft.Bcl.AsyncInterfaces.dll', returning.
TpTrace Information: 0 : 6024, 3, 2022/11/09, 22:21:42.603, 2792158436750, testhost.net48.exe, AssemblyResolver.OnResolve: Microsoft.Bcl.AsyncInterfaces, Version=1.0.0.0, Culture=neutral, PublicKeyToken=cc7b13ffcd2ddd51: Assembly path does not exist: 'C:\Program Files\dotnet\sdk\6.0.401\TestHost\Microsoft.Bcl.AsyncInterfaces.exe', returning.
TpTrace Information: 0 : 6024, 3, 2022/11/09, 22:21:42.603, 2792158437173, testhost.net48.exe, AssemblyResolver.OnResolve: Microsoft.Bcl.AsyncInterfaces, Version=1.0.0.0, Culture=neutral, PublicKeyToken=cc7b13ffcd2ddd51: Failed to load assembly.
TpTrace Verbose: 0 : 6024, 3, 2022/11/09, 22:21:42.604, 2792158446797, testhost.net48.exe, CurrentDomainAssemblyResolve: Resolving assembly 'Microsoft.Bcl.AsyncInterfaces, Version=1.0.0.0, Culture=neutral, PublicKeyToken=cc7b13ffcd2ddd51'.
TpTrace Information: 0 : 6024, 3, 2022/11/09, 22:21:42.606, 2792158464793, testhost.net48.exe, AssemblyResolver.OnResolve: Microsoft.Bcl.AsyncInterfaces, Version=1.0.0.0, Culture=neutral, PublicKeyToken=cc7b13ffcd2ddd51: Resolving assembly.
TpTrace Information: 0 : 6024, 3, 2022/11/09, 22:21:42.606, 2792158465837, testhost.net48.exe, AssemblyResolver.OnResolve: Microsoft.Bcl.AsyncInterfaces, Version=1.0.0.0, Culture=neutral, PublicKeyToken=cc7b13ffcd2ddd51: Resolved from cache.
TpTrace Verbose: 0 : 6024, 3, 2022/11/09, 22:21:42.606, 2792158466429, testhost.net48.exe, CurrentDomainAssemblyResolve: Resolving assembly 'Microsoft.Bcl.AsyncInterfaces, Version=1.0.0.0, Culture=neutral, PublicKeyToken=cc7b13ffcd2ddd51'.
TpTrace Verbose: 0 : 6024, 3, 2022/11/09, 22:21:42.606, 2792158466861, testhost.net48.exe, CurrentDomainAssemblyResolve: Failed to resolve assembly 'Microsoft.Bcl.AsyncInterfaces, Version=1.0.0.0, Culture=neutral, PublicKeyToken=cc7b13ffcd2ddd51'.
TpTrace Verbose: 0 : 6024, 3, 2022/11/09, 22:21:42.607, 2792158471261, testhost.net48.exe, CurrentDomainAssemblyResolve: Failed to resolve assembly 'Microsoft.Bcl.AsyncInterfaces, Version=1.0.0.0, Culture=neutral, PublicKeyToken=cc7b13ffcd2ddd51'.
TpTrace Information: 0 : 6024, 3, 2022/11/09, 22:21:42.610, 2792158506319, testhost.net48.exe, AssemblyResolver.OnResolve: System.Threading.Tasks.Extensions, Version=4.2.0.0, Culture=neutral, PublicKeyToken=cc7b13ffcd2ddd51: Resolving assembly.
TpTrace Information: 0 : 6024, 3, 2022/11/09, 22:21:42.610, 2792158507385, testhost.net48.exe, AssemblyResolver.OnResolve: System.Threading.Tasks.Extensions, Version=4.2.0.0, Culture=neutral, PublicKeyToken=cc7b13ffcd2ddd51: Searching in: 'C:\Program Files\dotnet\sdk\6.0.401\Extensions'.
TpTrace Information: 0 : 6024, 3, 2022/11/09, 22:21:42.611, 2792158508479, testhost.net48.exe, AssemblyResolver.OnResolve: System.Threading.Tasks.Extensions, Version=4.2.0.0, Culture=neutral, PublicKeyToken=cc7b13ffcd2ddd51: Assembly path does not exist: 'C:\Program Files\dotnet\sdk\6.0.401\Extensions\System.Threading.Tasks.Extensions.dll', returning.
TpTrace Information: 0 : 6024, 3, 2022/11/09, 22:21:42.611, 2792158509418, testhost.net48.exe, AssemblyResolver.OnResolve: System.Threading.Tasks.Extensions, Version=4.2.0.0, Culture=neutral, PublicKeyToken=cc7b13ffcd2ddd51: Assembly path does not exist: 'C:\Program Files\dotnet\sdk\6.0.401\Extensions\System.Threading.Tasks.Extensions.exe', returning.
TpTrace Information: 0 : 6024, 3, 2022/11/09, 22:21:42.611, 2792158509838, testhost.net48.exe, AssemblyResolver.OnResolve: System.Threading.Tasks.Extensions, Version=4.2.0.0, Culture=neutral, PublicKeyToken=cc7b13ffcd2ddd51: Searching in: 'H:\PROJECTS\OOP_Term\SolutionTest\bin\Debug\net48\fine-code-coverage\build-output'.
TpTrace Information: 0 : 6024, 3, 2022/11/09, 22:21:42.611, 2792158510586, testhost.net48.exe, AssemblyResolver.OnResolve: System.Threading.Tasks.Extensions, Version=4.2.0.0, Culture=neutral, PublicKeyToken=cc7b13ffcd2ddd51: Assembly path does not exist: 'H:\PROJECTS\OOP_Term\SolutionTest\bin\Debug\net48\fine-code-coverage\build-output\System.Threading.Tasks.Extensions.dll', returning.
TpTrace Information: 0 : 6024, 3, 2022/11/09, 22:21:42.611, 2792158511280, testhost.net48.exe, AssemblyResolver.OnResolve: System.Threading.Tasks.Extensions, Version=4.2.0.0, Culture=neutral, PublicKeyToken=cc7b13ffcd2ddd51: Assembly path does not exist: 'H:\PROJECTS\OOP_Term\SolutionTest\bin\Debug\net48\fine-code-coverage\build-output\System.Threading.Tasks.Extensions.exe', returning.
TpTrace Information: 0 : 6024, 3, 2022/11/09, 22:21:42.611, 2792158511722, testhost.net48.exe, AssemblyResolver.OnResolve: System.Threading.Tasks.Extensions, Version=4.2.0.0, Culture=neutral, PublicKeyToken=cc7b13ffcd2ddd51: Searching in: 'C:\Program Files\dotnet\sdk\6.0.401\TestHost'.
TpTrace Information: 0 : 6024, 3, 2022/11/09, 22:21:42.611, 2792158512694, testhost.net48.exe, AssemblyResolver.OnResolve: System.Threading.Tasks.Extensions, Version=4.2.0.0, Culture=neutral, PublicKeyToken=cc7b13ffcd2ddd51: Assembly path does not exist: 'C:\Program Files\dotnet\sdk\6.0.401\TestHost\System.Threading.Tasks.Extensions.dll', returning.
TpTrace Information: 0 : 6024, 3, 2022/11/09, 22:21:42.611, 2792158513796, testhost.net48.exe, AssemblyResolver.OnResolve: System.Threading.Tasks.Extensions, Version=4.2.0.0, Culture=neutral, PublicKeyToken=cc7b13ffcd2ddd51: Assembly path does not exist: 'C:\Program Files\dotnet\sdk\6.0.401\TestHost\System.Threading.Tasks.Extensions.exe', returning.
TpTrace Information: 0 : 6024, 3, 2022/11/09, 22:21:42.611, 2792158514284, testhost.net48.exe, AssemblyResolver.OnResolve: System.Threading.Tasks.Extensions, Version=4.2.0.0, Culture=neutral, PublicKeyToken=cc7b13ffcd2ddd51: Failed to load assembly.
TpTrace Verbose: 0 : 6024, 3, 2022/11/09, 22:21:42.611, 2792158514785, testhost.net48.exe, CurrentDomainAssemblyResolve: Resolving assembly 'System.Threading.Tasks.Extensions, Version=4.2.0.0, Culture=neutral, PublicKeyToken=cc7b13ffcd2ddd51'.
TpTrace Information: 0 : 6024, 3, 2022/11/09, 22:21:42.612, 2792158526744, testhost.net48.exe, AssemblyResolver.OnResolve: System.Threading.Tasks.Extensions, Version=4.2.0.0, Culture=neutral, PublicKeyToken=cc7b13ffcd2ddd51: Resolving assembly.
TpTrace Information: 0 : 6024, 3, 2022/11/09, 22:21:42.612, 2792158527275, testhost.net48.exe, AssemblyResolver.OnResolve: System.Threading.Tasks.Extensions, Version=4.2.0.0, Culture=neutral, PublicKeyToken=cc7b13ffcd2ddd51: Resolved from cache.
TpTrace Verbose: 0 : 6024, 3, 2022/11/09, 22:21:42.613, 2792158527843, testhost.net48.exe, CurrentDomainAssemblyResolve: Resolving assembly 'System.Threading.Tasks.Extensions, Version=4.2.0.0, Culture=neutral, PublicKeyToken=cc7b13ffcd2ddd51'.
TpTrace Verbose: 0 : 6024, 3, 2022/11/09, 22:21:42.613, 2792158528255, testhost.net48.exe, CurrentDomainAssemblyResolve: Failed to resolve assembly 'System.Threading.Tasks.Extensions, Version=4.2.0.0, Culture=neutral, PublicKeyToken=cc7b13ffcd2ddd51'.
TpTrace Verbose: 0 : 6024, 3, 2022/11/09, 22:21:42.613, 2792158529551, testhost.net48.exe, CurrentDomainAssemblyResolve: Failed to resolve assembly 'System.Threading.Tasks.Extensions, Version=4.2.0.0, Culture=neutral, PublicKeyToken=cc7b13ffcd2ddd51'.
TpTrace Warning: 0 : 6024, 3, 2022/11/09, 22:21:42.628, 2792158679456, testhost.net48.exe, TestPluginDiscoverer: Failed to get types from assembly 'Microsoft.Diagnostics.NETCore.Client, Version=0.2.5.801, Culture=neutral, PublicKeyToken=31bf3856ad364e35'. Error: System.Reflection.ReflectionTypeLoadException: Unable to load one or more of the requested types. Retrieve the LoaderExceptions property for more information.
   at System.Reflection.RuntimeModule.GetTypes(RuntimeModule module)
   at System.Reflection.Assembly.GetTypes()
   at Microsoft.VisualStudio.TestPlatform.Common.ExtensionFramework.TestPluginDiscoverer.GetTestExtensionsFromAssembly[TPluginInfo,TExtension](Assembly assembly, Dictionary`2 pluginInfos, String filePath)
TpTrace Warning: 0 : 6024, 3, 2022/11/09, 22:21:42.629, 2792158688020, testhost.net48.exe, LoaderExceptions: System.IO.FileNotFoundException: Die Datei oder Assembly "Microsoft.Bcl.AsyncInterfaces, Version=1.0.0.0, Culture=neutral, PublicKeyToken=cc7b13ffcd2ddd51" oder eine Abhängigkeit davon wurde nicht gefunden. Das System kann die angegebene Datei nicht finden.
File name: 'Microsoft.Bcl.AsyncInterfaces, Version=1.0.0.0, Culture=neutral, PublicKeyToken=cc7b13ffcd2ddd51' ---> System.IO.FileNotFoundException: Die Datei oder Assembly "Microsoft.Bcl.AsyncInterfaces, Version=1.0.0.0, Culture=neutral, PublicKeyToken=cc7b13ffcd2ddd51" oder eine Abhängigkeit davon wurde nicht gefunden. Das System kann die angegebene Datei nicht finden.
File name: 'Microsoft.Bcl.AsyncInterfaces, Version=1.0.0.0, Culture=neutral, PublicKeyToken=cc7b13ffcd2ddd51'
   at System.Reflection.RuntimeAssembly._nLoad(AssemblyName fileName, String codeBase, Evidence assemblySecurity, RuntimeAssembly locationHint, StackCrawlMark& stackMark, IntPtr pPrivHostBinder, Boolean throwOnFileNotFound, Boolean forIntrospection, Boolean suppressSecurityChecks)
   at System.Reflection.RuntimeAssembly.InternalLoadAssemblyName(AssemblyName assemblyRef, Evidence assemblySecurity, RuntimeAssembly reqAssembly, StackCrawlMark& stackMark, IntPtr pPrivHostBinder, Boolean throwOnFileNotFound, Boolean forIntrospection, Boolean suppressSecurityChecks)
   at System.Reflection.Assembly.Load(AssemblyName assemblyRef)
   at Microsoft.VisualStudio.TestPlatform.Common.ExtensionFramework.TestPluginCache.CurrentDomainAssemblyResolve(Object sender, AssemblyResolveEventArgs args)
   at System.AppDomain.OnAssemblyResolveEvent(RuntimeAssembly assembly, String assemblyFullName)

WRN: Protokollierung der Assemblybindung ist AUS.
Sie können die Protokollierung der Assemblybindungsfehler aktivieren, indem Sie den Registrierungswert [HKLM\Software\Microsoft\Fusion!EnableLog] (DWORD) auf 1 festlegen.
Hinweis: Die Protokollierung der Assemblybindungsfehler führt zu einer gewissen Leistungseinbuße.
Sie können dieses Feature deaktivieren, indem Sie den Registrierungswert [HKLM\Software\Microsoft\Fusion!EnableLog] entfernen.



TpTrace Warning: 0 : 6024, 3, 2022/11/09, 22:21:42.629, 2792158690662, testhost.net48.exe, LoaderExceptions: System.IO.FileNotFoundException: Die Datei oder Assembly "System.Threading.Tasks.Extensions, Version=4.2.0.0, Culture=neutral, PublicKeyToken=cc7b13ffcd2ddd51" oder eine Abhängigkeit davon wurde nicht gefunden. Das System kann die angegebene Datei nicht finden.
File name: 'System.Threading.Tasks.Extensions, Version=4.2.0.0, Culture=neutral, PublicKeyToken=cc7b13ffcd2ddd51' ---> System.IO.FileNotFoundException: Die Datei oder Assembly "System.Threading.Tasks.Extensions, Version=4.2.0.0, Culture=neutral, PublicKeyToken=cc7b13ffcd2ddd51" oder eine Abhängigkeit davon wurde nicht gefunden. Das System kann die angegebene Datei nicht finden.
File name: 'System.Threading.Tasks.Extensions, Version=4.2.0.0, Culture=neutral, PublicKeyToken=cc7b13ffcd2ddd51'
   at System.Reflection.RuntimeAssembly._nLoad(AssemblyName fileName, String codeBase, Evidence assemblySecurity, RuntimeAssembly locationHint, StackCrawlMark& stackMark, IntPtr pPrivHostBinder, Boolean throwOnFileNotFound, Boolean forIntrospection, Boolean suppressSecurityChecks)
   at System.Reflection.RuntimeAssembly.InternalLoadAssemblyName(AssemblyName assemblyRef, Evidence assemblySecurity, RuntimeAssembly reqAssembly, StackCrawlMark& stackMark, IntPtr pPrivHostBinder, Boolean throwOnFileNotFound, Boolean forIntrospection, Boolean suppressSecurityChecks)
   at System.Reflection.Assembly.Load(AssemblyName assemblyRef)
   at Microsoft.VisualStudio.TestPlatform.Common.ExtensionFramework.TestPluginCache.CurrentDomainAssemblyResolve(Object sender, AssemblyResolveEventArgs args)
   at System.AppDomain.OnAssemblyResolveEvent(RuntimeAssembly assembly, String assemblyFullName)

WRN: Protokollierung der Assemblybindung ist AUS.
Sie können die Protokollierung der Assemblybindungsfehler aktivieren, indem Sie den Registrierungswert [HKLM\Software\Microsoft\Fusion!EnableLog] (DWORD) auf 1 festlegen.
Hinweis: Die Protokollierung der Assemblybindungsfehler führt zu einer gewissen Leistungseinbuße.
Sie können dieses Feature deaktivieren, indem Sie den Registrierungswert [HKLM\Software\Microsoft\Fusion!EnableLog] entfernen.



TpTrace Warning: 0 : 6024, 3, 2022/11/09, 22:21:42.629, 2792158692196, testhost.net48.exe, LoaderExceptions: System.IO.FileNotFoundException: Die Datei oder Assembly "System.Threading.Tasks.Extensions, Version=4.2.0.0, Culture=neutral, PublicKeyToken=cc7b13ffcd2ddd51" oder eine Abhängigkeit davon wurde nicht gefunden. Das System kann die angegebene Datei nicht finden.
File name: 'System.Threading.Tasks.Extensions, Version=4.2.0.0, Culture=neutral, PublicKeyToken=cc7b13ffcd2ddd51'
   at System.Reflection.RuntimeAssembly._nLoad(AssemblyName fileName, String codeBase, Evidence assemblySecurity, RuntimeAssembly locationHint, StackCrawlMark& stackMark, IntPtr pPrivHostBinder, Boolean throwOnFileNotFound, Boolean forIntrospection, Boolean suppressSecurityChecks)
   at System.Reflection.RuntimeAssembly.InternalLoadAssemblyName(AssemblyName assemblyRef, Evidence assemblySecurity, RuntimeAssembly reqAssembly, StackCrawlMark& stackMark, IntPtr pPrivHostBinder, Boolean throwOnFileNotFound, Boolean forIntrospection, Boolean suppressSecurityChecks)
   at System.Reflection.Assembly.Load(AssemblyName assemblyRef)
   at Microsoft.VisualStudio.TestPlatform.Common.ExtensionFramework.TestPluginCache.CurrentDomainAssemblyResolve(Object sender, AssemblyResolveEventArgs args)
   at System.AppDomain.OnAssemblyResolveEvent(RuntimeAssembly assembly, String assemblyFullName)

WRN: Protokollierung der Assemblybindung ist AUS.
Sie können die Protokollierung der Assemblybindungsfehler aktivieren, indem Sie den Registrierungswert [HKLM\Software\Microsoft\Fusion!EnableLog] (DWORD) auf 1 festlegen.
Hinweis: Die Protokollierung der Assemblybindungsfehler führt zu einer gewissen Leistungseinbuße.
Sie können dieses Feature deaktivieren, indem Sie den Registrierungswert [HKLM\Software\Microsoft\Fusion!EnableLog] entfernen.

TpTrace Information: 0 : 6024, 3, 2022/11/09, 22:21:42.632, 2792158726359, testhost.net48.exe, AssemblyResolver.OnResolve: Microsoft.TestPlatform.Extensions.BlameDataCollector: Resolving assembly.
TpTrace Information: 0 : 6024, 3, 2022/11/09, 22:21:42.632, 2792158727592, testhost.net48.exe, AssemblyResolver.OnResolve: Microsoft.TestPlatform.Extensions.BlameDataCollector: Searching in: 'C:\Program Files\dotnet\sdk\6.0.401\Extensions'.
TpTrace Information: 0 : 6024, 3, 2022/11/09, 22:21:42.633, 2792158735639, testhost.net48.exe, AssemblyResolver.OnResolve: Microsoft.TestPlatform.Extensions.BlameDataCollector: Loading assembly 'C:\Program Files\dotnet\sdk\6.0.401\Extensions\Microsoft.TestPlatform.Extensions.BlameDataCollector.dll'.
TpTrace Information: 0 : 6024, 3, 2022/11/09, 22:21:42.635, 2792158757376, testhost.net48.exe, AssemblyResolver.OnResolve: Resolved assembly: Microsoft.TestPlatform.Extensions.BlameDataCollector, from path: C:\Program Files\dotnet\sdk\6.0.401\Extensions\Microsoft.TestPlatform.Extensions.BlameDataCollector.dll
TpTrace Verbose: 0 : 6024, 3, 2022/11/09, 22:21:42.636, 2792158759710, testhost.net48.exe, MetadataReaderExtensionsHelper: Discovering extensions inside assembly 'Microsoft.TestPlatform.Extensions.BlameDataCollector, Version=15.0.0.0, Culture=neutral, PublicKeyToken=b03f5f7f11d50a3a' file path 'C:\Program Files\dotnet\sdk\6.0.401\Extensions\Microsoft.TestPlatform.Extensions.BlameDataCollector.dll'
TpTrace Information: 0 : 6024, 3, 2022/11/09, 22:21:42.647, 2792158871552, testhost.net48.exe, AssemblyResolver.OnResolve: Microsoft.TestPlatform.Extensions.EventLogCollector: Resolving assembly.
TpTrace Information: 0 : 6024, 3, 2022/11/09, 22:21:42.647, 2792158872607, testhost.net48.exe, AssemblyResolver.OnResolve: Microsoft.TestPlatform.Extensions.EventLogCollector: Searching in: 'C:\Program Files\dotnet\sdk\6.0.401\Extensions'.
TpTrace Information: 0 : 6024, 3, 2022/11/09, 22:21:42.648, 2792158877977, testhost.net48.exe, AssemblyResolver.OnResolve: Microsoft.TestPlatform.Extensions.EventLogCollector: Loading assembly 'C:\Program Files\dotnet\sdk\6.0.401\Extensions\Microsoft.TestPlatform.Extensions.EventLogCollector.dll'.
TpTrace Information: 0 : 6024, 3, 2022/11/09, 22:21:42.649, 2792158894037, testhost.net48.exe, AssemblyResolver.OnResolve: Resolved assembly: Microsoft.TestPlatform.Extensions.EventLogCollector, from path: C:\Program Files\dotnet\sdk\6.0.401\Extensions\Microsoft.TestPlatform.Extensions.EventLogCollector.dll
TpTrace Verbose: 0 : 6024, 3, 2022/11/09, 22:21:42.649, 2792158896430, testhost.net48.exe, MetadataReaderExtensionsHelper: Discovering extensions inside assembly 'Microsoft.TestPlatform.Extensions.EventLogCollector, Version=15.0.0.0, Culture=neutral, PublicKeyToken=b03f5f7f11d50a3a' file path 'C:\Program Files\dotnet\sdk\6.0.401\Extensions\Microsoft.TestPlatform.Extensions.EventLogCollector.dll'
TpTrace Information: 0 : 6024, 3, 2022/11/09, 22:21:42.653, 2792158935019, testhost.net48.exe, AssemblyResolver.OnResolve: Microsoft.TestPlatform.TestHostRuntimeProvider: Resolving assembly.
TpTrace Information: 0 : 6024, 3, 2022/11/09, 22:21:42.653, 2792158936690, testhost.net48.exe, AssemblyResolver.OnResolve: Microsoft.TestPlatform.TestHostRuntimeProvider: Searching in: 'C:\Program Files\dotnet\sdk\6.0.401\Extensions'.
TpTrace Information: 0 : 6024, 3, 2022/11/09, 22:21:42.654, 2792158942692, testhost.net48.exe, AssemblyResolver.OnResolve: Microsoft.TestPlatform.TestHostRuntimeProvider: Loading assembly 'C:\Program Files\dotnet\sdk\6.0.401\Extensions\Microsoft.TestPlatform.TestHostRuntimeProvider.dll'.
TpTrace Information: 0 : 6024, 3, 2022/11/09, 22:21:42.656, 2792158964923, testhost.net48.exe, AssemblyResolver.OnResolve: Resolved assembly: Microsoft.TestPlatform.TestHostRuntimeProvider, from path: C:\Program Files\dotnet\sdk\6.0.401\Extensions\Microsoft.TestPlatform.TestHostRuntimeProvider.dll
TpTrace Verbose: 0 : 6024, 3, 2022/11/09, 22:21:42.657, 2792158967802, testhost.net48.exe, MetadataReaderExtensionsHelper: Discovering extensions inside assembly 'Microsoft.TestPlatform.TestHostRuntimeProvider, Version=15.0.0.0, Culture=neutral, PublicKeyToken=b03f5f7f11d50a3a' file path 'C:\Program Files\dotnet\sdk\6.0.401\Extensions\Microsoft.TestPlatform.TestHostRuntimeProvider.dll'
TpTrace Information: 0 : 6024, 3, 2022/11/09, 22:21:42.662, 2792159024415, testhost.net48.exe, AssemblyResolver.OnResolve: Microsoft.VisualStudio.TestPlatform.Extensions.Html.TestLogger: Resolving assembly.
TpTrace Information: 0 : 6024, 3, 2022/11/09, 22:21:42.662, 2792159025735, testhost.net48.exe, AssemblyResolver.OnResolve: Microsoft.VisualStudio.TestPlatform.Extensions.Html.TestLogger: Searching in: 'C:\Program Files\dotnet\sdk\6.0.401\Extensions'.
TpTrace Information: 0 : 6024, 3, 2022/11/09, 22:21:42.663, 2792159032102, testhost.net48.exe, AssemblyResolver.OnResolve: Microsoft.VisualStudio.TestPlatform.Extensions.Html.TestLogger: Loading assembly 'C:\Program Files\dotnet\sdk\6.0.401\Extensions\Microsoft.VisualStudio.TestPlatform.Extensions.Html.TestLogger.dll'.
TpTrace Information: 0 : 6024, 3, 2022/11/09, 22:21:42.665, 2792159053059, testhost.net48.exe, AssemblyResolver.OnResolve: Resolved assembly: Microsoft.VisualStudio.TestPlatform.Extensions.Html.TestLogger, from path: C:\Program Files\dotnet\sdk\6.0.401\Extensions\Microsoft.VisualStudio.TestPlatform.Extensions.Html.TestLogger.dll
TpTrace Verbose: 0 : 6024, 3, 2022/11/09, 22:21:42.665, 2792159055380, testhost.net48.exe, MetadataReaderExtensionsHelper: Discovering extensions inside assembly 'Microsoft.VisualStudio.TestPlatform.Extensions.Html.TestLogger, Version=15.0.0.0, Culture=neutral, PublicKeyToken=b03f5f7f11d50a3a' file path 'C:\Program Files\dotnet\sdk\6.0.401\Extensions\Microsoft.VisualStudio.TestPlatform.Extensions.Html.TestLogger.dll'
TpTrace Information: 0 : 6024, 3, 2022/11/09, 22:21:42.670, 2792159106411, testhost.net48.exe, AssemblyResolver.OnResolve: Microsoft.VisualStudio.TestPlatform.Extensions.Trx.TestLogger: Resolving assembly.
TpTrace Information: 0 : 6024, 3, 2022/11/09, 22:21:42.671, 2792159107688, testhost.net48.exe, AssemblyResolver.OnResolve: Microsoft.VisualStudio.TestPlatform.Extensions.Trx.TestLogger: Searching in: 'C:\Program Files\dotnet\sdk\6.0.401\Extensions'.
TpTrace Information: 0 : 6024, 3, 2022/11/09, 22:21:42.671, 2792159114186, testhost.net48.exe, AssemblyResolver.OnResolve: Microsoft.VisualStudio.TestPlatform.Extensions.Trx.TestLogger: Loading assembly 'C:\Program Files\dotnet\sdk\6.0.401\Extensions\Microsoft.VisualStudio.TestPlatform.Extensions.Trx.TestLogger.dll'.
TpTrace Information: 0 : 6024, 3, 2022/11/09, 22:21:42.674, 2792159138341, testhost.net48.exe, AssemblyResolver.OnResolve: Resolved assembly: Microsoft.VisualStudio.TestPlatform.Extensions.Trx.TestLogger, from path: C:\Program Files\dotnet\sdk\6.0.401\Extensions\Microsoft.VisualStudio.TestPlatform.Extensions.Trx.TestLogger.dll
TpTrace Verbose: 0 : 6024, 3, 2022/11/09, 22:21:42.674, 2792159140884, testhost.net48.exe, MetadataReaderExtensionsHelper: Discovering extensions inside assembly 'Microsoft.VisualStudio.TestPlatform.Extensions.Trx.TestLogger, Version=15.0.0.0, Culture=neutral, PublicKeyToken=b03f5f7f11d50a3a' file path 'C:\Program Files\dotnet\sdk\6.0.401\Extensions\Microsoft.VisualStudio.TestPlatform.Extensions.Trx.TestLogger.dll'
TpTrace Information: 0 : 6024, 3, 2022/11/09, 22:21:42.679, 2792159194134, testhost.net48.exe, AssemblyResolver.OnResolve: NUnit3.TestAdapter: Resolving assembly.
TpTrace Information: 0 : 6024, 3, 2022/11/09, 22:21:42.679, 2792159195298, testhost.net48.exe, AssemblyResolver.OnResolve: NUnit3.TestAdapter: Searching in: 'C:\Program Files\dotnet\sdk\6.0.401\Extensions'.
TpTrace Information: 0 : 6024, 3, 2022/11/09, 22:21:42.679, 2792159196576, testhost.net48.exe, AssemblyResolver.OnResolve: NUnit3.TestAdapter: Assembly path does not exist: 'C:\Program Files\dotnet\sdk\6.0.401\Extensions\NUnit3.TestAdapter.dll', returning.
TpTrace Information: 0 : 6024, 3, 2022/11/09, 22:21:42.680, 2792159197904, testhost.net48.exe, AssemblyResolver.OnResolve: NUnit3.TestAdapter: Assembly path does not exist: 'C:\Program Files\dotnet\sdk\6.0.401\Extensions\NUnit3.TestAdapter.exe', returning.
TpTrace Information: 0 : 6024, 3, 2022/11/09, 22:21:42.680, 2792159198517, testhost.net48.exe, AssemblyResolver.OnResolve: NUnit3.TestAdapter: Searching in: 'H:\PROJECTS\OOP_Term\SolutionTest\bin\Debug\net48\fine-code-coverage\build-output'.
TpTrace Information: 0 : 6024, 3, 2022/11/09, 22:21:42.680, 2792159203881, testhost.net48.exe, AssemblyResolver.OnResolve: NUnit3.TestAdapter: Loading assembly 'H:\PROJECTS\OOP_Term\SolutionTest\bin\Debug\net48\fine-code-coverage\build-output\NUnit3.TestAdapter.dll'.
TpTrace Information: 0 : 6024, 3, 2022/11/09, 22:21:42.683, 2792159227816, testhost.net48.exe, AssemblyResolver.OnResolve: Resolved assembly: NUnit3.TestAdapter, from path: H:\PROJECTS\OOP_Term\SolutionTest\bin\Debug\net48\fine-code-coverage\build-output\NUnit3.TestAdapter.dll
TpTrace Verbose: 0 : 6024, 3, 2022/11/09, 22:21:42.683, 2792159231578, testhost.net48.exe, MetadataReaderExtensionsHelper: Discovering extensions inside assembly 'NUnit3.TestAdapter, Version=3.16.1.0, Culture=neutral, PublicKeyToken=4cb40d35494691ac' file path 'H:\PROJECTS\OOP_Term\SolutionTest\bin\Debug\net48\fine-code-coverage\build-output\NUnit3.TestAdapter.dll'
TpTrace Information: 0 : 6024, 3, 2022/11/09, 22:21:42.692, 2792159324796, testhost.net48.exe, GetTestExtensionFromType: Register extension with identifier data 'executor://NUnit3TestExecutor' and type 'NUnit.VisualStudio.TestAdapter.NUnit3TestExecutor, NUnit3.TestAdapter, Version=3.16.1.0, Culture=neutral, PublicKeyToken=4cb40d35494691ac' inside file 'H:\PROJECTS\OOP_Term\SolutionTest\bin\Debug\net48\fine-code-coverage\build-output\NUnit3.TestAdapter.dll'
TpTrace Verbose: 0 : 6024, 3, 2022/11/09, 22:21:42.701, 2792159412205, testhost.net48.exe, TestPluginCache: Discovered the extensions using extension path ''.
TpTrace Verbose: 0 : 6024, 3, 2022/11/09, 22:21:42.705, 2792159450949, testhost.net48.exe, TestPluginCache: Discoverers are ''.
TpTrace Verbose: 0 : 6024, 3, 2022/11/09, 22:21:42.705, 2792159452541, testhost.net48.exe, TestPluginCache: Executors are 'executor://NUnit3TestExecutor'.
TpTrace Verbose: 0 : 6024, 3, 2022/11/09, 22:21:42.705, 2792159453008, testhost.net48.exe, TestPluginCache: Executors2 are ''.
TpTrace Verbose: 0 : 6024, 3, 2022/11/09, 22:21:42.705, 2792159453487, testhost.net48.exe, TestPluginCache: Setting providers are ''.
TpTrace Verbose: 0 : 6024, 3, 2022/11/09, 22:21:42.705, 2792159453922, testhost.net48.exe, TestPluginCache: Loggers are ''.
TpTrace Verbose: 0 : 6024, 3, 2022/11/09, 22:21:42.705, 2792159454358, testhost.net48.exe, TestPluginCache: TestHosts are ''.
TpTrace Verbose: 0 : 6024, 3, 2022/11/09, 22:21:42.705, 2792159454818, testhost.net48.exe, TestPluginCache: DataCollectors are ''.
TpTrace Verbose: 0 : 6024, 3, 2022/11/09, 22:21:42.711, 2792159516483, testhost.net48.exe, TestPluginCache.DiscoverTestExtensions: finding test extensions in assemblies ends with: TestAdapter.dll TPluginInfo: Microsoft.VisualStudio.TestPlatform.Common.ExtensionFramework.Utilities.TestExecutorPluginInformation2 TExtension: Microsoft.VisualStudio.TestPlatform.ObjectModel.Adapter.ITestExecutor2
TpTrace Verbose: 0 : 6024, 3, 2022/11/09, 22:21:42.712, 2792159524355, testhost.net48.exe, TestPluginCache.GetExtensionPaths: Filtered extension paths: 
TpTrace Verbose: 0 : 6024, 3, 2022/11/09, 22:21:42.712, 2792159525294, testhost.net48.exe, TestPluginCache.GetExtensionPaths: Added default extension paths: C:\Program Files\dotnet\sdk\6.0.401\Extensions\Microsoft.Diagnostics.NETCore.Client.dll
C:\Program Files\dotnet\sdk\6.0.401\Extensions\Microsoft.TestPlatform.Extensions.BlameDataCollector.dll
C:\Program Files\dotnet\sdk\6.0.401\Extensions\Microsoft.TestPlatform.Extensions.EventLogCollector.dll
C:\Program Files\dotnet\sdk\6.0.401\Extensions\Microsoft.TestPlatform.TestHostRuntimeProvider.dll
C:\Program Files\dotnet\sdk\6.0.401\Extensions\Microsoft.VisualStudio.TestPlatform.Extensions.Html.TestLogger.dll
C:\Program Files\dotnet\sdk\6.0.401\Extensions\Microsoft.VisualStudio.TestPlatform.Extensions.Trx.TestLogger.dll
H:\PROJECTS\OOP_Term\SolutionTest\bin\Debug\net48\fine-code-coverage\build-output\NUnit3.TestAdapter.dll
TpTrace Verbose: 0 : 6024, 3, 2022/11/09, 22:21:42.712, 2792159525975, testhost.net48.exe, TestPluginCache.GetExtensionPaths: Added unfilterableExtensionPaths: 
TpTrace Information: 0 : 6024, 3, 2022/11/09, 22:21:42.713, 2792159528769, testhost.net48.exe, AssemblyResolver.AddSearchDirectories: Adding more searchDirectories C:\Program Files\dotnet\sdk\6.0.401\Extensions,H:\PROJECTS\OOP_Term\SolutionTest\bin\Debug\net48\fine-code-coverage\build-output,C:\Program Files\dotnet\sdk\6.0.401\TestHost
TpTrace Verbose: 0 : 6024, 3, 2022/11/09, 22:21:42.713, 2792159529495, testhost.net48.exe, TestPluginCache.DiscoverTestExtensions: Discovering the extensions using extension path.
TpTrace Verbose: 0 : 6024, 3, 2022/11/09, 22:21:42.713, 2792159530054, testhost.net48.exe, TestPluginCache.GetExtensionPaths: Filtered extension paths: 
TpTrace Verbose: 0 : 6024, 3, 2022/11/09, 22:21:42.713, 2792159530597, testhost.net48.exe, TestPluginCache.GetExtensionPaths: Added default extension paths: C:\Program Files\dotnet\sdk\6.0.401\Extensions\Microsoft.Diagnostics.NETCore.Client.dll
C:\Program Files\dotnet\sdk\6.0.401\Extensions\Microsoft.TestPlatform.Extensions.BlameDataCollector.dll
C:\Program Files\dotnet\sdk\6.0.401\Extensions\Microsoft.TestPlatform.Extensions.EventLogCollector.dll
C:\Program Files\dotnet\sdk\6.0.401\Extensions\Microsoft.TestPlatform.TestHostRuntimeProvider.dll
C:\Program Files\dotnet\sdk\6.0.401\Extensions\Microsoft.VisualStudio.TestPlatform.Extensions.Html.TestLogger.dll
C:\Program Files\dotnet\sdk\6.0.401\Extensions\Microsoft.VisualStudio.TestPlatform.Extensions.Trx.TestLogger.dll
H:\PROJECTS\OOP_Term\SolutionTest\bin\Debug\net48\fine-code-coverage\build-output\NUnit3.TestAdapter.dll
TpTrace Verbose: 0 : 6024, 3, 2022/11/09, 22:21:42.713, 2792159531244, testhost.net48.exe, TestPluginCache.GetExtensionPaths: Added unfilterableExtensionPaths: 
TpTrace Verbose: 0 : 6024, 3, 2022/11/09, 22:21:42.713, 2792159531868, testhost.net48.exe, TestPluginCache.DiscoverTestExtensions: Discovering the extensions using allExtensionPaths: C:\Program Files\dotnet\sdk\6.0.401\Extensions\Microsoft.Diagnostics.NETCore.Client.dll
C:\Program Files\dotnet\sdk\6.0.401\Extensions\Microsoft.TestPlatform.Extensions.BlameDataCollector.dll
C:\Program Files\dotnet\sdk\6.0.401\Extensions\Microsoft.TestPlatform.Extensions.EventLogCollector.dll
C:\Program Files\dotnet\sdk\6.0.401\Extensions\Microsoft.TestPlatform.TestHostRuntimeProvider.dll
C:\Program Files\dotnet\sdk\6.0.401\Extensions\Microsoft.VisualStudio.TestPlatform.Extensions.Html.TestLogger.dll
C:\Program Files\dotnet\sdk\6.0.401\Extensions\Microsoft.VisualStudio.TestPlatform.Extensions.Trx.TestLogger.dll
H:\PROJECTS\OOP_Term\SolutionTest\bin\Debug\net48\fine-code-coverage\build-output\NUnit3.TestAdapter.dll
TpTrace Information: 0 : 6024, 3, 2022/11/09, 22:21:42.713, 2792159533014, testhost.net48.exe, AssemblyResolver.AddSearchDirectories: Adding more searchDirectories C:\Program Files\dotnet\sdk\6.0.401\Extensions,C:\Program Files\dotnet\sdk\6.0.401\TestHost
TpTrace Information: 0 : 6024, 3, 2022/11/09, 22:21:42.713, 2792159534562, testhost.net48.exe, AssemblyResolver.AddSearchDirectories: Adding more searchDirectories C:\Program Files\dotnet\sdk\6.0.401\Extensions,C:\Program Files\dotnet\sdk\6.0.401\TestHost
TpTrace Information: 0 : 6024, 3, 2022/11/09, 22:21:42.713, 2792159535348, testhost.net48.exe, AssemblyResolver.AddSearchDirectories: Adding more searchDirectories C:\Program Files\dotnet\sdk\6.0.401\Extensions,C:\Program Files\dotnet\sdk\6.0.401\TestHost
TpTrace Information: 0 : 6024, 3, 2022/11/09, 22:21:42.713, 2792159536066, testhost.net48.exe, AssemblyResolver.AddSearchDirectories: Adding more searchDirectories C:\Program Files\dotnet\sdk\6.0.401\Extensions,C:\Program Files\dotnet\sdk\6.0.401\TestHost
TpTrace Information: 0 : 6024, 3, 2022/11/09, 22:21:42.713, 2792159536744, testhost.net48.exe, AssemblyResolver.AddSearchDirectories: Adding more searchDirectories C:\Program Files\dotnet\sdk\6.0.401\Extensions,C:\Program Files\dotnet\sdk\6.0.401\TestHost
TpTrace Information: 0 : 6024, 3, 2022/11/09, 22:21:42.713, 2792159537410, testhost.net48.exe, AssemblyResolver.AddSearchDirectories: Adding more searchDirectories C:\Program Files\dotnet\sdk\6.0.401\Extensions,C:\Program Files\dotnet\sdk\6.0.401\TestHost
TpTrace Information: 0 : 6024, 3, 2022/11/09, 22:21:42.714, 2792159538179, testhost.net48.exe, AssemblyResolver.AddSearchDirectories: Adding more searchDirectories H:\PROJECTS\OOP_Term\SolutionTest\bin\Debug\net48\fine-code-coverage\build-output,C:\Program Files\dotnet\sdk\6.0.401\TestHost
TpTrace Verbose: 0 : 6024, 3, 2022/11/09, 22:21:42.714, 2792159540185, testhost.net48.exe, MetadataReaderExtensionsHelper: Discovering extensions inside assembly 'Microsoft.Diagnostics.NETCore.Client, Version=0.2.5.801, Culture=neutral, PublicKeyToken=31bf3856ad364e35' file path 'C:\Program Files\dotnet\sdk\6.0.401\Extensions\Microsoft.Diagnostics.NETCore.Client.dll'
TpTrace Warning: 0 : 6024, 3, 2022/11/09, 22:21:42.716, 2792159567349, testhost.net48.exe, TestPluginDiscoverer: Failed to get types from assembly 'Microsoft.Diagnostics.NETCore.Client, Version=0.2.5.801, Culture=neutral, PublicKeyToken=31bf3856ad364e35'. Error: System.Reflection.ReflectionTypeLoadException: Unable to load one or more of the requested types. Retrieve the LoaderExceptions property for more information.
   at System.Reflection.RuntimeModule.GetTypes(RuntimeModule module)
   at System.Reflection.Assembly.GetTypes()
   at Microsoft.VisualStudio.TestPlatform.Common.ExtensionFramework.TestPluginDiscoverer.GetTestExtensionsFromAssembly[TPluginInfo,TExtension](Assembly assembly, Dictionary`2 pluginInfos, String filePath)
TpTrace Warning: 0 : 6024, 3, 2022/11/09, 22:21:42.717, 2792159573665, testhost.net48.exe, LoaderExceptions: System.IO.FileNotFoundException: Die Datei oder Assembly "Microsoft.Bcl.AsyncInterfaces, Version=1.0.0.0, Culture=neutral, PublicKeyToken=cc7b13ffcd2ddd51" oder eine Abhängigkeit davon wurde nicht gefunden. Das System kann die angegebene Datei nicht finden.
File name: 'Microsoft.Bcl.AsyncInterfaces, Version=1.0.0.0, Culture=neutral, PublicKeyToken=cc7b13ffcd2ddd51'
   at System.Reflection.RuntimeAssembly._nLoad(AssemblyName fileName, String codeBase, Evidence assemblySecurity, RuntimeAssembly locationHint, StackCrawlMark& stackMark, IntPtr pPrivHostBinder, Boolean throwOnFileNotFound, Boolean forIntrospection, Boolean suppressSecurityChecks)
   at System.Reflection.RuntimeAssembly.InternalLoadAssemblyName(AssemblyName assemblyRef, Evidence assemblySecurity, RuntimeAssembly reqAssembly, StackCrawlMark& stackMark, IntPtr pPrivHostBinder, Boolean throwOnFileNotFound, Boolean forIntrospection, Boolean suppressSecurityChecks)
   at System.Reflection.Assembly.Load(AssemblyName assemblyRef)
   at Microsoft.VisualStudio.TestPlatform.Common.ExtensionFramework.TestPluginCache.CurrentDomainAssemblyResolve(Object sender, AssemblyResolveEventArgs args)
   at System.AppDomain.OnAssemblyResolveEvent(RuntimeAssembly assembly, String assemblyFullName)

WRN: Protokollierung der Assemblybindung ist AUS.
Sie können die Protokollierung der Assemblybindungsfehler aktivieren, indem Sie den Registrierungswert [HKLM\Software\Microsoft\Fusion!EnableLog] (DWORD) auf 1 festlegen.
Hinweis: Die Protokollierung der Assemblybindungsfehler führt zu einer gewissen Leistungseinbuße.
Sie können dieses Feature deaktivieren, indem Sie den Registrierungswert [HKLM\Software\Microsoft\Fusion!EnableLog] entfernen.

TpTrace Warning: 0 : 6024, 3, 2022/11/09, 22:21:42.717, 2792159576764, testhost.net48.exe, LoaderExceptions: System.IO.FileNotFoundException: Die Datei oder Assembly "System.Threading.Tasks.Extensions, Version=4.2.0.0, Culture=neutral, PublicKeyToken=cc7b13ffcd2ddd51" oder eine Abhängigkeit davon wurde nicht gefunden. Das System kann die angegebene Datei nicht finden.
File name: 'System.Threading.Tasks.Extensions, Version=4.2.0.0, Culture=neutral, PublicKeyToken=cc7b13ffcd2ddd51'
   at System.Reflection.RuntimeAssembly._nLoad(AssemblyName fileName, String codeBase, Evidence assemblySecurity, RuntimeAssembly locationHint, StackCrawlMark& stackMark, IntPtr pPrivHostBinder, Boolean throwOnFileNotFound, Boolean forIntrospection, Boolean suppressSecurityChecks)
   at System.Reflection.RuntimeAssembly.InternalLoadAssemblyName(AssemblyName assemblyRef, Evidence assemblySecurity, RuntimeAssembly reqAssembly, StackCrawlMark& stackMark, IntPtr pPrivHostBinder, Boolean throwOnFileNotFound, Boolean forIntrospection, Boolean suppressSecurityChecks)
   at System.Reflection.Assembly.Load(AssemblyName assemblyRef)
   at Microsoft.VisualStudio.TestPlatform.Common.ExtensionFramework.TestPluginCache.CurrentDomainAssemblyResolve(Object sender, AssemblyResolveEventArgs args)
   at System.AppDomain.OnAssemblyResolveEvent(RuntimeAssembly assembly, String assemblyFullName)

WRN: Protokollierung der Assemblybindung ist AUS.
Sie können die Protokollierung der Assemblybindungsfehler aktivieren, indem Sie den Registrierungswert [HKLM\Software\Microsoft\Fusion!EnableLog] (DWORD) auf 1 festlegen.
Hinweis: Die Protokollierung der Assemblybindungsfehler führt zu einer gewissen Leistungseinbuße.
Sie können dieses Feature deaktivieren, indem Sie den Registrierungswert [HKLM\Software\Microsoft\Fusion!EnableLog] entfernen.

TpTrace Warning: 0 : 6024, 3, 2022/11/09, 22:21:42.718, 2792159578546, testhost.net48.exe, LoaderExceptions: System.IO.FileNotFoundException: Die Datei oder Assembly "System.Threading.Tasks.Extensions, Version=4.2.0.0, Culture=neutral, PublicKeyToken=cc7b13ffcd2ddd51" oder eine Abhängigkeit davon wurde nicht gefunden. Das System kann die angegebene Datei nicht finden.
File name: 'System.Threading.Tasks.Extensions, Version=4.2.0.0, Culture=neutral, PublicKeyToken=cc7b13ffcd2ddd51'
   at System.Reflection.RuntimeAssembly._nLoad(AssemblyName fileName, String codeBase, Evidence assemblySecurity, RuntimeAssembly locationHint, StackCrawlMark& stackMark, IntPtr pPrivHostBinder, Boolean throwOnFileNotFound, Boolean forIntrospection, Boolean suppressSecurityChecks)
   at System.Reflection.RuntimeAssembly.InternalLoadAssemblyName(AssemblyName assemblyRef, Evidence assemblySecurity, RuntimeAssembly reqAssembly, StackCrawlMark& stackMark, IntPtr pPrivHostBinder, Boolean throwOnFileNotFound, Boolean forIntrospection, Boolean suppressSecurityChecks)
   at System.Reflection.Assembly.Load(AssemblyName assemblyRef)
   at Microsoft.VisualStudio.TestPlatform.Common.ExtensionFramework.TestPluginCache.CurrentDomainAssemblyResolve(Object sender, AssemblyResolveEventArgs args)
   at System.AppDomain.OnAssemblyResolveEvent(RuntimeAssembly assembly, String assemblyFullName)

WRN: Protokollierung der Assemblybindung ist AUS.
Sie können die Protokollierung der Assemblybindungsfehler aktivieren, indem Sie den Registrierungswert [HKLM\Software\Microsoft\Fusion!EnableLog] (DWORD) auf 1 festlegen.
Hinweis: Die Protokollierung der Assemblybindungsfehler führt zu einer gewissen Leistungseinbuße.
Sie können dieses Feature deaktivieren, indem Sie den Registrierungswert [HKLM\Software\Microsoft\Fusion!EnableLog] entfernen.

TpTrace Verbose: 0 : 6024, 3, 2022/11/09, 22:21:42.718, 2792159580932, testhost.net48.exe, MetadataReaderExtensionsHelper: Discovering extensions inside assembly 'Microsoft.TestPlatform.Extensions.BlameDataCollector, Version=15.0.0.0, Culture=neutral, PublicKeyToken=b03f5f7f11d50a3a' file path 'C:\Program Files\dotnet\sdk\6.0.401\Extensions\Microsoft.TestPlatform.Extensions.BlameDataCollector.dll'
TpTrace Verbose: 0 : 6024, 3, 2022/11/09, 22:21:42.719, 2792159593803, testhost.net48.exe, MetadataReaderExtensionsHelper: Discovering extensions inside assembly 'Microsoft.TestPlatform.Extensions.EventLogCollector, Version=15.0.0.0, Culture=neutral, PublicKeyToken=b03f5f7f11d50a3a' file path 'C:\Program Files\dotnet\sdk\6.0.401\Extensions\Microsoft.TestPlatform.Extensions.EventLogCollector.dll'
TpTrace Verbose: 0 : 6024, 3, 2022/11/09, 22:21:42.720, 2792159604964, testhost.net48.exe, MetadataReaderExtensionsHelper: Discovering extensions inside assembly 'Microsoft.TestPlatform.TestHostRuntimeProvider, Version=15.0.0.0, Culture=neutral, PublicKeyToken=b03f5f7f11d50a3a' file path 'C:\Program Files\dotnet\sdk\6.0.401\Extensions\Microsoft.TestPlatform.TestHostRuntimeProvider.dll'
TpTrace Verbose: 0 : 6024, 3, 2022/11/09, 22:21:42.721, 2792159615843, testhost.net48.exe, MetadataReaderExtensionsHelper: Discovering extensions inside assembly 'Microsoft.VisualStudio.TestPlatform.Extensions.Html.TestLogger, Version=15.0.0.0, Culture=neutral, PublicKeyToken=b03f5f7f11d50a3a' file path 'C:\Program Files\dotnet\sdk\6.0.401\Extensions\Microsoft.VisualStudio.TestPlatform.Extensions.Html.TestLogger.dll'
TpTrace Verbose: 0 : 6024, 3, 2022/11/09, 22:21:42.723, 2792159628048, testhost.net48.exe, MetadataReaderExtensionsHelper: Discovering extensions inside assembly 'Microsoft.VisualStudio.TestPlatform.Extensions.Trx.TestLogger, Version=15.0.0.0, Culture=neutral, PublicKeyToken=b03f5f7f11d50a3a' file path 'C:\Program Files\dotnet\sdk\6.0.401\Extensions\Microsoft.VisualStudio.TestPlatform.Extensions.Trx.TestLogger.dll'
TpTrace Verbose: 0 : 6024, 3, 2022/11/09, 22:21:42.724, 2792159644040, testhost.net48.exe, MetadataReaderExtensionsHelper: Discovering extensions inside assembly 'NUnit3.TestAdapter, Version=3.16.1.0, Culture=neutral, PublicKeyToken=4cb40d35494691ac' file path 'H:\PROJECTS\OOP_Term\SolutionTest\bin\Debug\net48\fine-code-coverage\build-output\NUnit3.TestAdapter.dll'
TpTrace Verbose: 0 : 6024, 3, 2022/11/09, 22:21:42.725, 2792159656985, testhost.net48.exe, TestPluginCache: Discovered the extensions using extension path ''.
TpTrace Verbose: 0 : 6024, 3, 2022/11/09, 22:21:42.726, 2792159657801, testhost.net48.exe, TestPluginCache: Discoverers are ''.
TpTrace Verbose: 0 : 6024, 3, 2022/11/09, 22:21:42.726, 2792159658397, testhost.net48.exe, TestPluginCache: Executors are 'executor://NUnit3TestExecutor'.
TpTrace Verbose: 0 : 6024, 3, 2022/11/09, 22:21:42.726, 2792159658958, testhost.net48.exe, TestPluginCache: Executors2 are ''.
TpTrace Verbose: 0 : 6024, 3, 2022/11/09, 22:21:42.726, 2792159659401, testhost.net48.exe, TestPluginCache: Setting providers are ''.
TpTrace Verbose: 0 : 6024, 3, 2022/11/09, 22:21:42.726, 2792159659895, testhost.net48.exe, TestPluginCache: Loggers are ''.
TpTrace Verbose: 0 : 6024, 3, 2022/11/09, 22:21:42.726, 2792159660324, testhost.net48.exe, TestPluginCache: TestHosts are ''.
TpTrace Verbose: 0 : 6024, 3, 2022/11/09, 22:21:42.726, 2792159660801, testhost.net48.exe, TestPluginCache: DataCollectors are ''.
TpTrace Information: 0 : 6024, 3, 2022/11/09, 22:21:42.736, 2792159767169, testhost.net48.exe, AssemblyResolver.OnResolve: NUnit3.TestAdapter, Version=3.16.1.0, Culture=neutral, PublicKeyToken=4cb40d35494691ac: Resolving assembly.
TpTrace Information: 0 : 6024, 3, 2022/11/09, 22:21:42.737, 2792159768905, testhost.net48.exe, AssemblyResolver.OnResolve: NUnit3.TestAdapter, Version=3.16.1.0, Culture=neutral, PublicKeyToken=4cb40d35494691ac: Searching in: 'C:\Program Files\dotnet\sdk\6.0.401\Extensions'.
TpTrace Information: 0 : 6024, 3, 2022/11/09, 22:21:42.737, 2792159770967, testhost.net48.exe, AssemblyResolver.OnResolve: NUnit3.TestAdapter, Version=3.16.1.0, Culture=neutral, PublicKeyToken=4cb40d35494691ac: Assembly path does not exist: 'C:\Program Files\dotnet\sdk\6.0.401\Extensions\NUnit3.TestAdapter.dll', returning.
TpTrace Information: 0 : 6024, 3, 2022/11/09, 22:21:42.737, 2792159772141, testhost.net48.exe, AssemblyResolver.OnResolve: NUnit3.TestAdapter, Version=3.16.1.0, Culture=neutral, PublicKeyToken=4cb40d35494691ac: Assembly path does not exist: 'C:\Program Files\dotnet\sdk\6.0.401\Extensions\NUnit3.TestAdapter.exe', returning.
TpTrace Information: 0 : 6024, 3, 2022/11/09, 22:21:42.737, 2792159772743, testhost.net48.exe, AssemblyResolver.OnResolve: NUnit3.TestAdapter, Version=3.16.1.0, Culture=neutral, PublicKeyToken=4cb40d35494691ac: Searching in: 'H:\PROJECTS\OOP_Term\SolutionTest\bin\Debug\net48\fine-code-coverage\build-output'.
TpTrace Information: 0 : 6024, 3, 2022/11/09, 22:21:42.738, 2792159779247, testhost.net48.exe, AssemblyResolver.OnResolve: NUnit3.TestAdapter, Version=3.16.1.0, Culture=neutral, PublicKeyToken=4cb40d35494691ac: Loading assembly 'H:\PROJECTS\OOP_Term\SolutionTest\bin\Debug\net48\fine-code-coverage\build-output\NUnit3.TestAdapter.dll'.
TpTrace Information: 0 : 6024, 3, 2022/11/09, 22:21:42.738, 2792159780322, testhost.net48.exe, AssemblyResolver.OnResolve: Resolved assembly: NUnit3.TestAdapter, Version=3.16.1.0, Culture=neutral, PublicKeyToken=4cb40d35494691ac, from path: H:\PROJECTS\OOP_Term\SolutionTest\bin\Debug\net48\fine-code-coverage\build-output\NUnit3.TestAdapter.dll
TpTrace Information: 0 : 6024, 3, 2022/11/09, 22:21:42.739, 2792159794962, testhost.net48.exe, TestPluginManager.CreateTestExtension: Attempting to load test extension: NUnit.VisualStudio.TestAdapter.NUnit3TestExecutor
TpTrace Verbose: 0 : 6024, 3, 2022/11/09, 22:21:42.740, 2792159805842, testhost.net48.exe, TestExecutorExtensionManager: Loading executor NUnit.VisualStudio.TestAdapter.NUnit3TestExecutor
TpTrace Verbose: 0 : 6024, 3, 2022/11/09, 22:21:42.740, 2792159806723, testhost.net48.exe, TestExecutorService: Loaded the executors
TpTrace Verbose: 0 : 6024, 3, 2022/11/09, 22:21:42.742, 2792159826416, testhost.net48.exe, TestPluginCache.DiscoverTestExtensions: finding test extensions in assemblies ends with: TestAdapter.dll TPluginInfo: Microsoft.VisualStudio.TestPlatform.Common.ExtensionFramework.Utilities.TestSettingsProviderPluginInformation TExtension: Microsoft.VisualStudio.TestPlatform.ObjectModel.Adapter.ISettingsProvider
TpTrace Verbose: 0 : 6024, 3, 2022/11/09, 22:21:42.743, 2792159827935, testhost.net48.exe, TestPluginCache.GetExtensionPaths: Filtered extension paths: 
TpTrace Verbose: 0 : 6024, 3, 2022/11/09, 22:21:42.743, 2792159828545, testhost.net48.exe, TestPluginCache.GetExtensionPaths: Added default extension paths: C:\Program Files\dotnet\sdk\6.0.401\Extensions\Microsoft.Diagnostics.NETCore.Client.dll
C:\Program Files\dotnet\sdk\6.0.401\Extensions\Microsoft.TestPlatform.Extensions.BlameDataCollector.dll
C:\Program Files\dotnet\sdk\6.0.401\Extensions\Microsoft.TestPlatform.Extensions.EventLogCollector.dll
C:\Program Files\dotnet\sdk\6.0.401\Extensions\Microsoft.TestPlatform.TestHostRuntimeProvider.dll
C:\Program Files\dotnet\sdk\6.0.401\Extensions\Microsoft.VisualStudio.TestPlatform.Extensions.Html.TestLogger.dll
C:\Program Files\dotnet\sdk\6.0.401\Extensions\Microsoft.VisualStudio.TestPlatform.Extensions.Trx.TestLogger.dll
H:\PROJECTS\OOP_Term\SolutionTest\bin\Debug\net48\fine-code-coverage\build-output\NUnit3.TestAdapter.dll
TpTrace Verbose: 0 : 6024, 3, 2022/11/09, 22:21:42.743, 2792159829152, testhost.net48.exe, TestPluginCache.GetExtensionPaths: Added unfilterableExtensionPaths: 
TpTrace Information: 0 : 6024, 3, 2022/11/09, 22:21:42.743, 2792159831801, testhost.net48.exe, AssemblyResolver.AddSearchDirectories: Adding more searchDirectories C:\Program Files\dotnet\sdk\6.0.401\Extensions,H:\PROJECTS\OOP_Term\SolutionTest\bin\Debug\net48\fine-code-coverage\build-output,C:\Program Files\dotnet\sdk\6.0.401\TestHost
TpTrace Verbose: 0 : 6024, 3, 2022/11/09, 22:21:42.743, 2792159832566, testhost.net48.exe, TestPluginCache.DiscoverTestExtensions: Discovering the extensions using extension path.
TpTrace Verbose: 0 : 6024, 3, 2022/11/09, 22:21:42.743, 2792159833194, testhost.net48.exe, TestPluginCache.GetExtensionPaths: Filtered extension paths: 
TpTrace Verbose: 0 : 6024, 3, 2022/11/09, 22:21:42.743, 2792159833856, testhost.net48.exe, TestPluginCache.GetExtensionPaths: Added default extension paths: C:\Program Files\dotnet\sdk\6.0.401\Extensions\Microsoft.Diagnostics.NETCore.Client.dll
C:\Program Files\dotnet\sdk\6.0.401\Extensions\Microsoft.TestPlatform.Extensions.BlameDataCollector.dll
C:\Program Files\dotnet\sdk\6.0.401\Extensions\Microsoft.TestPlatform.Extensions.EventLogCollector.dll
C:\Program Files\dotnet\sdk\6.0.401\Extensions\Microsoft.TestPlatform.TestHostRuntimeProvider.dll
C:\Program Files\dotnet\sdk\6.0.401\Extensions\Microsoft.VisualStudio.TestPlatform.Extensions.Html.TestLogger.dll
C:\Program Files\dotnet\sdk\6.0.401\Extensions\Microsoft.VisualStudio.TestPlatform.Extensions.Trx.TestLogger.dll
H:\PROJECTS\OOP_Term\SolutionTest\bin\Debug\net48\fine-code-coverage\build-output\NUnit3.TestAdapter.dll
TpTrace Verbose: 0 : 6024, 3, 2022/11/09, 22:21:42.743, 2792159834436, testhost.net48.exe, TestPluginCache.GetExtensionPaths: Added unfilterableExtensionPaths: 
TpTrace Verbose: 0 : 6024, 3, 2022/11/09, 22:21:42.743, 2792159834981, testhost.net48.exe, TestPluginCache.DiscoverTestExtensions: Discovering the extensions using allExtensionPaths: C:\Program Files\dotnet\sdk\6.0.401\Extensions\Microsoft.Diagnostics.NETCore.Client.dll
C:\Program Files\dotnet\sdk\6.0.401\Extensions\Microsoft.TestPlatform.Extensions.BlameDataCollector.dll
C:\Program Files\dotnet\sdk\6.0.401\Extensions\Microsoft.TestPlatform.Extensions.EventLogCollector.dll
C:\Program Files\dotnet\sdk\6.0.401\Extensions\Microsoft.TestPlatform.TestHostRuntimeProvider.dll
C:\Program Files\dotnet\sdk\6.0.401\Extensions\Microsoft.VisualStudio.TestPlatform.Extensions.Html.TestLogger.dll
C:\Program Files\dotnet\sdk\6.0.401\Extensions\Microsoft.VisualStudio.TestPlatform.Extensions.Trx.TestLogger.dll
H:\PROJECTS\OOP_Term\SolutionTest\bin\Debug\net48\fine-code-coverage\build-output\NUnit3.TestAdapter.dll
TpTrace Information: 0 : 6024, 3, 2022/11/09, 22:21:42.743, 2792159836115, testhost.net48.exe, AssemblyResolver.AddSearchDirectories: Adding more searchDirectories C:\Program Files\dotnet\sdk\6.0.401\Extensions,C:\Program Files\dotnet\sdk\6.0.401\TestHost
TpTrace Information: 0 : 6024, 3, 2022/11/09, 22:21:42.743, 2792159836861, testhost.net48.exe, AssemblyResolver.AddSearchDirectories: Adding more searchDirectories C:\Program Files\dotnet\sdk\6.0.401\Extensions,C:\Program Files\dotnet\sdk\6.0.401\TestHost
TpTrace Information: 0 : 6024, 3, 2022/11/09, 22:21:42.743, 2792159837452, testhost.net48.exe, AssemblyResolver.AddSearchDirectories: Adding more searchDirectories C:\Program Files\dotnet\sdk\6.0.401\Extensions,C:\Program Files\dotnet\sdk\6.0.401\TestHost
TpTrace Information: 0 : 6024, 3, 2022/11/09, 22:21:42.744, 2792159838135, testhost.net48.exe, AssemblyResolver.AddSearchDirectories: Adding more searchDirectories C:\Program Files\dotnet\sdk\6.0.401\Extensions,C:\Program Files\dotnet\sdk\6.0.401\TestHost
TpTrace Information: 0 : 6024, 3, 2022/11/09, 22:21:42.744, 2792159838788, testhost.net48.exe, AssemblyResolver.AddSearchDirectories: Adding more searchDirectories C:\Program Files\dotnet\sdk\6.0.401\Extensions,C:\Program Files\dotnet\sdk\6.0.401\TestHost
TpTrace Information: 0 : 6024, 3, 2022/11/09, 22:21:42.744, 2792159839374, testhost.net48.exe, AssemblyResolver.AddSearchDirectories: Adding more searchDirectories C:\Program Files\dotnet\sdk\6.0.401\Extensions,C:\Program Files\dotnet\sdk\6.0.401\TestHost
TpTrace Information: 0 : 6024, 3, 2022/11/09, 22:21:42.744, 2792159840132, testhost.net48.exe, AssemblyResolver.AddSearchDirectories: Adding more searchDirectories H:\PROJECTS\OOP_Term\SolutionTest\bin\Debug\net48\fine-code-coverage\build-output,C:\Program Files\dotnet\sdk\6.0.401\TestHost
TpTrace Verbose: 0 : 6024, 3, 2022/11/09, 22:21:42.744, 2792159842197, testhost.net48.exe, MetadataReaderExtensionsHelper: Discovering extensions inside assembly 'Microsoft.Diagnostics.NETCore.Client, Version=0.2.5.801, Culture=neutral, PublicKeyToken=31bf3856ad364e35' file path 'C:\Program Files\dotnet\sdk\6.0.401\Extensions\Microsoft.Diagnostics.NETCore.Client.dll'
TpTrace Warning: 0 : 6024, 3, 2022/11/09, 22:21:42.746, 2792159861505, testhost.net48.exe, TestPluginDiscoverer: Failed to get types from assembly 'Microsoft.Diagnostics.NETCore.Client, Version=0.2.5.801, Culture=neutral, PublicKeyToken=31bf3856ad364e35'. Error: System.Reflection.ReflectionTypeLoadException: Unable to load one or more of the requested types. Retrieve the LoaderExceptions property for more information.
   at System.Reflection.RuntimeModule.GetTypes(RuntimeModule module)
   at System.Reflection.Assembly.GetTypes()
   at Microsoft.VisualStudio.TestPlatform.Common.ExtensionFramework.TestPluginDiscoverer.GetTestExtensionsFromAssembly[TPluginInfo,TExtension](Assembly assembly, Dictionary`2 pluginInfos, String filePath)
TpTrace Warning: 0 : 6024, 3, 2022/11/09, 22:21:42.746, 2792159864486, testhost.net48.exe, LoaderExceptions: System.IO.FileNotFoundException: Die Datei oder Assembly "Microsoft.Bcl.AsyncInterfaces, Version=1.0.0.0, Culture=neutral, PublicKeyToken=cc7b13ffcd2ddd51" oder eine Abhängigkeit davon wurde nicht gefunden. Das System kann die angegebene Datei nicht finden.
File name: 'Microsoft.Bcl.AsyncInterfaces, Version=1.0.0.0, Culture=neutral, PublicKeyToken=cc7b13ffcd2ddd51'
   at System.Reflection.RuntimeAssembly._nLoad(AssemblyName fileName, String codeBase, Evidence assemblySecurity, RuntimeAssembly locationHint, StackCrawlMark& stackMark, IntPtr pPrivHostBinder, Boolean throwOnFileNotFound, Boolean forIntrospection, Boolean suppressSecurityChecks)
   at System.Reflection.RuntimeAssembly.InternalLoadAssemblyName(AssemblyName assemblyRef, Evidence assemblySecurity, RuntimeAssembly reqAssembly, StackCrawlMark& stackMark, IntPtr pPrivHostBinder, Boolean throwOnFileNotFound, Boolean forIntrospection, Boolean suppressSecurityChecks)
   at System.Reflection.Assembly.Load(AssemblyName assemblyRef)
   at Microsoft.VisualStudio.TestPlatform.Common.ExtensionFramework.TestPluginCache.CurrentDomainAssemblyResolve(Object sender, AssemblyResolveEventArgs args)
   at System.AppDomain.OnAssemblyResolveEvent(RuntimeAssembly assembly, String assemblyFullName)

WRN: Protokollierung der Assemblybindung ist AUS.
Sie können die Protokollierung der Assemblybindungsfehler aktivieren, indem Sie den Registrierungswert [HKLM\Software\Microsoft\Fusion!EnableLog] (DWORD) auf 1 festlegen.
Hinweis: Die Protokollierung der Assemblybindungsfehler führt zu einer gewissen Leistungseinbuße.
Sie können dieses Feature deaktivieren, indem Sie den Registrierungswert [HKLM\Software\Microsoft\Fusion!EnableLog] entfernen.

TpTrace Warning: 0 : 6024, 3, 2022/11/09, 22:21:42.746, 2792159866278, testhost.net48.exe, LoaderExceptions: System.IO.FileNotFoundException: Die Datei oder Assembly "System.Threading.Tasks.Extensions, Version=4.2.0.0, Culture=neutral, PublicKeyToken=cc7b13ffcd2ddd51" oder eine Abhängigkeit davon wurde nicht gefunden. Das System kann die angegebene Datei nicht finden.
File name: 'System.Threading.Tasks.Extensions, Version=4.2.0.0, Culture=neutral, PublicKeyToken=cc7b13ffcd2ddd51'
   at System.Reflection.RuntimeAssembly._nLoad(AssemblyName fileName, String codeBase, Evidence assemblySecurity, RuntimeAssembly locationHint, StackCrawlMark& stackMark, IntPtr pPrivHostBinder, Boolean throwOnFileNotFound, Boolean forIntrospection, Boolean suppressSecurityChecks)
   at System.Reflection.RuntimeAssembly.InternalLoadAssemblyName(AssemblyName assemblyRef, Evidence assemblySecurity, RuntimeAssembly reqAssembly, StackCrawlMark& stackMark, IntPtr pPrivHostBinder, Boolean throwOnFileNotFound, Boolean forIntrospection, Boolean suppressSecurityChecks)
   at System.Reflection.Assembly.Load(AssemblyName assemblyRef)
   at Microsoft.VisualStudio.TestPlatform.Common.ExtensionFramework.TestPluginCache.CurrentDomainAssemblyResolve(Object sender, AssemblyResolveEventArgs args)
   at System.AppDomain.OnAssemblyResolveEvent(RuntimeAssembly assembly, String assemblyFullName)

WRN: Protokollierung der Assemblybindung ist AUS.
Sie können die Protokollierung der Assemblybindungsfehler aktivieren, indem Sie den Registrierungswert [HKLM\Software\Microsoft\Fusion!EnableLog] (DWORD) auf 1 festlegen.
Hinweis: Die Protokollierung der Assemblybindungsfehler führt zu einer gewissen Leistungseinbuße.
Sie können dieses Feature deaktivieren, indem Sie den Registrierungswert [HKLM\Software\Microsoft\Fusion!EnableLog] entfernen.

TpTrace Warning: 0 : 6024, 3, 2022/11/09, 22:21:42.747, 2792159867906, testhost.net48.exe, LoaderExceptions: System.IO.FileNotFoundException: Die Datei oder Assembly "System.Threading.Tasks.Extensions, Version=4.2.0.0, Culture=neutral, PublicKeyToken=cc7b13ffcd2ddd51" oder eine Abhängigkeit davon wurde nicht gefunden. Das System kann die angegebene Datei nicht finden.
File name: 'System.Threading.Tasks.Extensions, Version=4.2.0.0, Culture=neutral, PublicKeyToken=cc7b13ffcd2ddd51'
   at System.Reflection.RuntimeAssembly._nLoad(AssemblyName fileName, String codeBase, Evidence assemblySecurity, RuntimeAssembly locationHint, StackCrawlMark& stackMark, IntPtr pPrivHostBinder, Boolean throwOnFileNotFound, Boolean forIntrospection, Boolean suppressSecurityChecks)
   at System.Reflection.RuntimeAssembly.InternalLoadAssemblyName(AssemblyName assemblyRef, Evidence assemblySecurity, RuntimeAssembly reqAssembly, StackCrawlMark& stackMark, IntPtr pPrivHostBinder, Boolean throwOnFileNotFound, Boolean forIntrospection, Boolean suppressSecurityChecks)
   at System.Reflection.Assembly.Load(AssemblyName assemblyRef)
   at Microsoft.VisualStudio.TestPlatform.Common.ExtensionFramework.TestPluginCache.CurrentDomainAssemblyResolve(Object sender, AssemblyResolveEventArgs args)
   at System.AppDomain.OnAssemblyResolveEvent(RuntimeAssembly assembly, String assemblyFullName)

WRN: Protokollierung der Assemblybindung ist AUS.
Sie können die Protokollierung der Assemblybindungsfehler aktivieren, indem Sie den Registrierungswert [HKLM\Software\Microsoft\Fusion!EnableLog] (DWORD) auf 1 festlegen.
Hinweis: Die Protokollierung der Assemblybindungsfehler führt zu einer gewissen Leistungseinbuße.
Sie können dieses Feature deaktivieren, indem Sie den Registrierungswert [HKLM\Software\Microsoft\Fusion!EnableLog] entfernen.

TpTrace Verbose: 0 : 6024, 3, 2022/11/09, 22:21:42.747, 2792159869901, testhost.net48.exe, MetadataReaderExtensionsHelper: Discovering extensions inside assembly 'Microsoft.TestPlatform.Extensions.BlameDataCollector, Version=15.0.0.0, Culture=neutral, PublicKeyToken=b03f5f7f11d50a3a' file path 'C:\Program Files\dotnet\sdk\6.0.401\Extensions\Microsoft.TestPlatform.Extensions.BlameDataCollector.dll'
TpTrace Verbose: 0 : 6024, 3, 2022/11/09, 22:21:42.749, 2792159888683, testhost.net48.exe, MetadataReaderExtensionsHelper: Discovering extensions inside assembly 'Microsoft.TestPlatform.Extensions.EventLogCollector, Version=15.0.0.0, Culture=neutral, PublicKeyToken=b03f5f7f11d50a3a' file path 'C:\Program Files\dotnet\sdk\6.0.401\Extensions\Microsoft.TestPlatform.Extensions.EventLogCollector.dll'
TpTrace Verbose: 0 : 6024, 3, 2022/11/09, 22:21:42.750, 2792159907014, testhost.net48.exe, MetadataReaderExtensionsHelper: Discovering extensions inside assembly 'Microsoft.TestPlatform.TestHostRuntimeProvider, Version=15.0.0.0, Culture=neutral, PublicKeyToken=b03f5f7f11d50a3a' file path 'C:\Program Files\dotnet\sdk\6.0.401\Extensions\Microsoft.TestPlatform.TestHostRuntimeProvider.dll'
TpTrace Verbose: 0 : 6024, 3, 2022/11/09, 22:21:42.752, 2792159923985, testhost.net48.exe, MetadataReaderExtensionsHelper: Discovering extensions inside assembly 'Microsoft.VisualStudio.TestPlatform.Extensions.Html.TestLogger, Version=15.0.0.0, Culture=neutral, PublicKeyToken=b03f5f7f11d50a3a' file path 'C:\Program Files\dotnet\sdk\6.0.401\Extensions\Microsoft.VisualStudio.TestPlatform.Extensions.Html.TestLogger.dll'
TpTrace Verbose: 0 : 6024, 3, 2022/11/09, 22:21:42.754, 2792159944249, testhost.net48.exe, MetadataReaderExtensionsHelper: Discovering extensions inside assembly 'Microsoft.VisualStudio.TestPlatform.Extensions.Trx.TestLogger, Version=15.0.0.0, Culture=neutral, PublicKeyToken=b03f5f7f11d50a3a' file path 'C:\Program Files\dotnet\sdk\6.0.401\Extensions\Microsoft.VisualStudio.TestPlatform.Extensions.Trx.TestLogger.dll'
TpTrace Verbose: 0 : 6024, 3, 2022/11/09, 22:21:42.757, 2792159967713, testhost.net48.exe, MetadataReaderExtensionsHelper: Discovering extensions inside assembly 'NUnit3.TestAdapter, Version=3.16.1.0, Culture=neutral, PublicKeyToken=4cb40d35494691ac' file path 'H:\PROJECTS\OOP_Term\SolutionTest\bin\Debug\net48\fine-code-coverage\build-output\NUnit3.TestAdapter.dll'
TpTrace Verbose: 0 : 6024, 3, 2022/11/09, 22:21:42.758, 2792159982398, testhost.net48.exe, TestPluginCache: Discovered the extensions using extension path ''.
TpTrace Verbose: 0 : 6024, 3, 2022/11/09, 22:21:42.758, 2792159983463, testhost.net48.exe, TestPluginCache: Discoverers are ''.
TpTrace Verbose: 0 : 6024, 3, 2022/11/09, 22:21:42.758, 2792159984002, testhost.net48.exe, TestPluginCache: Executors are 'executor://NUnit3TestExecutor'.
TpTrace Verbose: 0 : 6024, 3, 2022/11/09, 22:21:42.758, 2792159984581, testhost.net48.exe, TestPluginCache: Executors2 are ''.
TpTrace Verbose: 0 : 6024, 3, 2022/11/09, 22:21:42.758, 2792159985175, testhost.net48.exe, TestPluginCache: Setting providers are ''.
TpTrace Verbose: 0 : 6024, 3, 2022/11/09, 22:21:42.758, 2792159985716, testhost.net48.exe, TestPluginCache: Loggers are ''.
TpTrace Verbose: 0 : 6024, 3, 2022/11/09, 22:21:42.758, 2792159986189, testhost.net48.exe, TestPluginCache: TestHosts are ''.
TpTrace Verbose: 0 : 6024, 3, 2022/11/09, 22:21:42.758, 2792159986658, testhost.net48.exe, TestPluginCache: DataCollectors are ''.
TpTrace Verbose: 0 : 6024, 3, 2022/11/09, 22:21:42.760, 2792160007029, testhost.net48.exe, TestExecutorService: Loaded the settings providers
TpTrace Information: 0 : 6024, 3, 2022/11/09, 22:21:42.761, 2792160007899, testhost.net48.exe, TestExecutorService: Loaded the extensions
TpTrace Information: 0 : 6024, 3, 2022/11/09, 22:21:42.762, 2792160019002, testhost.net48.exe, TestRequestHandler.OnMessageReceived: Running job 'TestExecution.StartWithSources'.
TpTrace Verbose: 0 : 6024, 3, 2022/11/09, 22:21:42.918, 2792161585684, testhost.net48.exe, MulticastDelegateUtilities.SafeInvoke: TestCaseEventsHandler.RaiseSessionStart: Invoking callbacks was skipped because there are no subscribers.
TpTrace Information: 0 : 6024, 3, 2022/11/09, 22:21:42.925, 2792161655807, testhost.net48.exe, TestDiscoveryManager: Discovering tests from sources H:\PROJECTS\OOP_Term\SolutionTest\bin\Debug\net48\fine-code-coverage\build-output\DLL.dll
TpTrace Verbose: 0 : 6024, 3, 2022/11/09, 22:21:42.928, 2792161685135, testhost.net48.exe, TestPluginCache.DiscoverTestExtensions: finding test extensions in assemblies ends with: TestAdapter.dll TPluginInfo: Microsoft.VisualStudio.TestPlatform.Common.ExtensionFramework.Utilities.TestDiscovererPluginInformation TExtension: Microsoft.VisualStudio.TestPlatform.ObjectModel.Adapter.ITestDiscoverer
TpTrace Verbose: 0 : 6024, 3, 2022/11/09, 22:21:42.928, 2792161686094, testhost.net48.exe, TestPluginCache.GetExtensionPaths: Filtered extension paths: 
TpTrace Verbose: 0 : 6024, 3, 2022/11/09, 22:21:42.928, 2792161686602, testhost.net48.exe, TestPluginCache.GetExtensionPaths: Added default extension paths: C:\Program Files\dotnet\sdk\6.0.401\Extensions\Microsoft.Diagnostics.NETCore.Client.dll
C:\Program Files\dotnet\sdk\6.0.401\Extensions\Microsoft.TestPlatform.Extensions.BlameDataCollector.dll
C:\Program Files\dotnet\sdk\6.0.401\Extensions\Microsoft.TestPlatform.Extensions.EventLogCollector.dll
C:\Program Files\dotnet\sdk\6.0.401\Extensions\Microsoft.TestPlatform.TestHostRuntimeProvider.dll
C:\Program Files\dotnet\sdk\6.0.401\Extensions\Microsoft.VisualStudio.TestPlatform.Extensions.Html.TestLogger.dll
C:\Program Files\dotnet\sdk\6.0.401\Extensions\Microsoft.VisualStudio.TestPlatform.Extensions.Trx.TestLogger.dll
H:\PROJECTS\OOP_Term\SolutionTest\bin\Debug\net48\fine-code-coverage\build-output\NUnit3.TestAdapter.dll
TpTrace Verbose: 0 : 6024, 3, 2022/11/09, 22:21:42.928, 2792161687187, testhost.net48.exe, TestPluginCache.GetExtensionPaths: Added unfilterableExtensionPaths: 
TpTrace Information: 0 : 6024, 3, 2022/11/09, 22:21:42.929, 2792161689297, testhost.net48.exe, AssemblyResolver.AddSearchDirectories: Adding more searchDirectories C:\Program Files\dotnet\sdk\6.0.401\Extensions,H:\PROJECTS\OOP_Term\SolutionTest\bin\Debug\net48\fine-code-coverage\build-output,C:\Program Files\dotnet\sdk\6.0.401\TestHost
TpTrace Verbose: 0 : 6024, 3, 2022/11/09, 22:21:42.929, 2792161689895, testhost.net48.exe, TestPluginCache.DiscoverTestExtensions: Discovering the extensions using extension path.
TpTrace Verbose: 0 : 6024, 3, 2022/11/09, 22:21:42.929, 2792161690362, testhost.net48.exe, TestPluginCache.GetExtensionPaths: Filtered extension paths: 
TpTrace Verbose: 0 : 6024, 3, 2022/11/09, 22:21:42.929, 2792161690819, testhost.net48.exe, TestPluginCache.GetExtensionPaths: Added default extension paths: C:\Program Files\dotnet\sdk\6.0.401\Extensions\Microsoft.Diagnostics.NETCore.Client.dll
C:\Program Files\dotnet\sdk\6.0.401\Extensions\Microsoft.TestPlatform.Extensions.BlameDataCollector.dll
C:\Program Files\dotnet\sdk\6.0.401\Extensions\Microsoft.TestPlatform.Extensions.EventLogCollector.dll
C:\Program Files\dotnet\sdk\6.0.401\Extensions\Microsoft.TestPlatform.TestHostRuntimeProvider.dll
C:\Program Files\dotnet\sdk\6.0.401\Extensions\Microsoft.VisualStudio.TestPlatform.Extensions.Html.TestLogger.dll
C:\Program Files\dotnet\sdk\6.0.401\Extensions\Microsoft.VisualStudio.TestPlatform.Extensions.Trx.TestLogger.dll
H:\PROJECTS\OOP_Term\SolutionTest\bin\Debug\net48\fine-code-coverage\build-output\NUnit3.TestAdapter.dll
TpTrace Verbose: 0 : 6024, 3, 2022/11/09, 22:21:42.929, 2792161691321, testhost.net48.exe, TestPluginCache.GetExtensionPaths: Added unfilterableExtensionPaths: 
TpTrace Verbose: 0 : 6024, 3, 2022/11/09, 22:21:42.929, 2792161691798, testhost.net48.exe, TestPluginCache.DiscoverTestExtensions: Discovering the extensions using allExtensionPaths: C:\Program Files\dotnet\sdk\6.0.401\Extensions\Microsoft.Diagnostics.NETCore.Client.dll
C:\Program Files\dotnet\sdk\6.0.401\Extensions\Microsoft.TestPlatform.Extensions.BlameDataCollector.dll
C:\Program Files\dotnet\sdk\6.0.401\Extensions\Microsoft.TestPlatform.Extensions.EventLogCollector.dll
C:\Program Files\dotnet\sdk\6.0.401\Extensions\Microsoft.TestPlatform.TestHostRuntimeProvider.dll
C:\Program Files\dotnet\sdk\6.0.401\Extensions\Microsoft.VisualStudio.TestPlatform.Extensions.Html.TestLogger.dll
C:\Program Files\dotnet\sdk\6.0.401\Extensions\Microsoft.VisualStudio.TestPlatform.Extensions.Trx.TestLogger.dll
H:\PROJECTS\OOP_Term\SolutionTest\bin\Debug\net48\fine-code-coverage\build-output\NUnit3.TestAdapter.dll
TpTrace Information: 0 : 6024, 3, 2022/11/09, 22:21:42.929, 2792161692644, testhost.net48.exe, AssemblyResolver.AddSearchDirectories: Adding more searchDirectories C:\Program Files\dotnet\sdk\6.0.401\Extensions,C:\Program Files\dotnet\sdk\6.0.401\TestHost
TpTrace Information: 0 : 6024, 3, 2022/11/09, 22:21:42.929, 2792161693235, testhost.net48.exe, AssemblyResolver.AddSearchDirectories: Adding more searchDirectories C:\Program Files\dotnet\sdk\6.0.401\Extensions,C:\Program Files\dotnet\sdk\6.0.401\TestHost
TpTrace Information: 0 : 6024, 3, 2022/11/09, 22:21:42.929, 2792161693738, testhost.net48.exe, AssemblyResolver.AddSearchDirectories: Adding more searchDirectories C:\Program Files\dotnet\sdk\6.0.401\Extensions,C:\Program Files\dotnet\sdk\6.0.401\TestHost
TpTrace Information: 0 : 6024, 3, 2022/11/09, 22:21:42.929, 2792161694325, testhost.net48.exe, AssemblyResolver.AddSearchDirectories: Adding more searchDirectories C:\Program Files\dotnet\sdk\6.0.401\Extensions,C:\Program Files\dotnet\sdk\6.0.401\TestHost
TpTrace Information: 0 : 6024, 3, 2022/11/09, 22:21:42.929, 2792161694918, testhost.net48.exe, AssemblyResolver.AddSearchDirectories: Adding more searchDirectories C:\Program Files\dotnet\sdk\6.0.401\Extensions,C:\Program Files\dotnet\sdk\6.0.401\TestHost
TpTrace Information: 0 : 6024, 3, 2022/11/09, 22:21:42.929, 2792161695451, testhost.net48.exe, AssemblyResolver.AddSearchDirectories: Adding more searchDirectories C:\Program Files\dotnet\sdk\6.0.401\Extensions,C:\Program Files\dotnet\sdk\6.0.401\TestHost
TpTrace Information: 0 : 6024, 3, 2022/11/09, 22:21:42.929, 2792161696013, testhost.net48.exe, AssemblyResolver.AddSearchDirectories: Adding more searchDirectories H:\PROJECTS\OOP_Term\SolutionTest\bin\Debug\net48\fine-code-coverage\build-output,C:\Program Files\dotnet\sdk\6.0.401\TestHost
TpTrace Verbose: 0 : 6024, 3, 2022/11/09, 22:21:42.930, 2792161697739, testhost.net48.exe, MetadataReaderExtensionsHelper: Discovering extensions inside assembly 'Microsoft.Diagnostics.NETCore.Client, Version=0.2.5.801, Culture=neutral, PublicKeyToken=31bf3856ad364e35' file path 'C:\Program Files\dotnet\sdk\6.0.401\Extensions\Microsoft.Diagnostics.NETCore.Client.dll'
TpTrace Warning: 0 : 6024, 3, 2022/11/09, 22:21:42.931, 2792161713469, testhost.net48.exe, TestPluginDiscoverer: Failed to get types from assembly 'Microsoft.Diagnostics.NETCore.Client, Version=0.2.5.801, Culture=neutral, PublicKeyToken=31bf3856ad364e35'. Error: System.Reflection.ReflectionTypeLoadException: Unable to load one or more of the requested types. Retrieve the LoaderExceptions property for more information.
   at System.Reflection.RuntimeModule.GetTypes(RuntimeModule module)
   at System.Reflection.Assembly.GetTypes()
   at Microsoft.VisualStudio.TestPlatform.Common.ExtensionFramework.TestPluginDiscoverer.GetTestExtensionsFromAssembly[TPluginInfo,TExtension](Assembly assembly, Dictionary`2 pluginInfos, String filePath)
TpTrace Warning: 0 : 6024, 3, 2022/11/09, 22:21:42.931, 2792161715534, testhost.net48.exe, LoaderExceptions: System.IO.FileNotFoundException: Die Datei oder Assembly "Microsoft.Bcl.AsyncInterfaces, Version=1.0.0.0, Culture=neutral, PublicKeyToken=cc7b13ffcd2ddd51" oder eine Abhängigkeit davon wurde nicht gefunden. Das System kann die angegebene Datei nicht finden.
File name: 'Microsoft.Bcl.AsyncInterfaces, Version=1.0.0.0, Culture=neutral, PublicKeyToken=cc7b13ffcd2ddd51'
   at System.Reflection.RuntimeAssembly._nLoad(AssemblyName fileName, String codeBase, Evidence assemblySecurity, RuntimeAssembly locationHint, StackCrawlMark& stackMark, IntPtr pPrivHostBinder, Boolean throwOnFileNotFound, Boolean forIntrospection, Boolean suppressSecurityChecks)
   at System.Reflection.RuntimeAssembly.InternalLoadAssemblyName(AssemblyName assemblyRef, Evidence assemblySecurity, RuntimeAssembly reqAssembly, StackCrawlMark& stackMark, IntPtr pPrivHostBinder, Boolean throwOnFileNotFound, Boolean forIntrospection, Boolean suppressSecurityChecks)
   at System.Reflection.Assembly.Load(AssemblyName assemblyRef)
   at Microsoft.VisualStudio.TestPlatform.Common.ExtensionFramework.TestPluginCache.CurrentDomainAssemblyResolve(Object sender, AssemblyResolveEventArgs args)
   at System.AppDomain.OnAssemblyResolveEvent(RuntimeAssembly assembly, String assemblyFullName)

WRN: Protokollierung der Assemblybindung ist AUS.
Sie können die Protokollierung der Assemblybindungsfehler aktivieren, indem Sie den Registrierungswert [HKLM\Software\Microsoft\Fusion!EnableLog] (DWORD) auf 1 festlegen.
Hinweis: Die Protokollierung der Assemblybindungsfehler führt zu einer gewissen Leistungseinbuße.
Sie können dieses Feature deaktivieren, indem Sie den Registrierungswert [HKLM\Software\Microsoft\Fusion!EnableLog] entfernen.

TpTrace Warning: 0 : 6024, 3, 2022/11/09, 22:21:42.931, 2792161716899, testhost.net48.exe, LoaderExceptions: System.IO.FileNotFoundException: Die Datei oder Assembly "System.Threading.Tasks.Extensions, Version=4.2.0.0, Culture=neutral, PublicKeyToken=cc7b13ffcd2ddd51" oder eine Abhängigkeit davon wurde nicht gefunden. Das System kann die angegebene Datei nicht finden.
File name: 'System.Threading.Tasks.Extensions, Version=4.2.0.0, Culture=neutral, PublicKeyToken=cc7b13ffcd2ddd51'
   at System.Reflection.RuntimeAssembly._nLoad(AssemblyName fileName, String codeBase, Evidence assemblySecurity, RuntimeAssembly locationHint, StackCrawlMark& stackMark, IntPtr pPrivHostBinder, Boolean throwOnFileNotFound, Boolean forIntrospection, Boolean suppressSecurityChecks)
   at System.Reflection.RuntimeAssembly.InternalLoadAssemblyName(AssemblyName assemblyRef, Evidence assemblySecurity, RuntimeAssembly reqAssembly, StackCrawlMark& stackMark, IntPtr pPrivHostBinder, Boolean throwOnFileNotFound, Boolean forIntrospection, Boolean suppressSecurityChecks)
   at System.Reflection.Assembly.Load(AssemblyName assemblyRef)
   at Microsoft.VisualStudio.TestPlatform.Common.ExtensionFramework.TestPluginCache.CurrentDomainAssemblyResolve(Object sender, AssemblyResolveEventArgs args)
   at System.AppDomain.OnAssemblyResolveEvent(RuntimeAssembly assembly, String assemblyFullName)

WRN: Protokollierung der Assemblybindung ist AUS.
Sie können die Protokollierung der Assemblybindungsfehler aktivieren, indem Sie den Registrierungswert [HKLM\Software\Microsoft\Fusion!EnableLog] (DWORD) auf 1 festlegen.
Hinweis: Die Protokollierung der Assemblybindungsfehler führt zu einer gewissen Leistungseinbuße.
Sie können dieses Feature deaktivieren, indem Sie den Registrierungswert [HKLM\Software\Microsoft\Fusion!EnableLog] entfernen.

TpTrace Warning: 0 : 6024, 3, 2022/11/09, 22:21:42.932, 2792161718339, testhost.net48.exe, LoaderExceptions: System.IO.FileNotFoundException: Die Datei oder Assembly "System.Threading.Tasks.Extensions, Version=4.2.0.0, Culture=neutral, PublicKeyToken=cc7b13ffcd2ddd51" oder eine Abhängigkeit davon wurde nicht gefunden. Das System kann die angegebene Datei nicht finden.
File name: 'System.Threading.Tasks.Extensions, Version=4.2.0.0, Culture=neutral, PublicKeyToken=cc7b13ffcd2ddd51'
   at System.Reflection.RuntimeAssembly._nLoad(AssemblyName fileName, String codeBase, Evidence assemblySecurity, RuntimeAssembly locationHint, StackCrawlMark& stackMark, IntPtr pPrivHostBinder, Boolean throwOnFileNotFound, Boolean forIntrospection, Boolean suppressSecurityChecks)
   at System.Reflection.RuntimeAssembly.InternalLoadAssemblyName(AssemblyName assemblyRef, Evidence assemblySecurity, RuntimeAssembly reqAssembly, StackCrawlMark& stackMark, IntPtr pPrivHostBinder, Boolean throwOnFileNotFound, Boolean forIntrospection, Boolean suppressSecurityChecks)
   at System.Reflection.Assembly.Load(AssemblyName assemblyRef)
   at Microsoft.VisualStudio.TestPlatform.Common.ExtensionFramework.TestPluginCache.CurrentDomainAssemblyResolve(Object sender, AssemblyResolveEventArgs args)
   at System.AppDomain.OnAssemblyResolveEvent(RuntimeAssembly assembly, String assemblyFullName)

WRN: Protokollierung der Assemblybindung ist AUS.
Sie können die Protokollierung der Assemblybindungsfehler aktivieren, indem Sie den Registrierungswert [HKLM\Software\Microsoft\Fusion!EnableLog] (DWORD) auf 1 festlegen.
Hinweis: Die Protokollierung der Assemblybindungsfehler führt zu einer gewissen Leistungseinbuße.
Sie können dieses Feature deaktivieren, indem Sie den Registrierungswert [HKLM\Software\Microsoft\Fusion!EnableLog] entfernen.

TpTrace Verbose: 0 : 6024, 3, 2022/11/09, 22:21:42.932, 2792161719746, testhost.net48.exe, MetadataReaderExtensionsHelper: Discovering extensions inside assembly 'Microsoft.TestPlatform.Extensions.BlameDataCollector, Version=15.0.0.0, Culture=neutral, PublicKeyToken=b03f5f7f11d50a3a' file path 'C:\Program Files\dotnet\sdk\6.0.401\Extensions\Microsoft.TestPlatform.Extensions.BlameDataCollector.dll'
TpTrace Verbose: 0 : 6024, 3, 2022/11/09, 22:21:42.933, 2792161732385, testhost.net48.exe, MetadataReaderExtensionsHelper: Discovering extensions inside assembly 'Microsoft.TestPlatform.Extensions.EventLogCollector, Version=15.0.0.0, Culture=neutral, PublicKeyToken=b03f5f7f11d50a3a' file path 'C:\Program Files\dotnet\sdk\6.0.401\Extensions\Microsoft.TestPlatform.Extensions.EventLogCollector.dll'
TpTrace Verbose: 0 : 6024, 3, 2022/11/09, 22:21:42.934, 2792161741964, testhost.net48.exe, MetadataReaderExtensionsHelper: Discovering extensions inside assembly 'Microsoft.TestPlatform.TestHostRuntimeProvider, Version=15.0.0.0, Culture=neutral, PublicKeyToken=b03f5f7f11d50a3a' file path 'C:\Program Files\dotnet\sdk\6.0.401\Extensions\Microsoft.TestPlatform.TestHostRuntimeProvider.dll'
TpTrace Verbose: 0 : 6024, 3, 2022/11/09, 22:21:42.935, 2792161750500, testhost.net48.exe, MetadataReaderExtensionsHelper: Discovering extensions inside assembly 'Microsoft.VisualStudio.TestPlatform.Extensions.Html.TestLogger, Version=15.0.0.0, Culture=neutral, PublicKeyToken=b03f5f7f11d50a3a' file path 'C:\Program Files\dotnet\sdk\6.0.401\Extensions\Microsoft.VisualStudio.TestPlatform.Extensions.Html.TestLogger.dll'
TpTrace Verbose: 0 : 6024, 3, 2022/11/09, 22:21:42.936, 2792161759800, testhost.net48.exe, MetadataReaderExtensionsHelper: Discovering extensions inside assembly 'Microsoft.VisualStudio.TestPlatform.Extensions.Trx.TestLogger, Version=15.0.0.0, Culture=neutral, PublicKeyToken=b03f5f7f11d50a3a' file path 'C:\Program Files\dotnet\sdk\6.0.401\Extensions\Microsoft.VisualStudio.TestPlatform.Extensions.Trx.TestLogger.dll'
TpTrace Verbose: 0 : 6024, 3, 2022/11/09, 22:21:42.937, 2792161769289, testhost.net48.exe, MetadataReaderExtensionsHelper: Discovering extensions inside assembly 'NUnit3.TestAdapter, Version=3.16.1.0, Culture=neutral, PublicKeyToken=4cb40d35494691ac' file path 'H:\PROJECTS\OOP_Term\SolutionTest\bin\Debug\net48\fine-code-coverage\build-output\NUnit3.TestAdapter.dll'
TpTrace Information: 0 : 6024, 3, 2022/11/09, 22:21:42.941, 2792161811819, testhost.net48.exe, GetTestExtensionFromType: Register extension with identifier data 'NUnit.VisualStudio.TestAdapter.NUnit3TestDiscoverer, NUnit3.TestAdapter, Version=3.16.1.0, Culture=neutral, PublicKeyToken=4cb40d35494691ac' and type 'NUnit.VisualStudio.TestAdapter.NUnit3TestDiscoverer, NUnit3.TestAdapter, Version=3.16.1.0, Culture=neutral, PublicKeyToken=4cb40d35494691ac' inside file 'H:\PROJECTS\OOP_Term\SolutionTest\bin\Debug\net48\fine-code-coverage\build-output\NUnit3.TestAdapter.dll'
TpTrace Verbose: 0 : 6024, 3, 2022/11/09, 22:21:42.941, 2792161813994, testhost.net48.exe, TestPluginCache: Discovered the extensions using extension path ''.
TpTrace Verbose: 0 : 6024, 3, 2022/11/09, 22:21:42.941, 2792161814791, testhost.net48.exe, TestPluginCache: Discoverers are 'NUnit.VisualStudio.TestAdapter.NUnit3TestDiscoverer, NUnit3.TestAdapter, Version=3.16.1.0, Culture=neutral, PublicKeyToken=4cb40d35494691ac'.
TpTrace Verbose: 0 : 6024, 3, 2022/11/09, 22:21:42.941, 2792161815353, testhost.net48.exe, TestPluginCache: Executors are 'executor://NUnit3TestExecutor'.
TpTrace Verbose: 0 : 6024, 3, 2022/11/09, 22:21:42.941, 2792161815895, testhost.net48.exe, TestPluginCache: Executors2 are ''.
TpTrace Verbose: 0 : 6024, 3, 2022/11/09, 22:21:42.941, 2792161816405, testhost.net48.exe, TestPluginCache: Setting providers are ''.
TpTrace Verbose: 0 : 6024, 3, 2022/11/09, 22:21:42.941, 2792161816895, testhost.net48.exe, TestPluginCache: Loggers are ''.
TpTrace Verbose: 0 : 6024, 3, 2022/11/09, 22:21:42.941, 2792161817430, testhost.net48.exe, TestPluginCache: TestHosts are ''.
TpTrace Verbose: 0 : 6024, 3, 2022/11/09, 22:21:42.942, 2792161817980, testhost.net48.exe, TestPluginCache: DataCollectors are ''.
TpTrace Information: 0 : 6024, 3, 2022/11/09, 22:21:42.951, 2792161907942, testhost.net48.exe, PEReaderHelper.GetAssemblyType: Determined assemblyType:'Managed' for source: 'H:\PROJECTS\OOP_Term\SolutionTest\bin\Debug\net48\fine-code-coverage\build-output\DLL.dll'
TpTrace Verbose: 0 : 6024, 3, 2022/11/09, 22:21:42.961, 2792162011521, testhost.net48.exe, BaseRunTests.RunTestInternalWithExecutors: Running tests for executor://NUnit3TestExecutor
TpTrace Verbose: 0 : 6024, 3, 2022/11/09, 22:21:42.962, 2792162019491, testhost.net48.exe, BaseRunTests.TryToRunInSTAThread: Using STA thread to call adapter API.
TpTrace Information: 0 : 6024, 12, 2022/11/09, 22:21:42.986, 2792162265167, testhost.net48.exe, NUnit Adapter 3.16.1.0: Test execution started
TpTrace Verbose: 0 : 6024, 12, 2022/11/09, 22:21:42.986, 2792162266668, testhost.net48.exe, TestRequestHandler.SendData: sending data from testhost: {"Version":7,"MessageType":"TestSession.Message","Payload":{"MessageLevel":0,"Message":"NUnit Adapter 3.16.1.0: Test execution started"}}
TpTrace Verbose: 0 : 6024, 12, 2022/11/09, 22:21:42.987, 2792162269666, testhost.net48.exe, MulticastDelegateUtilities.SafeInvoke: TestRunMessageLoggerProxy.SendMessage: Invoking callback 1/1 for Microsoft.VisualStudio.TestPlatform.CrossPlatEngine.Execution.RunTestsWithSources., took 0 ms.
TpTrace Information: 0 : 6024, 12, 2022/11/09, 22:21:43.040, 2792162799163, testhost.net48.exe, Running all tests in H:\PROJECTS\OOP_Term\SolutionTest\bin\Debug\net48\fine-code-coverage\build-output\DLL.dll
TpTrace Verbose: 0 : 6024, 12, 2022/11/09, 22:21:43.040, 2792162800580, testhost.net48.exe, TestRequestHandler.SendData: sending data from testhost: {"Version":7,"MessageType":"TestSession.Message","Payload":{"MessageLevel":0,"Message":"Running all tests in H:\\PROJECTS\\OOP_Term\\SolutionTest\\bin\\Debug\\net48\\fine-code-coverage\\build-output\\DLL.dll"}}
TpTrace Verbose: 0 : 6024, 12, 2022/11/09, 22:21:43.040, 2792162801972, testhost.net48.exe, MulticastDelegateUtilities.SafeInvoke: TestRunMessageLoggerProxy.SendMessage: Invoking callback 1/1 for Microsoft.VisualStudio.TestPlatform.CrossPlatEngine.Execution.RunTestsWithSources., took 0 ms.
TpTrace Information: 0 : 6024, 12, 2022/11/09, 22:21:43.072, 2792163122518, testhost.net48.exe, AssemblyResolver.OnResolve: Mono.Cecil, Version=0.9.6.0, Culture=neutral, PublicKeyToken=0738eb9f132ed756: Resolving assembly.
TpTrace Information: 0 : 6024, 12, 2022/11/09, 22:21:43.072, 2792163124130, testhost.net48.exe, AssemblyResolver.OnResolve: Mono.Cecil, Version=0.9.6.0, Culture=neutral, PublicKeyToken=0738eb9f132ed756: Searching in: 'C:\Program Files\dotnet\sdk\6.0.401\Extensions'.
TpTrace Information: 0 : 6024, 12, 2022/11/09, 22:21:43.072, 2792163125170, testhost.net48.exe, AssemblyResolver.OnResolve: Mono.Cecil, Version=0.9.6.0, Culture=neutral, PublicKeyToken=0738eb9f132ed756: Assembly path does not exist: 'C:\Program Files\dotnet\sdk\6.0.401\Extensions\Mono.Cecil.dll', returning.
TpTrace Information: 0 : 6024, 12, 2022/11/09, 22:21:43.072, 2792163126140, testhost.net48.exe, AssemblyResolver.OnResolve: Mono.Cecil, Version=0.9.6.0, Culture=neutral, PublicKeyToken=0738eb9f132ed756: Assembly path does not exist: 'C:\Program Files\dotnet\sdk\6.0.401\Extensions\Mono.Cecil.exe', returning.
TpTrace Information: 0 : 6024, 12, 2022/11/09, 22:21:43.072, 2792163126564, testhost.net48.exe, AssemblyResolver.OnResolve: Mono.Cecil, Version=0.9.6.0, Culture=neutral, PublicKeyToken=0738eb9f132ed756: Searching in: 'H:\PROJECTS\OOP_Term\SolutionTest\bin\Debug\net48\fine-code-coverage\build-output'.
TpTrace Information: 0 : 6024, 12, 2022/11/09, 22:21:43.072, 2792163127271, testhost.net48.exe, AssemblyResolver.OnResolve: Mono.Cecil, Version=0.9.6.0, Culture=neutral, PublicKeyToken=0738eb9f132ed756: Assembly path does not exist: 'H:\PROJECTS\OOP_Term\SolutionTest\bin\Debug\net48\fine-code-coverage\build-output\Mono.Cecil.dll', returning.
TpTrace Information: 0 : 6024, 12, 2022/11/09, 22:21:43.073, 2792163128064, testhost.net48.exe, AssemblyResolver.OnResolve: Mono.Cecil, Version=0.9.6.0, Culture=neutral, PublicKeyToken=0738eb9f132ed756: Assembly path does not exist: 'H:\PROJECTS\OOP_Term\SolutionTest\bin\Debug\net48\fine-code-coverage\build-output\Mono.Cecil.exe', returning.
TpTrace Information: 0 : 6024, 12, 2022/11/09, 22:21:43.073, 2792163128537, testhost.net48.exe, AssemblyResolver.OnResolve: Mono.Cecil, Version=0.9.6.0, Culture=neutral, PublicKeyToken=0738eb9f132ed756: Searching in: 'C:\Program Files\dotnet\sdk\6.0.401\TestHost'.
TpTrace Information: 0 : 6024, 12, 2022/11/09, 22:21:43.073, 2792163129413, testhost.net48.exe, AssemblyResolver.OnResolve: Mono.Cecil, Version=0.9.6.0, Culture=neutral, PublicKeyToken=0738eb9f132ed756: Assembly path does not exist: 'C:\Program Files\dotnet\sdk\6.0.401\TestHost\Mono.Cecil.dll', returning.
TpTrace Information: 0 : 6024, 12, 2022/11/09, 22:21:43.073, 2792163130451, testhost.net48.exe, AssemblyResolver.OnResolve: Mono.Cecil, Version=0.9.6.0, Culture=neutral, PublicKeyToken=0738eb9f132ed756: Assembly path does not exist: 'C:\Program Files\dotnet\sdk\6.0.401\TestHost\Mono.Cecil.exe', returning.
TpTrace Information: 0 : 6024, 12, 2022/11/09, 22:21:43.073, 2792163130909, testhost.net48.exe, AssemblyResolver.OnResolve: Mono.Cecil, Version=0.9.6.0, Culture=neutral, PublicKeyToken=0738eb9f132ed756: Failed to load assembly.
TpTrace Verbose: 0 : 6024, 7, 2022/11/09, 22:21:43.508, 2792167479298, testhost.net48.exe, TcpClientExtensions.MessageLoopAsync: Polling on remoteEndPoint: 127.0.0.1:58456 localEndPoint: 127.0.0.1:58457
TpTrace Information: 0 : 6024, 12, 2022/11/09, 22:21:43.512, 2792167521750, testhost.net48.exe,    NUnit3TestExecutor converted 26 of 26 NUnit test cases
TpTrace Verbose: 0 : 6024, 12, 2022/11/09, 22:21:43.512, 2792167522714, testhost.net48.exe, TestRequestHandler.SendData: sending data from testhost: {"Version":7,"MessageType":"TestSession.Message","Payload":{"MessageLevel":0,"Message":"   NUnit3TestExecutor converted 26 of 26 NUnit test cases"}}
TpTrace Verbose: 0 : 6024, 12, 2022/11/09, 22:21:43.512, 2792167524048, testhost.net48.exe, MulticastDelegateUtilities.SafeInvoke: TestRunMessageLoggerProxy.SendMessage: Invoking callback 1/1 for Microsoft.VisualStudio.TestPlatform.CrossPlatEngine.Execution.RunTestsWithSources., took 0 ms.
TpTrace Verbose: 0 : 6024, 14, 2022/11/09, 22:21:43.605, 2792168457997, testhost.net48.exe, TestExecutionRecorder.RecordStart: Starting test: DLL.ClientTest.Test_ChangeBankID.
TpTrace Verbose: 0 : 6024, 14, 2022/11/09, 22:21:43.681, 2792169215610, testhost.net48.exe, MulticastDelegateUtilities.SafeInvoke: TestCaseEventsHandler.RaiseTestCaseStart: Invoking callback 1/1 for Microsoft.VisualStudio.TestPlatform.CrossPlatEngine.DataCollection.ProxyOutOfProcDataCollectionManager., took 67 ms.
TpTrace Verbose: 0 : 6024, 14, 2022/11/09, 22:21:43.701, 2792169412392, testhost.net48.exe, TestExecutionRecorder.RecordEnd: test: DLL.ClientTest.Test_ChangeBankID execution completed.
TpTrace Verbose: 0 : 6024, 14, 2022/11/09, 22:21:43.726, 2792169661455, testhost.net48.exe, MulticastDelegateUtilities.SafeInvoke: TestCaseEventsHandler.RaiseTestCaseEnd: Invoking callback 1/1 for Microsoft.VisualStudio.TestPlatform.CrossPlatEngine.DataCollection.ProxyOutOfProcDataCollectionManager., took 22 ms.
TpTrace Verbose: 0 : 6024, 14, 2022/11/09, 22:21:43.726, 2792169667614, testhost.net48.exe, TestExecutionRecorder.RecordResult: Received result for test: DLL.ClientTest.Test_ChangeBankID.
TpTrace Verbose: 0 : 6024, 14, 2022/11/09, 22:21:43.728, 2792169686582, testhost.net48.exe, MulticastDelegateUtilities.SafeInvoke: TestCaseEventsHandler.RaiseTestCaseEnd: Invoking callback 1/1 for Microsoft.VisualStudio.TestPlatform.CrossPlatEngine.DataCollection.ProxyOutOfProcDataCollectionManager., took 1 ms.
TpTrace Warning: 0 : 6024, 14, 2022/11/09, 22:21:43.735, 2792169752285, testhost.net48.exe, TestRunCache: InProgressTests is null
TpTrace Warning: 0 : 6024, 14, 2022/11/09, 22:21:43.735, 2792169753580, testhost.net48.exe, TestRunCache: No test found corresponding to testResult 'Test_ChangeBankID' in inProgress list.
TpTrace Verbose: 0 : 6024, 14, 2022/11/09, 22:21:43.736, 2792169761512, testhost.net48.exe, TestExecutionRecorder.RecordStart: Starting test: DLL.ClientTest.Test_ChangeLikes.
TpTrace Verbose: 0 : 6024, 14, 2022/11/09, 22:21:43.738, 2792169781533, testhost.net48.exe, MulticastDelegateUtilities.SafeInvoke: TestCaseEventsHandler.RaiseTestCaseStart: Invoking callback 1/1 for Microsoft.VisualStudio.TestPlatform.CrossPlatEngine.DataCollection.ProxyOutOfProcDataCollectionManager., took 1 ms.
TpTrace Verbose: 0 : 6024, 14, 2022/11/09, 22:21:43.739, 2792169791322, testhost.net48.exe, TestExecutionRecorder.RecordEnd: test: DLL.ClientTest.Test_ChangeLikes execution completed.
TpTrace Verbose: 0 : 6024, 14, 2022/11/09, 22:21:43.741, 2792169809714, testhost.net48.exe, MulticastDelegateUtilities.SafeInvoke: TestCaseEventsHandler.RaiseTestCaseEnd: Invoking callback 1/1 for Microsoft.VisualStudio.TestPlatform.CrossPlatEngine.DataCollection.ProxyOutOfProcDataCollectionManager., took 1 ms.
TpTrace Verbose: 0 : 6024, 14, 2022/11/09, 22:21:43.741, 2792169810998, testhost.net48.exe, TestExecutionRecorder.RecordResult: Received result for test: DLL.ClientTest.Test_ChangeLikes.
TpTrace Verbose: 0 : 6024, 14, 2022/11/09, 22:21:43.741, 2792169811830, testhost.net48.exe, MulticastDelegateUtilities.SafeInvoke: TestCaseEventsHandler.RaiseTestCaseEnd: Invoking callback 1/1 for Microsoft.VisualStudio.TestPlatform.CrossPlatEngine.DataCollection.ProxyOutOfProcDataCollectionManager., took 0 ms.
TpTrace Warning: 0 : 6024, 14, 2022/11/09, 22:21:43.741, 2792169814623, testhost.net48.exe, TestRunCache: InProgressTests is null
TpTrace Warning: 0 : 6024, 14, 2022/11/09, 22:21:43.741, 2792169815282, testhost.net48.exe, TestRunCache: No test found corresponding to testResult 'Test_ChangeLikes' in inProgress list.
TpTrace Verbose: 0 : 6024, 14, 2022/11/09, 22:21:43.742, 2792169822811, testhost.net48.exe, TestExecutionRecorder.RecordStart: Starting test: DLL.ClientTest.Test_ChangePrefer.
TpTrace Verbose: 0 : 6024, 14, 2022/11/09, 22:21:43.744, 2792169840894, testhost.net48.exe, MulticastDelegateUtilities.SafeInvoke: TestCaseEventsHandler.RaiseTestCaseStart: Invoking callback 1/1 for Microsoft.VisualStudio.TestPlatform.CrossPlatEngine.DataCollection.ProxyOutOfProcDataCollectionManager., took 1 ms.
TpTrace Verbose: 0 : 6024, 14, 2022/11/09, 22:21:43.745, 2792169850013, testhost.net48.exe, TestExecutionRecorder.RecordEnd: test: DLL.ClientTest.Test_ChangePrefer execution completed.
TpTrace Verbose: 0 : 6024, 14, 2022/11/09, 22:21:43.746, 2792169864978, testhost.net48.exe, MulticastDelegateUtilities.SafeInvoke: TestCaseEventsHandler.RaiseTestCaseEnd: Invoking callback 1/1 for Microsoft.VisualStudio.TestPlatform.CrossPlatEngine.DataCollection.ProxyOutOfProcDataCollectionManager., took 1 ms.
TpTrace Verbose: 0 : 6024, 14, 2022/11/09, 22:21:43.746, 2792169865902, testhost.net48.exe, TestExecutionRecorder.RecordResult: Received result for test: DLL.ClientTest.Test_ChangePrefer.
TpTrace Verbose: 0 : 6024, 14, 2022/11/09, 22:21:43.746, 2792169866639, testhost.net48.exe, MulticastDelegateUtilities.SafeInvoke: TestCaseEventsHandler.RaiseTestCaseEnd: Invoking callback 1/1 for Microsoft.VisualStudio.TestPlatform.CrossPlatEngine.DataCollection.ProxyOutOfProcDataCollectionManager., took 0 ms.
TpTrace Warning: 0 : 6024, 14, 2022/11/09, 22:21:43.746, 2792169867285, testhost.net48.exe, TestRunCache: InProgressTests is null
TpTrace Warning: 0 : 6024, 14, 2022/11/09, 22:21:43.746, 2792169867862, testhost.net48.exe, TestRunCache: No test found corresponding to testResult 'Test_ChangePrefer' in inProgress list.
TpTrace Verbose: 0 : 6024, 14, 2022/11/09, 22:21:43.747, 2792169876097, testhost.net48.exe, TestExecutionRecorder.RecordStart: Starting test: DLL.ClientTest.Test_ChangeSurName.
TpTrace Verbose: 0 : 6024, 14, 2022/11/09, 22:21:43.749, 2792169892175, testhost.net48.exe, MulticastDelegateUtilities.SafeInvoke: TestCaseEventsHandler.RaiseTestCaseStart: Invoking callback 1/1 for Microsoft.VisualStudio.TestPlatform.CrossPlatEngine.DataCollection.ProxyOutOfProcDataCollectionManager., took 1 ms.
TpTrace Verbose: 0 : 6024, 14, 2022/11/09, 22:21:43.750, 2792169901691, testhost.net48.exe, TestExecutionRecorder.RecordEnd: test: DLL.ClientTest.Test_ChangeSurName execution completed.
TpTrace Verbose: 0 : 6024, 14, 2022/11/09, 22:21:43.751, 2792169914117, testhost.net48.exe, MulticastDelegateUtilities.SafeInvoke: TestCaseEventsHandler.RaiseTestCaseEnd: Invoking callback 1/1 for Microsoft.VisualStudio.TestPlatform.CrossPlatEngine.DataCollection.ProxyOutOfProcDataCollectionManager., took 1 ms.
TpTrace Verbose: 0 : 6024, 14, 2022/11/09, 22:21:43.751, 2792169914781, testhost.net48.exe, TestExecutionRecorder.RecordResult: Received result for test: DLL.ClientTest.Test_ChangeSurName.
TpTrace Verbose: 0 : 6024, 14, 2022/11/09, 22:21:43.751, 2792169915371, testhost.net48.exe, MulticastDelegateUtilities.SafeInvoke: TestCaseEventsHandler.RaiseTestCaseEnd: Invoking callback 1/1 for Microsoft.VisualStudio.TestPlatform.CrossPlatEngine.DataCollection.ProxyOutOfProcDataCollectionManager., took 0 ms.
TpTrace Warning: 0 : 6024, 14, 2022/11/09, 22:21:43.751, 2792169915839, testhost.net48.exe, TestRunCache: InProgressTests is null
TpTrace Warning: 0 : 6024, 14, 2022/11/09, 22:21:43.751, 2792169916259, testhost.net48.exe, TestRunCache: No test found corresponding to testResult 'Test_ChangeSurName' in inProgress list.
TpTrace Verbose: 0 : 6024, 14, 2022/11/09, 22:21:43.752, 2792169921716, testhost.net48.exe, TestExecutionRecorder.RecordStart: Starting test: DLL.ClientTest.Test_ChangeUserID.
TpTrace Verbose: 0 : 6024, 14, 2022/11/09, 22:21:43.753, 2792169932708, testhost.net48.exe, MulticastDelegateUtilities.SafeInvoke: TestCaseEventsHandler.RaiseTestCaseStart: Invoking callback 1/1 for Microsoft.VisualStudio.TestPlatform.CrossPlatEngine.DataCollection.ProxyOutOfProcDataCollectionManager., took 0 ms.
TpTrace Verbose: 0 : 6024, 14, 2022/11/09, 22:21:43.754, 2792169941432, testhost.net48.exe, TestExecutionRecorder.RecordEnd: test: DLL.ClientTest.Test_ChangeUserID execution completed.
TpTrace Verbose: 0 : 6024, 14, 2022/11/09, 22:21:43.755, 2792169956694, testhost.net48.exe, MulticastDelegateUtilities.SafeInvoke: TestCaseEventsHandler.RaiseTestCaseEnd: Invoking callback 1/1 for Microsoft.VisualStudio.TestPlatform.CrossPlatEngine.DataCollection.ProxyOutOfProcDataCollectionManager., took 1 ms.
TpTrace Verbose: 0 : 6024, 14, 2022/11/09, 22:21:43.755, 2792169957638, testhost.net48.exe, TestExecutionRecorder.RecordResult: Received result for test: DLL.ClientTest.Test_ChangeUserID.
TpTrace Verbose: 0 : 6024, 14, 2022/11/09, 22:21:43.755, 2792169958295, testhost.net48.exe, MulticastDelegateUtilities.SafeInvoke: TestCaseEventsHandler.RaiseTestCaseEnd: Invoking callback 1/1 for Microsoft.VisualStudio.TestPlatform.CrossPlatEngine.DataCollection.ProxyOutOfProcDataCollectionManager., took 0 ms.
TpTrace Warning: 0 : 6024, 14, 2022/11/09, 22:21:43.756, 2792169958941, testhost.net48.exe, TestRunCache: InProgressTests is null
TpTrace Warning: 0 : 6024, 14, 2022/11/09, 22:21:43.756, 2792169959453, testhost.net48.exe, TestRunCache: No test found corresponding to testResult 'Test_ChangeUserID' in inProgress list.
TpTrace Verbose: 0 : 6024, 14, 2022/11/09, 22:21:43.756, 2792169966397, testhost.net48.exe, TestExecutionRecorder.RecordStart: Starting test: DLL.ClientTest.Test_ChangName.
TpTrace Verbose: 0 : 6024, 14, 2022/11/09, 22:21:43.758, 2792169981541, testhost.net48.exe, MulticastDelegateUtilities.SafeInvoke: TestCaseEventsHandler.RaiseTestCaseStart: Invoking callback 1/1 for Microsoft.VisualStudio.TestPlatform.CrossPlatEngine.DataCollection.ProxyOutOfProcDataCollectionManager., took 1 ms.
TpTrace Verbose: 0 : 6024, 14, 2022/11/09, 22:21:43.759, 2792169989897, testhost.net48.exe, TestExecutionRecorder.RecordEnd: test: DLL.ClientTest.Test_ChangName execution completed.
TpTrace Verbose: 0 : 6024, 14, 2022/11/09, 22:21:43.760, 2792170005703, testhost.net48.exe, MulticastDelegateUtilities.SafeInvoke: TestCaseEventsHandler.RaiseTestCaseEnd: Invoking callback 1/1 for Microsoft.VisualStudio.TestPlatform.CrossPlatEngine.DataCollection.ProxyOutOfProcDataCollectionManager., took 1 ms.
TpTrace Verbose: 0 : 6024, 14, 2022/11/09, 22:21:43.760, 2792170006615, testhost.net48.exe, TestExecutionRecorder.RecordResult: Received result for test: DLL.ClientTest.Test_ChangName.
TpTrace Verbose: 0 : 6024, 14, 2022/11/09, 22:21:43.760, 2792170007293, testhost.net48.exe, MulticastDelegateUtilities.SafeInvoke: TestCaseEventsHandler.RaiseTestCaseEnd: Invoking callback 1/1 for Microsoft.VisualStudio.TestPlatform.CrossPlatEngine.DataCollection.ProxyOutOfProcDataCollectionManager., took 0 ms.
TpTrace Warning: 0 : 6024, 14, 2022/11/09, 22:21:43.760, 2792170007880, testhost.net48.exe, TestRunCache: InProgressTests is null
TpTrace Warning: 0 : 6024, 14, 2022/11/09, 22:21:43.760, 2792170008429, testhost.net48.exe, TestRunCache: No test found corresponding to testResult 'Test_ChangName' in inProgress list.
TpTrace Verbose: 0 : 6024, 14, 2022/11/09, 22:21:43.761, 2792170015388, testhost.net48.exe, TestExecutionRecorder.RecordStart: Starting test: DLL.ClientTest.Test_Construct.
TpTrace Verbose: 0 : 6024, 14, 2022/11/09, 22:21:43.763, 2792170030025, testhost.net48.exe, MulticastDelegateUtilities.SafeInvoke: TestCaseEventsHandler.RaiseTestCaseStart: Invoking callback 1/1 for Microsoft.VisualStudio.TestPlatform.CrossPlatEngine.DataCollection.ProxyOutOfProcDataCollectionManager., took 1 ms.
TpTrace Verbose: 0 : 6024, 14, 2022/11/09, 22:21:43.764, 2792170038650, testhost.net48.exe, TestExecutionRecorder.RecordEnd: test: DLL.ClientTest.Test_Construct execution completed.
TpTrace Verbose: 0 : 6024, 14, 2022/11/09, 22:21:43.765, 2792170054199, testhost.net48.exe, MulticastDelegateUtilities.SafeInvoke: TestCaseEventsHandler.RaiseTestCaseEnd: Invoking callback 1/1 for Microsoft.VisualStudio.TestPlatform.CrossPlatEngine.DataCollection.ProxyOutOfProcDataCollectionManager., took 1 ms.
TpTrace Verbose: 0 : 6024, 14, 2022/11/09, 22:21:43.765, 2792170055063, testhost.net48.exe, TestExecutionRecorder.RecordResult: Received result for test: DLL.ClientTest.Test_Construct.
TpTrace Verbose: 0 : 6024, 14, 2022/11/09, 22:21:43.765, 2792170055745, testhost.net48.exe, MulticastDelegateUtilities.SafeInvoke: TestCaseEventsHandler.RaiseTestCaseEnd: Invoking callback 1/1 for Microsoft.VisualStudio.TestPlatform.CrossPlatEngine.DataCollection.ProxyOutOfProcDataCollectionManager., took 0 ms.
TpTrace Warning: 0 : 6024, 14, 2022/11/09, 22:21:43.765, 2792170056347, testhost.net48.exe, TestRunCache: InProgressTests is null
TpTrace Warning: 0 : 6024, 14, 2022/11/09, 22:21:43.765, 2792170056834, testhost.net48.exe, TestRunCache: No test found corresponding to testResult 'Test_Construct' in inProgress list.
TpTrace Verbose: 0 : 6024, 14, 2022/11/09, 22:21:43.766, 2792170063766, testhost.net48.exe, TestExecutionRecorder.RecordStart: Starting test: DLL.ClientTest.Test_Getdata.
TpTrace Verbose: 0 : 6024, 14, 2022/11/09, 22:21:43.768, 2792170081101, testhost.net48.exe, MulticastDelegateUtilities.SafeInvoke: TestCaseEventsHandler.RaiseTestCaseStart: Invoking callback 1/1 for Microsoft.VisualStudio.TestPlatform.CrossPlatEngine.DataCollection.ProxyOutOfProcDataCollectionManager., took 1 ms.
TpTrace Verbose: 0 : 6024, 14, 2022/11/09, 22:21:43.769, 2792170089829, testhost.net48.exe, TestExecutionRecorder.RecordEnd: test: DLL.ClientTest.Test_Getdata execution completed.
TpTrace Verbose: 0 : 6024, 14, 2022/11/09, 22:21:43.770, 2792170106423, testhost.net48.exe, MulticastDelegateUtilities.SafeInvoke: TestCaseEventsHandler.RaiseTestCaseEnd: Invoking callback 1/1 for Microsoft.VisualStudio.TestPlatform.CrossPlatEngine.DataCollection.ProxyOutOfProcDataCollectionManager., took 1 ms.
TpTrace Verbose: 0 : 6024, 14, 2022/11/09, 22:21:43.770, 2792170107382, testhost.net48.exe, TestExecutionRecorder.RecordResult: Received result for test: DLL.ClientTest.Test_Getdata.
TpTrace Verbose: 0 : 6024, 14, 2022/11/09, 22:21:43.770, 2792170108088, testhost.net48.exe, MulticastDelegateUtilities.SafeInvoke: TestCaseEventsHandler.RaiseTestCaseEnd: Invoking callback 1/1 for Microsoft.VisualStudio.TestPlatform.CrossPlatEngine.DataCollection.ProxyOutOfProcDataCollectionManager., took 0 ms.
TpTrace Warning: 0 : 6024, 14, 2022/11/09, 22:21:43.771, 2792170108714, testhost.net48.exe, TestRunCache: InProgressTests is null
TpTrace Warning: 0 : 6024, 14, 2022/11/09, 22:21:43.771, 2792170109255, testhost.net48.exe, TestRunCache: No test found corresponding to testResult 'Test_Getdata' in inProgress list.
TpTrace Verbose: 0 : 6024, 14, 2022/11/09, 22:21:43.777, 2792170168968, testhost.net48.exe, TestExecutionRecorder.RecordStart: Starting test: DLL.EstateTest.Test_ChangeAvail.
TpTrace Verbose: 0 : 6024, 14, 2022/11/09, 22:21:43.779, 2792170188815, testhost.net48.exe, MulticastDelegateUtilities.SafeInvoke: TestCaseEventsHandler.RaiseTestCaseStart: Invoking callback 1/1 for Microsoft.VisualStudio.TestPlatform.CrossPlatEngine.DataCollection.ProxyOutOfProcDataCollectionManager., took 1 ms.
TpTrace Verbose: 0 : 6024, 14, 2022/11/09, 22:21:43.780, 2792170200293, testhost.net48.exe, TestExecutionRecorder.RecordEnd: test: DLL.EstateTest.Test_ChangeAvail execution completed.
TpTrace Verbose: 0 : 6024, 14, 2022/11/09, 22:21:43.783, 2792170233969, testhost.net48.exe, MulticastDelegateUtilities.SafeInvoke: TestCaseEventsHandler.RaiseTestCaseEnd: Invoking callback 1/1 for Microsoft.VisualStudio.TestPlatform.CrossPlatEngine.DataCollection.ProxyOutOfProcDataCollectionManager., took 3 ms.
TpTrace Verbose: 0 : 6024, 14, 2022/11/09, 22:21:43.783, 2792170235294, testhost.net48.exe, TestExecutionRecorder.RecordResult: Received result for test: DLL.EstateTest.Test_ChangeAvail.
TpTrace Verbose: 0 : 6024, 14, 2022/11/09, 22:21:43.783, 2792170236138, testhost.net48.exe, MulticastDelegateUtilities.SafeInvoke: TestCaseEventsHandler.RaiseTestCaseEnd: Invoking callback 1/1 for Microsoft.VisualStudio.TestPlatform.CrossPlatEngine.DataCollection.ProxyOutOfProcDataCollectionManager., took 0 ms.
TpTrace Warning: 0 : 6024, 14, 2022/11/09, 22:21:43.783, 2792170236815, testhost.net48.exe, TestRunCache: InProgressTests is null
TpTrace Warning: 0 : 6024, 14, 2022/11/09, 22:21:43.783, 2792170237278, testhost.net48.exe, TestRunCache: No test found corresponding to testResult 'Test_ChangeAvail' in inProgress list.
TpTrace Verbose: 0 : 6024, 14, 2022/11/09, 22:21:43.784, 2792170243735, testhost.net48.exe, TestExecutionRecorder.RecordStart: Starting test: DLL.EstateTest.Test_ChangeCost.
TpTrace Information: 0 : 6024, 14, 2022/11/09, 22:21:43.788, 2792170283923, testhost.net48.exe, Sending test run statistics
TpTrace Verbose: 0 : 6024, 14, 2022/11/09, 22:21:43.829, 2792170696218, testhost.net48.exe, TestRequestHandler.SendData: sending data from testhost: {"Version":7,"MessageType":"TestExecution.StatsChange","Payload":{"NewTestResults":[{"TestCase":{"Id":"ab6cfba7-a909-4852-935c-c0a8150dca5c","FullyQualifiedName":"DLL.ClientTest.Test_ChangeBankID","DisplayName":"Test_ChangeBankID","ExecutorUri":"executor://NUnit3TestExecutor","Source":"H:\\PROJECTS\\OOP_Term\\SolutionTest\\bin\\Debug\\net48\\fine-code-coverage\\build-output\\DLL.dll","CodeFilePath":null,"LineNumber":0,"Properties":[]},"Attachments":[],"Outcome":1,"ErrorMessage":null,"ErrorStackTrace":null,"DisplayName":"Test_ChangeBankID","Messages":[],"ComputerName":"DESKTOP-9COOC3C","Duration":"00:00:00.0390000","StartTime":"2022-11-09T21:21:43+00:00","EndTime":"2022-11-09T21:21:43+00:00","Properties":[]},{"TestCase":{"Id":"3420739a-f73f-ad5c-d598-7998aba35664","FullyQualifiedName":"DLL.ClientTest.Test_ChangeLikes","DisplayName":"Test_ChangeLikes","ExecutorUri":"executor://NUnit3TestExecutor","Source":"H:\\PROJECTS\\OOP_Term\\SolutionTest\\bin\\Debug\\net48\\fine-code-coverage\\build-output\\DLL.dll","CodeFilePath":null,"LineNumber":0,"Properties":[]},"Attachments":[],"Outcome":1,"ErrorMessage":null,"ErrorStackTrace":null,"DisplayName":"Test_ChangeLikes","Messages":[],"ComputerName":"DESKTOP-9COOC3C","Duration":"00:00:00.0200000","StartTime":"2022-11-09T21:21:43+00:00","EndTime":"2022-11-09T21:21:43+00:00","Properties":[]},{"TestCase":{"Id":"47289195-00b8-f4aa-1654-a9f30b7ea55f","FullyQualifiedName":"DLL.ClientTest.Test_ChangePrefer","DisplayName":"Test_ChangePrefer","ExecutorUri":"executor://NUnit3TestExecutor","Source":"H:\\PROJECTS\\OOP_Term\\SolutionTest\\bin\\Debug\\net48\\fine-code-coverage\\build-output\\DLL.dll","CodeFilePath":null,"LineNumber":0,"Properties":[]},"Attachments":[],"Outcome":1,"ErrorMessage":null,"ErrorStackTrace":null,"DisplayName":"Test_ChangePrefer","Messages":[],"ComputerName":"DESKTOP-9COOC3C","Duration":"00:00:00.0000001","StartTime":"2022-11-09T21:21:43+00:00","EndTime":"2022-11-09T21:21:43+00:00","Properties":[]},{"TestCase":{"Id":"3e08308e-4213-8869-ef53-a24c9d343c80","FullyQualifiedName":"DLL.ClientTest.Test_ChangeSurName","DisplayName":"Test_ChangeSurName","ExecutorUri":"executor://NUnit3TestExecutor","Source":"H:\\PROJECTS\\OOP_Term\\SolutionTest\\bin\\Debug\\net48\\fine-code-coverage\\build-output\\DLL.dll","CodeFilePath":null,"LineNumber":0,"Properties":[]},"Attachments":[],"Outcome":1,"ErrorMessage":null,"ErrorStackTrace":null,"DisplayName":"Test_ChangeSurName","Messages":[],"ComputerName":"DESKTOP-9COOC3C","Duration":"00:00:00.0000001","StartTime":"2022-11-09T21:21:43+00:00","EndTime":"2022-11-09T21:21:43+00:00","Properties":[]},{"TestCase":{"Id":"67d75912-ec41-91b4-82c1-c3d2aadea88d","FullyQualifiedName":"DLL.ClientTest.Test_ChangeUserID","DisplayName":"Test_ChangeUserID","ExecutorUri":"executor://NUnit3TestExecutor","Source":"H:\\PROJECTS\\OOP_Term\\SolutionTest\\bin\\Debug\\net48\\fine-code-coverage\\build-output\\DLL.dll","CodeFilePath":null,"LineNumber":0,"Properties":[]},"Attachments":[],"Outcome":1,"ErrorMessage":null,"ErrorStackTrace":null,"DisplayName":"Test_ChangeUserID","Messages":[],"ComputerName":"DESKTOP-9COOC3C","Duration":"00:00:00.0000001","StartTime":"2022-11-09T21:21:43+00:00","EndTime":"2022-11-09T21:21:43+00:00","Properties":[]},{"TestCase":{"Id":"713a576e-c344-c3c6-1498-f9d4003e9a40","FullyQualifiedName":"DLL.ClientTest.Test_ChangName","DisplayName":"Test_ChangName","ExecutorUri":"executor://NUnit3TestExecutor","Source":"H:\\PROJECTS\\OOP_Term\\SolutionTest\\bin\\Debug\\net48\\fine-code-coverage\\build-output\\DLL.dll","CodeFilePath":null,"LineNumber":0,"Properties":[]},"Attachments":[],"Outcome":1,"ErrorMessage":null,"ErrorStackTrace":null,"DisplayName":"Test_ChangName","Messages":[],"ComputerName":"DESKTOP-9COOC3C","Duration":"00:00:00.0000001","StartTime":"2022-11-09T21:21:43+00:00","EndTime":"2022-11-09T21:21:43+00:00","Properties":[]},{"TestCase":{"Id":"a1ec189b-32d7-4269-c0fd-757fa536b6eb","FullyQualifiedName":"DLL.ClientTest.Test_Construct","DisplayName":"Test_Construct","ExecutorUri":"executor://NUnit3TestExecutor","Source":"H:\\PROJECTS\\OOP_Term\\SolutionTest\\bin\\Debug\\net48\\fine-code-coverage\\build-output\\DLL.dll","CodeFilePath":null,"LineNumber":0,"Properties":[]},"Attachments":[],"Outcome":1,"ErrorMessage":null,"ErrorStackTrace":null,"DisplayName":"Test_Construct","Messages":[],"ComputerName":"DESKTOP-9COOC3C","Duration":"00:00:00.0170000","StartTime":"2022-11-09T21:21:43+00:00","EndTime":"2022-11-09T21:21:43+00:00","Properties":[]},{"TestCase":{"Id":"91b24253-10ea-611c-97b0-960f6a959d49","FullyQualifiedName":"DLL.ClientTest.Test_Getdata","DisplayName":"Test_Getdata","ExecutorUri":"executor://NUnit3TestExecutor","Source":"H:\\PROJECTS\\OOP_Term\\SolutionTest\\bin\\Debug\\net48\\fine-code-coverage\\build-output\\DLL.dll","CodeFilePath":null,"LineNumber":0,"Properties":[]},"Attachments":[],"Outcome":1,"ErrorMessage":null,"ErrorStackTrace":null,"DisplayName":"Test_Getdata","Messages":[],"ComputerName":"DESKTOP-9COOC3C","Duration":"00:00:00.0010000","StartTime":"2022-11-09T21:21:43+00:00","EndTime":"2022-11-09T21:21:43+00:00","Properties":[]},{"TestCase":{"Id":"91d72ed9-879a-c1b9-623b-e204d6ade39d","FullyQualifiedName":"DLL.EstateTest.Test_ChangeAvail","DisplayName":"Test_ChangeAvail","ExecutorUri":"executor://NUnit3TestExecutor","Source":"H:\\PROJECTS\\OOP_Term\\SolutionTest\\bin\\Debug\\net48\\fine-code-coverage\\build-output\\DLL.dll","CodeFilePath":null,"LineNumber":0,"Properties":[]},"Attachments":[],"Outcome":1,"ErrorMessage":null,"ErrorStackTrace":null,"DisplayName":"Test_ChangeAvail","Messages":[],"ComputerName":"DESKTOP-9COOC3C","Duration":"00:00:00.0010000","StartTime":"2022-11-09T21:21:43+00:00","EndTime":"2022-11-09T21:21:43+00:00","Properties":[]}],"TestRunStatistics":{"ExecutedTests":9,"Stats":{"Passed":9}},"ActiveTests":[{"Id":"f7fa3f3a-a209-4c84-2e5c-4823b9280038","FullyQualifiedName":"DLL.EstateTest.Test_ChangeCost","DisplayName":"Test_ChangeCost","ExecutorUri":"executor://NUnit3TestExecutor","Source":"H:\\PROJECTS\\OOP_Term\\SolutionTest\\bin\\Debug\\net48\\fine-code-coverage\\build-output\\DLL.dll","CodeFilePath":null,"LineNumber":0,"Properties":[]}]}}
TpTrace Verbose: 0 : 6024, 14, 2022/11/09, 22:21:43.830, 2792170700332, testhost.net48.exe, TestRunCache: OnNewTestResult: Notified the onCacheHit callback.
TpTrace Verbose: 0 : 6024, 14, 2022/11/09, 22:21:43.831, 2792170715262, testhost.net48.exe, MulticastDelegateUtilities.SafeInvoke: TestCaseEventsHandler.RaiseTestCaseStart: Invoking callback 1/1 for Microsoft.VisualStudio.TestPlatform.CrossPlatEngine.DataCollection.ProxyOutOfProcDataCollectionManager., took 1 ms.
TpTrace Verbose: 0 : 6024, 14, 2022/11/09, 22:21:43.832, 2792170722982, testhost.net48.exe, TestExecutionRecorder.RecordEnd: test: DLL.EstateTest.Test_ChangeCost execution completed.
TpTrace Warning: 0 : 6024, 14, 2022/11/09, 22:21:43.832, 2792170723534, testhost.net48.exe, TestRunCache: InProgressTests is null
TpTrace Verbose: 0 : 6024, 14, 2022/11/09, 22:21:43.834, 2792170739246, testhost.net48.exe, MulticastDelegateUtilities.SafeInvoke: TestCaseEventsHandler.RaiseTestCaseEnd: Invoking callback 1/1 for Microsoft.VisualStudio.TestPlatform.CrossPlatEngine.DataCollection.ProxyOutOfProcDataCollectionManager., took 1 ms.
TpTrace Verbose: 0 : 6024, 14, 2022/11/09, 22:21:43.834, 2792170740340, testhost.net48.exe, TestExecutionRecorder.RecordResult: Received result for test: DLL.EstateTest.Test_ChangeCost.
TpTrace Verbose: 0 : 6024, 14, 2022/11/09, 22:21:43.834, 2792170741048, testhost.net48.exe, MulticastDelegateUtilities.SafeInvoke: TestCaseEventsHandler.RaiseTestCaseEnd: Invoking callback 1/1 for Microsoft.VisualStudio.TestPlatform.CrossPlatEngine.DataCollection.ProxyOutOfProcDataCollectionManager., took 0 ms.
TpTrace Warning: 0 : 6024, 14, 2022/11/09, 22:21:43.834, 2792170741673, testhost.net48.exe, TestRunCache: InProgressTests is null
TpTrace Warning: 0 : 6024, 14, 2022/11/09, 22:21:43.834, 2792170742204, testhost.net48.exe, TestRunCache: No test found corresponding to testResult 'Test_ChangeCost' in inProgress list.
TpTrace Verbose: 0 : 6024, 14, 2022/11/09, 22:21:43.835, 2792170749542, testhost.net48.exe, TestExecutionRecorder.RecordStart: Starting test: DLL.EstateTest.Test_ChangeId.
TpTrace Verbose: 0 : 6024, 14, 2022/11/09, 22:21:43.836, 2792170765330, testhost.net48.exe, MulticastDelegateUtilities.SafeInvoke: TestCaseEventsHandler.RaiseTestCaseStart: Invoking callback 1/1 for Microsoft.VisualStudio.TestPlatform.CrossPlatEngine.DataCollection.ProxyOutOfProcDataCollectionManager., took 1 ms.
TpTrace Verbose: 0 : 6024, 14, 2022/11/09, 22:21:43.837, 2792170773845, testhost.net48.exe, TestExecutionRecorder.RecordEnd: test: DLL.EstateTest.Test_ChangeId execution completed.
TpTrace Verbose: 0 : 6024, 14, 2022/11/09, 22:21:43.839, 2792170792404, testhost.net48.exe, MulticastDelegateUtilities.SafeInvoke: TestCaseEventsHandler.RaiseTestCaseEnd: Invoking callback 1/1 for Microsoft.VisualStudio.TestPlatform.CrossPlatEngine.DataCollection.ProxyOutOfProcDataCollectionManager., took 1 ms.
TpTrace Verbose: 0 : 6024, 14, 2022/11/09, 22:21:43.839, 2792170793422, testhost.net48.exe, TestExecutionRecorder.RecordResult: Received result for test: DLL.EstateTest.Test_ChangeId.
TpTrace Verbose: 0 : 6024, 14, 2022/11/09, 22:21:43.839, 2792170794125, testhost.net48.exe, MulticastDelegateUtilities.SafeInvoke: TestCaseEventsHandler.RaiseTestCaseEnd: Invoking callback 1/1 for Microsoft.VisualStudio.TestPlatform.CrossPlatEngine.DataCollection.ProxyOutOfProcDataCollectionManager., took 0 ms.
TpTrace Warning: 0 : 6024, 14, 2022/11/09, 22:21:43.839, 2792170794729, testhost.net48.exe, TestRunCache: InProgressTests is null
TpTrace Warning: 0 : 6024, 14, 2022/11/09, 22:21:43.839, 2792170795266, testhost.net48.exe, TestRunCache: No test found corresponding to testResult 'Test_ChangeId' in inProgress list.
TpTrace Verbose: 0 : 6024, 14, 2022/11/09, 22:21:43.840, 2792170802494, testhost.net48.exe, TestExecutionRecorder.RecordStart: Starting test: DLL.EstateTest.Test_ChangeSq.
TpTrace Verbose: 0 : 6024, 14, 2022/11/09, 22:21:43.842, 2792170819473, testhost.net48.exe, MulticastDelegateUtilities.SafeInvoke: TestCaseEventsHandler.RaiseTestCaseStart: Invoking callback 1/1 for Microsoft.VisualStudio.TestPlatform.CrossPlatEngine.DataCollection.ProxyOutOfProcDataCollectionManager., took 1 ms.
TpTrace Verbose: 0 : 6024, 14, 2022/11/09, 22:21:43.842, 2792170827772, testhost.net48.exe, TestExecutionRecorder.RecordEnd: test: DLL.EstateTest.Test_ChangeSq execution completed.
TpTrace Verbose: 0 : 6024, 14, 2022/11/09, 22:21:43.844, 2792170843921, testhost.net48.exe, MulticastDelegateUtilities.SafeInvoke: TestCaseEventsHandler.RaiseTestCaseEnd: Invoking callback 1/1 for Microsoft.VisualStudio.TestPlatform.CrossPlatEngine.DataCollection.ProxyOutOfProcDataCollectionManager., took 1 ms.
TpTrace Verbose: 0 : 6024, 14, 2022/11/09, 22:21:43.844, 2792170844748, testhost.net48.exe, TestExecutionRecorder.RecordResult: Received result for test: DLL.EstateTest.Test_ChangeSq.
TpTrace Verbose: 0 : 6024, 14, 2022/11/09, 22:21:43.844, 2792170845418, testhost.net48.exe, MulticastDelegateUtilities.SafeInvoke: TestCaseEventsHandler.RaiseTestCaseEnd: Invoking callback 1/1 for Microsoft.VisualStudio.TestPlatform.CrossPlatEngine.DataCollection.ProxyOutOfProcDataCollectionManager., took 0 ms.
TpTrace Warning: 0 : 6024, 14, 2022/11/09, 22:21:43.844, 2792170846035, testhost.net48.exe, TestRunCache: InProgressTests is null
TpTrace Warning: 0 : 6024, 14, 2022/11/09, 22:21:43.844, 2792170846566, testhost.net48.exe, TestRunCache: No test found corresponding to testResult 'Test_ChangeSq' in inProgress list.
TpTrace Verbose: 0 : 6024, 14, 2022/11/09, 22:21:43.845, 2792170853705, testhost.net48.exe, TestExecutionRecorder.RecordStart: Starting test: DLL.EstateTest.Test_ChangeType.
TpTrace Verbose: 0 : 6024, 14, 2022/11/09, 22:21:43.847, 2792170870006, testhost.net48.exe, MulticastDelegateUtilities.SafeInvoke: TestCaseEventsHandler.RaiseTestCaseStart: Invoking callback 1/1 for Microsoft.VisualStudio.TestPlatform.CrossPlatEngine.DataCollection.ProxyOutOfProcDataCollectionManager., took 1 ms.
TpTrace Verbose: 0 : 6024, 14, 2022/11/09, 22:21:43.847, 2792170877147, testhost.net48.exe, TestExecutionRecorder.RecordEnd: test: DLL.EstateTest.Test_ChangeType execution completed.
TpTrace Verbose: 0 : 6024, 14, 2022/11/09, 22:21:43.849, 2792170889868, testhost.net48.exe, MulticastDelegateUtilities.SafeInvoke: TestCaseEventsHandler.RaiseTestCaseEnd: Invoking callback 1/1 for Microsoft.VisualStudio.TestPlatform.CrossPlatEngine.DataCollection.ProxyOutOfProcDataCollectionManager., took 1 ms.
TpTrace Verbose: 0 : 6024, 14, 2022/11/09, 22:21:43.849, 2792170890902, testhost.net48.exe, TestExecutionRecorder.RecordResult: Received result for test: DLL.EstateTest.Test_ChangeType.
TpTrace Verbose: 0 : 6024, 14, 2022/11/09, 22:21:43.849, 2792170891688, testhost.net48.exe, MulticastDelegateUtilities.SafeInvoke: TestCaseEventsHandler.RaiseTestCaseEnd: Invoking callback 1/1 for Microsoft.VisualStudio.TestPlatform.CrossPlatEngine.DataCollection.ProxyOutOfProcDataCollectionManager., took 0 ms.
TpTrace Warning: 0 : 6024, 14, 2022/11/09, 22:21:43.849, 2792170892330, testhost.net48.exe, TestRunCache: InProgressTests is null
TpTrace Warning: 0 : 6024, 14, 2022/11/09, 22:21:43.849, 2792170892878, testhost.net48.exe, TestRunCache: No test found corresponding to testResult 'Test_ChangeType' in inProgress list.
TpTrace Verbose: 0 : 6024, 14, 2022/11/09, 22:21:43.850, 2792170900208, testhost.net48.exe, TestExecutionRecorder.RecordStart: Starting test: DLL.EstateTest.Test_Construct.
TpTrace Verbose: 0 : 6024, 14, 2022/11/09, 22:21:43.851, 2792170915035, testhost.net48.exe, MulticastDelegateUtilities.SafeInvoke: TestCaseEventsHandler.RaiseTestCaseStart: Invoking callback 1/1 for Microsoft.VisualStudio.TestPlatform.CrossPlatEngine.DataCollection.ProxyOutOfProcDataCollectionManager., took 1 ms.
TpTrace Verbose: 0 : 6024, 14, 2022/11/09, 22:21:43.852, 2792170923170, testhost.net48.exe, TestExecutionRecorder.RecordEnd: test: DLL.EstateTest.Test_Construct execution completed.
TpTrace Verbose: 0 : 6024, 14, 2022/11/09, 22:21:43.854, 2792170941715, testhost.net48.exe, MulticastDelegateUtilities.SafeInvoke: TestCaseEventsHandler.RaiseTestCaseEnd: Invoking callback 1/1 for Microsoft.VisualStudio.TestPlatform.CrossPlatEngine.DataCollection.ProxyOutOfProcDataCollectionManager., took 1 ms.
TpTrace Verbose: 0 : 6024, 14, 2022/11/09, 22:21:43.854, 2792170942779, testhost.net48.exe, TestExecutionRecorder.RecordResult: Received result for test: DLL.EstateTest.Test_Construct.
TpTrace Verbose: 0 : 6024, 14, 2022/11/09, 22:21:43.854, 2792170943506, testhost.net48.exe, MulticastDelegateUtilities.SafeInvoke: TestCaseEventsHandler.RaiseTestCaseEnd: Invoking callback 1/1 for Microsoft.VisualStudio.TestPlatform.CrossPlatEngine.DataCollection.ProxyOutOfProcDataCollectionManager., took 0 ms.
TpTrace Warning: 0 : 6024, 14, 2022/11/09, 22:21:43.854, 2792170943965, testhost.net48.exe, TestRunCache: InProgressTests is null
TpTrace Warning: 0 : 6024, 14, 2022/11/09, 22:21:43.854, 2792170944391, testhost.net48.exe, TestRunCache: No test found corresponding to testResult 'Test_Construct' in inProgress list.
TpTrace Verbose: 0 : 6024, 14, 2022/11/09, 22:21:43.855, 2792170950287, testhost.net48.exe, TestExecutionRecorder.RecordStart: Starting test: DLL.EstateTest.Test_Getdata.
TpTrace Verbose: 0 : 6024, 14, 2022/11/09, 22:21:43.856, 2792170962291, testhost.net48.exe, MulticastDelegateUtilities.SafeInvoke: TestCaseEventsHandler.RaiseTestCaseStart: Invoking callback 1/1 for Microsoft.VisualStudio.TestPlatform.CrossPlatEngine.DataCollection.ProxyOutOfProcDataCollectionManager., took 1 ms.
TpTrace Verbose: 0 : 6024, 14, 2022/11/09, 22:21:43.862, 2792171022449, testhost.net48.exe, TestExecutionRecorder.RecordEnd: test: DLL.EstateTest.Test_Getdata execution completed.
TpTrace Verbose: 0 : 6024, 14, 2022/11/09, 22:21:43.864, 2792171042201, testhost.net48.exe, MulticastDelegateUtilities.SafeInvoke: TestCaseEventsHandler.RaiseTestCaseEnd: Invoking callback 1/1 for Microsoft.VisualStudio.TestPlatform.CrossPlatEngine.DataCollection.ProxyOutOfProcDataCollectionManager., took 1 ms.
TpTrace Verbose: 0 : 6024, 14, 2022/11/09, 22:21:43.864, 2792171043226, testhost.net48.exe, TestExecutionRecorder.RecordResult: Received result for test: DLL.EstateTest.Test_Getdata.
TpTrace Verbose: 0 : 6024, 14, 2022/11/09, 22:21:43.864, 2792171044008, testhost.net48.exe, MulticastDelegateUtilities.SafeInvoke: TestCaseEventsHandler.RaiseTestCaseEnd: Invoking callback 1/1 for Microsoft.VisualStudio.TestPlatform.CrossPlatEngine.DataCollection.ProxyOutOfProcDataCollectionManager., took 0 ms.
TpTrace Warning: 0 : 6024, 14, 2022/11/09, 22:21:43.864, 2792171044625, testhost.net48.exe, TestRunCache: InProgressTests is null
TpTrace Warning: 0 : 6024, 14, 2022/11/09, 22:21:43.864, 2792171045164, testhost.net48.exe, TestRunCache: No test found corresponding to testResult 'Test_Getdata' in inProgress list.
TpTrace Verbose: 0 : 6024, 14, 2022/11/09, 22:21:43.866, 2792171064852, testhost.net48.exe, TestExecutionRecorder.RecordStart: Starting test: DLL.ExceptionTest.Test_ExceptionMaking.
TpTrace Verbose: 0 : 6024, 14, 2022/11/09, 22:21:43.868, 2792171081808, testhost.net48.exe, MulticastDelegateUtilities.SafeInvoke: TestCaseEventsHandler.RaiseTestCaseStart: Invoking callback 1/1 for Microsoft.VisualStudio.TestPlatform.CrossPlatEngine.DataCollection.ProxyOutOfProcDataCollectionManager., took 1 ms.
TpTrace Verbose: 0 : 6024, 14, 2022/11/09, 22:21:43.869, 2792171090404, testhost.net48.exe, TestExecutionRecorder.RecordEnd: test: DLL.ExceptionTest.Test_ExceptionMaking execution completed.
TpTrace Verbose: 0 : 6024, 14, 2022/11/09, 22:21:43.870, 2792171106451, testhost.net48.exe, MulticastDelegateUtilities.SafeInvoke: TestCaseEventsHandler.RaiseTestCaseEnd: Invoking callback 1/1 for Microsoft.VisualStudio.TestPlatform.CrossPlatEngine.DataCollection.ProxyOutOfProcDataCollectionManager., took 1 ms.
TpTrace Verbose: 0 : 6024, 14, 2022/11/09, 22:21:43.870, 2792171107428, testhost.net48.exe, TestExecutionRecorder.RecordResult: Received result for test: DLL.ExceptionTest.Test_ExceptionMaking.
TpTrace Verbose: 0 : 6024, 14, 2022/11/09, 22:21:43.870, 2792171108168, testhost.net48.exe, MulticastDelegateUtilities.SafeInvoke: TestCaseEventsHandler.RaiseTestCaseEnd: Invoking callback 1/1 for Microsoft.VisualStudio.TestPlatform.CrossPlatEngine.DataCollection.ProxyOutOfProcDataCollectionManager., took 0 ms.
TpTrace Warning: 0 : 6024, 14, 2022/11/09, 22:21:43.871, 2792171108889, testhost.net48.exe, TestRunCache: InProgressTests is null
TpTrace Warning: 0 : 6024, 14, 2022/11/09, 22:21:43.871, 2792171109469, testhost.net48.exe, TestRunCache: No test found corresponding to testResult 'Test_ExceptionMaking' in inProgress list.
TpTrace Verbose: 0 : 6024, 14, 2022/11/09, 22:21:43.871, 2792171116090, testhost.net48.exe, TestExecutionRecorder.RecordStart: Starting test: DLL.ExceptionTest.TestErrorAlreadyExist.
TpTrace Verbose: 0 : 6024, 14, 2022/11/09, 22:21:43.873, 2792171131202, testhost.net48.exe, MulticastDelegateUtilities.SafeInvoke: TestCaseEventsHandler.RaiseTestCaseStart: Invoking callback 1/1 for Microsoft.VisualStudio.TestPlatform.CrossPlatEngine.DataCollection.ProxyOutOfProcDataCollectionManager., took 1 ms.
TpTrace Verbose: 0 : 6024, 14, 2022/11/09, 22:21:43.873, 2792171137878, testhost.net48.exe, TestExecutionRecorder.RecordEnd: test: DLL.ExceptionTest.TestErrorAlreadyExist execution completed.
TpTrace Verbose: 0 : 6024, 14, 2022/11/09, 22:21:43.875, 2792171154292, testhost.net48.exe, MulticastDelegateUtilities.SafeInvoke: TestCaseEventsHandler.RaiseTestCaseEnd: Invoking callback 1/1 for Microsoft.VisualStudio.TestPlatform.CrossPlatEngine.DataCollection.ProxyOutOfProcDataCollectionManager., took 1 ms.
TpTrace Verbose: 0 : 6024, 14, 2022/11/09, 22:21:43.875, 2792171155072, testhost.net48.exe, TestExecutionRecorder.RecordResult: Received result for test: DLL.ExceptionTest.TestErrorAlreadyExist.
TpTrace Verbose: 0 : 6024, 14, 2022/11/09, 22:21:43.875, 2792171155613, testhost.net48.exe, MulticastDelegateUtilities.SafeInvoke: TestCaseEventsHandler.RaiseTestCaseEnd: Invoking callback 1/1 for Microsoft.VisualStudio.TestPlatform.CrossPlatEngine.DataCollection.ProxyOutOfProcDataCollectionManager., took 0 ms.
TpTrace Warning: 0 : 6024, 14, 2022/11/09, 22:21:43.875, 2792171156087, testhost.net48.exe, TestRunCache: InProgressTests is null
TpTrace Warning: 0 : 6024, 14, 2022/11/09, 22:21:43.875, 2792171156482, testhost.net48.exe, TestRunCache: No test found corresponding to testResult 'TestErrorAlreadyExist' in inProgress list.
TpTrace Verbose: 0 : 6024, 14, 2022/11/09, 22:21:43.876, 2792171161909, testhost.net48.exe, TestExecutionRecorder.RecordStart: Starting test: DLL.ExceptionTest.TestErrorID.
TpTrace Verbose: 0 : 6024, 14, 2022/11/09, 22:21:43.877, 2792171176624, testhost.net48.exe, MulticastDelegateUtilities.SafeInvoke: TestCaseEventsHandler.RaiseTestCaseStart: Invoking callback 1/1 for Microsoft.VisualStudio.TestPlatform.CrossPlatEngine.DataCollection.ProxyOutOfProcDataCollectionManager., took 1 ms.
TpTrace Verbose: 0 : 6024, 14, 2022/11/09, 22:21:43.878, 2792171183090, testhost.net48.exe, TestExecutionRecorder.RecordEnd: test: DLL.ExceptionTest.TestErrorID execution completed.
TpTrace Verbose: 0 : 6024, 14, 2022/11/09, 22:21:43.879, 2792171197898, testhost.net48.exe, MulticastDelegateUtilities.SafeInvoke: TestCaseEventsHandler.RaiseTestCaseEnd: Invoking callback 1/1 for Microsoft.VisualStudio.TestPlatform.CrossPlatEngine.DataCollection.ProxyOutOfProcDataCollectionManager., took 1 ms.
TpTrace Verbose: 0 : 6024, 14, 2022/11/09, 22:21:43.880, 2792171198660, testhost.net48.exe, TestExecutionRecorder.RecordResult: Received result for test: DLL.ExceptionTest.TestErrorID.
TpTrace Verbose: 0 : 6024, 14, 2022/11/09, 22:21:43.880, 2792171199178, testhost.net48.exe, MulticastDelegateUtilities.SafeInvoke: TestCaseEventsHandler.RaiseTestCaseEnd: Invoking callback 1/1 for Microsoft.VisualStudio.TestPlatform.CrossPlatEngine.DataCollection.ProxyOutOfProcDataCollectionManager., took 0 ms.
TpTrace Warning: 0 : 6024, 14, 2022/11/09, 22:21:43.880, 2792171199639, testhost.net48.exe, TestRunCache: InProgressTests is null
TpTrace Warning: 0 : 6024, 14, 2022/11/09, 22:21:43.880, 2792171200083, testhost.net48.exe, TestRunCache: No test found corresponding to testResult 'TestErrorID' in inProgress list.
TpTrace Verbose: 0 : 6024, 14, 2022/11/09, 22:21:43.880, 2792171206945, testhost.net48.exe, TestExecutionRecorder.RecordStart: Starting test: DLL.ExceptionTest.TestErrorNullFile.
TpTrace Information: 0 : 6024, 14, 2022/11/09, 22:21:43.880, 2792171208219, testhost.net48.exe, Sending test run statistics
TpTrace Verbose: 0 : 6024, 14, 2022/11/09, 22:21:43.882, 2792171222533, testhost.net48.exe, TestRequestHandler.SendData: sending data from testhost: {"Version":7,"MessageType":"TestExecution.StatsChange","Payload":{"NewTestResults":[{"TestCase":{"Id":"f7fa3f3a-a209-4c84-2e5c-4823b9280038","FullyQualifiedName":"DLL.EstateTest.Test_ChangeCost","DisplayName":"Test_ChangeCost","ExecutorUri":"executor://NUnit3TestExecutor","Source":"H:\\PROJECTS\\OOP_Term\\SolutionTest\\bin\\Debug\\net48\\fine-code-coverage\\build-output\\DLL.dll","CodeFilePath":null,"LineNumber":0,"Properties":[]},"Attachments":[],"Outcome":1,"ErrorMessage":null,"ErrorStackTrace":null,"DisplayName":"Test_ChangeCost","Messages":[],"ComputerName":"DESKTOP-9COOC3C","Duration":"00:00:00.0020000","StartTime":"2022-11-09T21:21:43+00:00","EndTime":"2022-11-09T21:21:43+00:00","Properties":[]},{"TestCase":{"Id":"6cb32652-5755-66e3-d5d2-bb438886b851","FullyQualifiedName":"DLL.EstateTest.Test_ChangeId","DisplayName":"Test_ChangeId","ExecutorUri":"executor://NUnit3TestExecutor","Source":"H:\\PROJECTS\\OOP_Term\\SolutionTest\\bin\\Debug\\net48\\fine-code-coverage\\build-output\\DLL.dll","CodeFilePath":null,"LineNumber":0,"Properties":[]},"Attachments":[],"Outcome":1,"ErrorMessage":null,"ErrorStackTrace":null,"DisplayName":"Test_ChangeId","Messages":[],"ComputerName":"DESKTOP-9COOC3C","Duration":"00:00:00.0000001","StartTime":"2022-11-09T21:21:43+00:00","EndTime":"2022-11-09T21:21:43+00:00","Properties":[]},{"TestCase":{"Id":"a21660a8-d151-0855-1d18-2569236ff916","FullyQualifiedName":"DLL.EstateTest.Test_ChangeSq","DisplayName":"Test_ChangeSq","ExecutorUri":"executor://NUnit3TestExecutor","Source":"H:\\PROJECTS\\OOP_Term\\SolutionTest\\bin\\Debug\\net48\\fine-code-coverage\\build-output\\DLL.dll","CodeFilePath":null,"LineNumber":0,"Properties":[]},"Attachments":[],"Outcome":1,"ErrorMessage":null,"ErrorStackTrace":null,"DisplayName":"Test_ChangeSq","Messages":[],"ComputerName":"DESKTOP-9COOC3C","Duration":"00:00:00.0000001","StartTime":"2022-11-09T21:21:43+00:00","EndTime":"2022-11-09T21:21:43+00:00","Properties":[]},{"TestCase":{"Id":"43d5b52c-4aea-1ba6-9690-883586e1f87c","FullyQualifiedName":"DLL.EstateTest.Test_ChangeType","DisplayName":"Test_ChangeType","ExecutorUri":"executor://NUnit3TestExecutor","Source":"H:\\PROJECTS\\OOP_Term\\SolutionTest\\bin\\Debug\\net48\\fine-code-coverage\\build-output\\DLL.dll","CodeFilePath":null,"LineNumber":0,"Properties":[]},"Attachments":[],"Outcome":1,"ErrorMessage":null,"ErrorStackTrace":null,"DisplayName":"Test_ChangeType","Messages":[],"ComputerName":"DESKTOP-9COOC3C","Duration":"00:00:00.0000001","StartTime":"2022-11-09T21:21:43+00:00","EndTime":"2022-11-09T21:21:43+00:00","Properties":[]},{"TestCase":{"Id":"2ec10d9b-d62f-395c-f4b7-66f0e0e9c3e6","FullyQualifiedName":"DLL.EstateTest.Test_Construct","DisplayName":"Test_Construct","ExecutorUri":"executor://NUnit3TestExecutor","Source":"H:\\PROJECTS\\OOP_Term\\SolutionTest\\bin\\Debug\\net48\\fine-code-coverage\\build-output\\DLL.dll","CodeFilePath":null,"LineNumber":0,"Properties":[]},"Attachments":[],"Outcome":1,"ErrorMessage":null,"ErrorStackTrace":null,"DisplayName":"Test_Construct","Messages":[],"ComputerName":"DESKTOP-9COOC3C","Duration":"00:00:00.0000001","StartTime":"2022-11-09T21:21:43+00:00","EndTime":"2022-11-09T21:21:43+00:00","Properties":[]},{"TestCase":{"Id":"d38bb28a-0d26-4872-5ecd-3916ffa4f648","FullyQualifiedName":"DLL.EstateTest.Test_Getdata","DisplayName":"Test_Getdata","ExecutorUri":"executor://NUnit3TestExecutor","Source":"H:\\PROJECTS\\OOP_Term\\SolutionTest\\bin\\Debug\\net48\\fine-code-coverage\\build-output\\DLL.dll","CodeFilePath":null,"LineNumber":0,"Properties":[]},"Attachments":[],"Outcome":1,"ErrorMessage":null,"ErrorStackTrace":null,"DisplayName":"Test_Getdata","Messages":[],"ComputerName":"DESKTOP-9COOC3C","Duration":"00:00:00.0010000","StartTime":"2022-11-09T21:21:43+00:00","EndTime":"2022-11-09T21:21:43+00:00","Properties":[]},{"TestCase":{"Id":"a2c00111-d5c1-ca41-967d-dedaa5a8625e","FullyQualifiedName":"DLL.ExceptionTest.Test_ExceptionMaking","DisplayName":"Test_ExceptionMaking","ExecutorUri":"executor://NUnit3TestExecutor","Source":"H:\\PROJECTS\\OOP_Term\\SolutionTest\\bin\\Debug\\net48\\fine-code-coverage\\build-output\\DLL.dll","CodeFilePath":null,"LineNumber":0,"Properties":[]},"Attachments":[],"Outcome":1,"ErrorMessage":null,"ErrorStackTrace":null,"DisplayName":"Test_ExceptionMaking","Messages":[],"ComputerName":"DESKTOP-9COOC3C","Duration":"00:00:00.1180000","StartTime":"2022-11-09T21:21:43+00:00","EndTime":"2022-11-09T21:21:43+00:00","Properties":[]},{"TestCase":{"Id":"f5635f22-ad8e-ad33-3318-0ad7f57b201d","FullyQualifiedName":"DLL.ExceptionTest.TestErrorAlreadyExist","DisplayName":"TestErrorAlreadyExist","ExecutorUri":"executor://NUnit3TestExecutor","Source":"H:\\PROJECTS\\OOP_Term\\SolutionTest\\bin\\Debug\\net48\\fine-code-coverage\\build-output\\DLL.dll","CodeFilePath":null,"LineNumber":0,"Properties":[]},"Attachments":[],"Outcome":1,"ErrorMessage":null,"ErrorStackTrace":null,"DisplayName":"TestErrorAlreadyExist","Messages":[],"ComputerName":"DESKTOP-9COOC3C","Duration":"00:00:00.0000001","StartTime":"2022-11-09T21:21:43+00:00","EndTime":"2022-11-09T21:21:43+00:00","Properties":[]},{"TestCase":{"Id":"12212547-cb11-72b5-f097-713e3ab07fd6","FullyQualifiedName":"DLL.ExceptionTest.TestErrorID","DisplayName":"TestErrorID","ExecutorUri":"executor://NUnit3TestExecutor","Source":"H:\\PROJECTS\\OOP_Term\\SolutionTest\\bin\\Debug\\net48\\fine-code-coverage\\build-output\\DLL.dll","CodeFilePath":null,"LineNumber":0,"Properties":[]},"Attachments":[],"Outcome":1,"ErrorMessage":null,"ErrorStackTrace":null,"DisplayName":"TestErrorID","Messages":[],"ComputerName":"DESKTOP-9COOC3C","Duration":"00:00:00.0000001","StartTime":"2022-11-09T21:21:43+00:00","EndTime":"2022-11-09T21:21:43+00:00","Properties":[]}],"TestRunStatistics":{"ExecutedTests":18,"Stats":{"Passed":18}},"ActiveTests":[{"Id":"f572b79e-6a8e-c446-765e-f9c36508f763","FullyQualifiedName":"DLL.ExceptionTest.TestErrorNullFile","DisplayName":"TestErrorNullFile","ExecutorUri":"executor://NUnit3TestExecutor","Source":"H:\\PROJECTS\\OOP_Term\\SolutionTest\\bin\\Debug\\net48\\fine-code-coverage\\build-output\\DLL.dll","CodeFilePath":null,"LineNumber":0,"Properties":[]}]}}
TpTrace Verbose: 0 : 6024, 14, 2022/11/09, 22:21:43.882, 2792171225251, testhost.net48.exe, TestRunCache: OnNewTestResult: Notified the onCacheHit callback.
TpTrace Verbose: 0 : 6024, 14, 2022/11/09, 22:21:43.884, 2792171242147, testhost.net48.exe, MulticastDelegateUtilities.SafeInvoke: TestCaseEventsHandler.RaiseTestCaseStart: Invoking callback 1/1 for Microsoft.VisualStudio.TestPlatform.CrossPlatEngine.DataCollection.ProxyOutOfProcDataCollectionManager., took 1 ms.
TpTrace Verbose: 0 : 6024, 14, 2022/11/09, 22:21:43.885, 2792171251726, testhost.net48.exe, TestExecutionRecorder.RecordEnd: test: DLL.ExceptionTest.TestErrorNullFile execution completed.
TpTrace Warning: 0 : 6024, 14, 2022/11/09, 22:21:43.885, 2792171252494, testhost.net48.exe, TestRunCache: InProgressTests is null
TpTrace Verbose: 0 : 6024, 14, 2022/11/09, 22:21:43.886, 2792171268129, testhost.net48.exe, MulticastDelegateUtilities.SafeInvoke: TestCaseEventsHandler.RaiseTestCaseEnd: Invoking callback 1/1 for Microsoft.VisualStudio.TestPlatform.CrossPlatEngine.DataCollection.ProxyOutOfProcDataCollectionManager., took 1 ms.
TpTrace Verbose: 0 : 6024, 14, 2022/11/09, 22:21:43.887, 2792171268991, testhost.net48.exe, TestExecutionRecorder.RecordResult: Received result for test: DLL.ExceptionTest.TestErrorNullFile.
TpTrace Verbose: 0 : 6024, 14, 2022/11/09, 22:21:43.887, 2792171269742, testhost.net48.exe, MulticastDelegateUtilities.SafeInvoke: TestCaseEventsHandler.RaiseTestCaseEnd: Invoking callback 1/1 for Microsoft.VisualStudio.TestPlatform.CrossPlatEngine.DataCollection.ProxyOutOfProcDataCollectionManager., took 0 ms.
TpTrace Warning: 0 : 6024, 14, 2022/11/09, 22:21:43.887, 2792171270432, testhost.net48.exe, TestRunCache: InProgressTests is null
TpTrace Warning: 0 : 6024, 14, 2022/11/09, 22:21:43.887, 2792171271012, testhost.net48.exe, TestRunCache: No test found corresponding to testResult 'TestErrorNullFile' in inProgress list.
TpTrace Verbose: 0 : 6024, 14, 2022/11/09, 22:21:43.887, 2792171278209, testhost.net48.exe, TestExecutionRecorder.RecordStart: Starting test: DLL.ExceptionTest.TestErrorWrongSer.
TpTrace Verbose: 0 : 6024, 14, 2022/11/09, 22:21:43.889, 2792171291747, testhost.net48.exe, MulticastDelegateUtilities.SafeInvoke: TestCaseEventsHandler.RaiseTestCaseStart: Invoking callback 1/1 for Microsoft.VisualStudio.TestPlatform.CrossPlatEngine.DataCollection.ProxyOutOfProcDataCollectionManager., took 1 ms.
TpTrace Verbose: 0 : 6024, 14, 2022/11/09, 22:21:43.890, 2792171300029, testhost.net48.exe, TestExecutionRecorder.RecordEnd: test: DLL.ExceptionTest.TestErrorWrongSer execution completed.
TpTrace Verbose: 0 : 6024, 14, 2022/11/09, 22:21:43.891, 2792171313093, testhost.net48.exe, MulticastDelegateUtilities.SafeInvoke: TestCaseEventsHandler.RaiseTestCaseEnd: Invoking callback 1/1 for Microsoft.VisualStudio.TestPlatform.CrossPlatEngine.DataCollection.ProxyOutOfProcDataCollectionManager., took 1 ms.
TpTrace Verbose: 0 : 6024, 14, 2022/11/09, 22:21:43.891, 2792171313895, testhost.net48.exe, TestExecutionRecorder.RecordResult: Received result for test: DLL.ExceptionTest.TestErrorWrongSer.
TpTrace Verbose: 0 : 6024, 14, 2022/11/09, 22:21:43.891, 2792171314601, testhost.net48.exe, MulticastDelegateUtilities.SafeInvoke: TestCaseEventsHandler.RaiseTestCaseEnd: Invoking callback 1/1 for Microsoft.VisualStudio.TestPlatform.CrossPlatEngine.DataCollection.ProxyOutOfProcDataCollectionManager., took 0 ms.
TpTrace Warning: 0 : 6024, 14, 2022/11/09, 22:21:43.891, 2792171315202, testhost.net48.exe, TestRunCache: InProgressTests is null
TpTrace Warning: 0 : 6024, 14, 2022/11/09, 22:21:43.891, 2792171315730, testhost.net48.exe, TestRunCache: No test found corresponding to testResult 'TestErrorWrongSer' in inProgress list.
TpTrace Verbose: 0 : 6024, 14, 2022/11/09, 22:21:43.892, 2792171322642, testhost.net48.exe, TestExecutionRecorder.RecordStart: Starting test: DLL.ExceptionTest.TestInputError.
TpTrace Verbose: 0 : 6024, 14, 2022/11/09, 22:21:43.893, 2792171336470, testhost.net48.exe, MulticastDelegateUtilities.SafeInvoke: TestCaseEventsHandler.RaiseTestCaseStart: Invoking callback 1/1 for Microsoft.VisualStudio.TestPlatform.CrossPlatEngine.DataCollection.ProxyOutOfProcDataCollectionManager., took 1 ms.
TpTrace Verbose: 0 : 6024, 14, 2022/11/09, 22:21:43.894, 2792171344830, testhost.net48.exe, TestExecutionRecorder.RecordEnd: test: DLL.ExceptionTest.TestInputError execution completed.
TpTrace Verbose: 0 : 6024, 14, 2022/11/09, 22:21:43.895, 2792171358120, testhost.net48.exe, MulticastDelegateUtilities.SafeInvoke: TestCaseEventsHandler.RaiseTestCaseEnd: Invoking callback 1/1 for Microsoft.VisualStudio.TestPlatform.CrossPlatEngine.DataCollection.ProxyOutOfProcDataCollectionManager., took 1 ms.
TpTrace Verbose: 0 : 6024, 14, 2022/11/09, 22:21:43.896, 2792171359008, testhost.net48.exe, TestExecutionRecorder.RecordResult: Received result for test: DLL.ExceptionTest.TestInputError.
TpTrace Verbose: 0 : 6024, 14, 2022/11/09, 22:21:43.896, 2792171359683, testhost.net48.exe, MulticastDelegateUtilities.SafeInvoke: TestCaseEventsHandler.RaiseTestCaseEnd: Invoking callback 1/1 for Microsoft.VisualStudio.TestPlatform.CrossPlatEngine.DataCollection.ProxyOutOfProcDataCollectionManager., took 0 ms.
TpTrace Warning: 0 : 6024, 14, 2022/11/09, 22:21:43.896, 2792171360237, testhost.net48.exe, TestRunCache: InProgressTests is null
TpTrace Warning: 0 : 6024, 14, 2022/11/09, 22:21:43.896, 2792171360799, testhost.net48.exe, TestRunCache: No test found corresponding to testResult 'TestInputError' in inProgress list.
TpTrace Verbose: 0 : 6024, 14, 2022/11/09, 22:21:43.898, 2792171379918, testhost.net48.exe, TestExecutionRecorder.RecordStart: Starting test: DLL.InputsTest.Test_InputBankID.
TpTrace Verbose: 0 : 6024, 14, 2022/11/09, 22:21:43.899, 2792171394589, testhost.net48.exe, MulticastDelegateUtilities.SafeInvoke: TestCaseEventsHandler.RaiseTestCaseStart: Invoking callback 1/1 for Microsoft.VisualStudio.TestPlatform.CrossPlatEngine.DataCollection.ProxyOutOfProcDataCollectionManager., took 1 ms.
TpTrace Verbose: 0 : 6024, 14, 2022/11/09, 22:21:43.904, 2792171445892, testhost.net48.exe, TestExecutionRecorder.RecordEnd: test: DLL.InputsTest.Test_InputBankID execution completed.
TpTrace Verbose: 0 : 6024, 14, 2022/11/09, 22:21:43.906, 2792171460969, testhost.net48.exe, MulticastDelegateUtilities.SafeInvoke: TestCaseEventsHandler.RaiseTestCaseEnd: Invoking callback 1/1 for Microsoft.VisualStudio.TestPlatform.CrossPlatEngine.DataCollection.ProxyOutOfProcDataCollectionManager., took 1 ms.
TpTrace Verbose: 0 : 6024, 14, 2022/11/09, 22:21:43.906, 2792171462020, testhost.net48.exe, TestExecutionRecorder.RecordResult: Received result for test: DLL.InputsTest.Test_InputBankID.
TpTrace Verbose: 0 : 6024, 14, 2022/11/09, 22:21:43.906, 2792171462763, testhost.net48.exe, MulticastDelegateUtilities.SafeInvoke: TestCaseEventsHandler.RaiseTestCaseEnd: Invoking callback 1/1 for Microsoft.VisualStudio.TestPlatform.CrossPlatEngine.DataCollection.ProxyOutOfProcDataCollectionManager., took 0 ms.
TpTrace Warning: 0 : 6024, 14, 2022/11/09, 22:21:43.906, 2792171463375, testhost.net48.exe, TestRunCache: InProgressTests is null
TpTrace Warning: 0 : 6024, 14, 2022/11/09, 22:21:43.906, 2792171463901, testhost.net48.exe, TestRunCache: No test found corresponding to testResult 'Test_InputBankID' in inProgress list.
TpTrace Verbose: 0 : 6024, 14, 2022/11/09, 22:21:43.907, 2792171470476, testhost.net48.exe, TestExecutionRecorder.RecordStart: Starting test: DLL.InputsTest.Test_InputFirstName.
TpTrace Verbose: 0 : 6024, 14, 2022/11/09, 22:21:43.908, 2792171480551, testhost.net48.exe, MulticastDelegateUtilities.SafeInvoke: TestCaseEventsHandler.RaiseTestCaseStart: Invoking callback 1/1 for Microsoft.VisualStudio.TestPlatform.CrossPlatEngine.DataCollection.ProxyOutOfProcDataCollectionManager., took 0 ms.
TpTrace Verbose: 0 : 6024, 14, 2022/11/09, 22:21:43.909, 2792171498219, testhost.net48.exe, TestExecutionRecorder.RecordEnd: test: DLL.InputsTest.Test_InputFirstName execution completed.
TpTrace Verbose: 0 : 6024, 14, 2022/11/09, 22:21:43.911, 2792171515795, testhost.net48.exe, MulticastDelegateUtilities.SafeInvoke: TestCaseEventsHandler.RaiseTestCaseEnd: Invoking callback 1/1 for Microsoft.VisualStudio.TestPlatform.CrossPlatEngine.DataCollection.ProxyOutOfProcDataCollectionManager., took 1 ms.
TpTrace Verbose: 0 : 6024, 14, 2022/11/09, 22:21:43.911, 2792171516772, testhost.net48.exe, TestExecutionRecorder.RecordResult: Received result for test: DLL.InputsTest.Test_InputFirstName.
TpTrace Verbose: 0 : 6024, 14, 2022/11/09, 22:21:43.911, 2792171517634, testhost.net48.exe, MulticastDelegateUtilities.SafeInvoke: TestCaseEventsHandler.RaiseTestCaseEnd: Invoking callback 1/1 for Microsoft.VisualStudio.TestPlatform.CrossPlatEngine.DataCollection.ProxyOutOfProcDataCollectionManager., took 0 ms.
TpTrace Warning: 0 : 6024, 14, 2022/11/09, 22:21:43.911, 2792171518345, testhost.net48.exe, TestRunCache: InProgressTests is null
TpTrace Warning: 0 : 6024, 14, 2022/11/09, 22:21:43.912, 2792171518968, testhost.net48.exe, TestRunCache: No test found corresponding to testResult 'Test_InputFirstName' in inProgress list.
TpTrace Verbose: 0 : 6024, 14, 2022/11/09, 22:21:43.912, 2792171526764, testhost.net48.exe, TestExecutionRecorder.RecordStart: Starting test: DLL.InputsTest.Test_InputLastName.
TpTrace Verbose: 0 : 6024, 14, 2022/11/09, 22:21:43.914, 2792171541245, testhost.net48.exe, MulticastDelegateUtilities.SafeInvoke: TestCaseEventsHandler.RaiseTestCaseStart: Invoking callback 1/1 for Microsoft.VisualStudio.TestPlatform.CrossPlatEngine.DataCollection.ProxyOutOfProcDataCollectionManager., took 1 ms.
TpTrace Verbose: 0 : 6024, 14, 2022/11/09, 22:21:43.915, 2792171550523, testhost.net48.exe, TestExecutionRecorder.RecordEnd: test: DLL.InputsTest.Test_InputLastName execution completed.
TpTrace Verbose: 0 : 6024, 14, 2022/11/09, 22:21:43.916, 2792171567493, testhost.net48.exe, MulticastDelegateUtilities.SafeInvoke: TestCaseEventsHandler.RaiseTestCaseEnd: Invoking callback 1/1 for Microsoft.VisualStudio.TestPlatform.CrossPlatEngine.DataCollection.ProxyOutOfProcDataCollectionManager., took 1 ms.
TpTrace Verbose: 0 : 6024, 14, 2022/11/09, 22:21:43.917, 2792171568495, testhost.net48.exe, TestExecutionRecorder.RecordResult: Received result for test: DLL.InputsTest.Test_InputLastName.
TpTrace Verbose: 0 : 6024, 14, 2022/11/09, 22:21:43.917, 2792171569745, testhost.net48.exe, MulticastDelegateUtilities.SafeInvoke: TestCaseEventsHandler.RaiseTestCaseEnd: Invoking callback 1/1 for Microsoft.VisualStudio.TestPlatform.CrossPlatEngine.DataCollection.ProxyOutOfProcDataCollectionManager., took 0 ms.
TpTrace Warning: 0 : 6024, 14, 2022/11/09, 22:21:43.917, 2792171570454, testhost.net48.exe, TestRunCache: InProgressTests is null
TpTrace Warning: 0 : 6024, 14, 2022/11/09, 22:21:43.917, 2792171571006, testhost.net48.exe, TestRunCache: No test found corresponding to testResult 'Test_InputLastName' in inProgress list.
TpTrace Verbose: 0 : 6024, 14, 2022/11/09, 22:21:43.919, 2792171591738, testhost.net48.exe, TestExecutionRecorder.RecordStart: Starting test: DLL.ProposalControlTest.Test_SelectBoundProp.
TpTrace Verbose: 0 : 6024, 14, 2022/11/09, 22:21:43.920, 2792171605847, testhost.net48.exe, MulticastDelegateUtilities.SafeInvoke: TestCaseEventsHandler.RaiseTestCaseStart: Invoking callback 1/1 for Microsoft.VisualStudio.TestPlatform.CrossPlatEngine.DataCollection.ProxyOutOfProcDataCollectionManager., took 1 ms.
TpTrace Verbose: 0 : 6024, 14, 2022/11/09, 22:21:43.921, 2792171614612, testhost.net48.exe, TestExecutionRecorder.RecordEnd: test: DLL.ProposalControlTest.Test_SelectBoundProp execution completed.
TpTrace Verbose: 0 : 6024, 14, 2022/11/09, 22:21:43.922, 2792171628257, testhost.net48.exe, MulticastDelegateUtilities.SafeInvoke: TestCaseEventsHandler.RaiseTestCaseEnd: Invoking callback 1/1 for Microsoft.VisualStudio.TestPlatform.CrossPlatEngine.DataCollection.ProxyOutOfProcDataCollectionManager., took 1 ms.
TpTrace Verbose: 0 : 6024, 14, 2022/11/09, 22:21:43.923, 2792171629278, testhost.net48.exe, TestExecutionRecorder.RecordResult: Received result for test: DLL.ProposalControlTest.Test_SelectBoundProp.
TpTrace Verbose: 0 : 6024, 14, 2022/11/09, 22:21:43.923, 2792171629968, testhost.net48.exe, MulticastDelegateUtilities.SafeInvoke: TestCaseEventsHandler.RaiseTestCaseEnd: Invoking callback 1/1 for Microsoft.VisualStudio.TestPlatform.CrossPlatEngine.DataCollection.ProxyOutOfProcDataCollectionManager., took 0 ms.
TpTrace Warning: 0 : 6024, 14, 2022/11/09, 22:21:43.923, 2792171630596, testhost.net48.exe, TestRunCache: InProgressTests is null
TpTrace Warning: 0 : 6024, 14, 2022/11/09, 22:21:43.923, 2792171631129, testhost.net48.exe, TestRunCache: No test found corresponding to testResult 'Test_SelectBoundProp' in inProgress list.
TpTrace Verbose: 0 : 6024, 14, 2022/11/09, 22:21:43.923, 2792171638315, testhost.net48.exe, TestExecutionRecorder.RecordStart: Starting test: DLL.ProposalControlTest.Test_SelectDefaultProp.
TpTrace Verbose: 0 : 6024, 14, 2022/11/09, 22:21:43.925, 2792171651922, testhost.net48.exe, MulticastDelegateUtilities.SafeInvoke: TestCaseEventsHandler.RaiseTestCaseStart: Invoking callback 1/1 for Microsoft.VisualStudio.TestPlatform.CrossPlatEngine.DataCollection.ProxyOutOfProcDataCollectionManager., took 1 ms.
TpTrace Verbose: 0 : 6024, 14, 2022/11/09, 22:21:43.926, 2792171668062, testhost.net48.exe, TestExecutionRecorder.RecordEnd: test: DLL.ProposalControlTest.Test_SelectDefaultProp execution completed.
TpTrace Verbose: 0 : 6024, 14, 2022/11/09, 22:21:43.928, 2792171682366, testhost.net48.exe, MulticastDelegateUtilities.SafeInvoke: TestCaseEventsHandler.RaiseTestCaseEnd: Invoking callback 1/1 for Microsoft.VisualStudio.TestPlatform.CrossPlatEngine.DataCollection.ProxyOutOfProcDataCollectionManager., took 1 ms.
TpTrace Verbose: 0 : 6024, 14, 2022/11/09, 22:21:43.928, 2792171683508, testhost.net48.exe, TestExecutionRecorder.RecordResult: Received result for test: DLL.ProposalControlTest.Test_SelectDefaultProp.
TpTrace Verbose: 0 : 6024, 14, 2022/11/09, 22:21:43.928, 2792171684373, testhost.net48.exe, MulticastDelegateUtilities.SafeInvoke: TestCaseEventsHandler.RaiseTestCaseEnd: Invoking callback 1/1 for Microsoft.VisualStudio.TestPlatform.CrossPlatEngine.DataCollection.ProxyOutOfProcDataCollectionManager., took 0 ms.
TpTrace Warning: 0 : 6024, 14, 2022/11/09, 22:21:43.928, 2792171684971, testhost.net48.exe, TestRunCache: InProgressTests is null
TpTrace Warning: 0 : 6024, 14, 2022/11/09, 22:21:43.928, 2792171685476, testhost.net48.exe, TestRunCache: No test found corresponding to testResult 'Test_SelectDefaultProp' in inProgress list.
TpTrace Information: 0 : 6024, 12, 2022/11/09, 22:21:43.967, 2792172074607, testhost.net48.exe, NUnit Adapter 3.16.1.0: Test execution complete
TpTrace Verbose: 0 : 6024, 12, 2022/11/09, 22:21:43.967, 2792172076331, testhost.net48.exe, TestRequestHandler.SendData: sending data from testhost: {"Version":7,"MessageType":"TestSession.Message","Payload":{"MessageLevel":0,"Message":"NUnit Adapter 3.16.1.0: Test execution complete"}}
TpTrace Verbose: 0 : 6024, 12, 2022/11/09, 22:21:43.967, 2792172077997, testhost.net48.exe, MulticastDelegateUtilities.SafeInvoke: TestRunMessageLoggerProxy.SendMessage: Invoking callback 1/1 for Microsoft.VisualStudio.TestPlatform.CrossPlatEngine.Execution.RunTestsWithSources., took 0 ms.
TpTrace Verbose: 0 : 6024, 3, 2022/11/09, 22:21:43.984, 2792172239252, testhost.net48.exe, BaseRunTests.RunTestInternalWithExecutors: Completed running tests for executor://NUnit3TestExecutor
TpTrace Verbose: 0 : 6024, 3, 2022/11/09, 22:21:43.987, 2792172269682, testhost.net48.exe, MulticastDelegateUtilities.SafeInvoke: TestCaseEventsHandler.RaiseSessionEnd: Invoking callback 1/1 for Microsoft.VisualStudio.TestPlatform.CrossPlatEngine.DataCollection.ProxyOutOfProcDataCollectionManager., took 1 ms.
TpTrace Information: 0 : 6024, 3, 2022/11/09, 22:21:43.998, 2792172383121, testhost.net48.exe, Sending test run complete
TpTrace Verbose: 0 : 6024, 3, 2022/11/09, 22:21:44.016, 2792172560889, testhost.net48.exe, TestRequestHandler.SendData: sending data from testhost: {"Version":7,"MessageType":"TestExecution.Completed","Payload":{"TestRunCompleteArgs":{"TestRunStatistics":{"ExecutedTests":26,"Stats":{"Passed":26}},"IsCanceled":false,"IsAborted":false,"Error":null,"AttachmentSets":[],"InvokedDataCollectors":[],"ElapsedTimeInRunningTests":"00:00:01.0316364","Metrics":{},"DiscoveredExtensions":{"TestDiscoverers":["NUnit.VisualStudio.TestAdapter.NUnit3TestDiscoverer, NUnit3.TestAdapter, Version=3.16.1.0, Culture=neutral, PublicKeyToken=4cb40d35494691ac"],"TestExecutors":["executor://NUnit3TestExecutor"],"TestExecutors2":[],"TestSettingsProviders":[]}},"LastRunTests":{"NewTestResults":[{"TestCase":{"Id":"f572b79e-6a8e-c446-765e-f9c36508f763","FullyQualifiedName":"DLL.ExceptionTest.TestErrorNullFile","DisplayName":"TestErrorNullFile","ExecutorUri":"executor://NUnit3TestExecutor","Source":"H:\\PROJECTS\\OOP_Term\\SolutionTest\\bin\\Debug\\net48\\fine-code-coverage\\build-output\\DLL.dll","CodeFilePath":null,"LineNumber":0,"Properties":[]},"Attachments":[],"Outcome":1,"ErrorMessage":null,"ErrorStackTrace":null,"DisplayName":"TestErrorNullFile","Messages":[],"ComputerName":"DESKTOP-9COOC3C","Duration":"00:00:00.0000001","StartTime":"2022-11-09T21:21:43+00:00","EndTime":"2022-11-09T21:21:43+00:00","Properties":[]},{"TestCase":{"Id":"eaf235d9-c605-3fe3-1410-4ea4305c4dc7","FullyQualifiedName":"DLL.ExceptionTest.TestErrorWrongSer","DisplayName":"TestErrorWrongSer","ExecutorUri":"executor://NUnit3TestExecutor","Source":"H:\\PROJECTS\\OOP_Term\\SolutionTest\\bin\\Debug\\net48\\fine-code-coverage\\build-output\\DLL.dll","CodeFilePath":null,"LineNumber":0,"Properties":[]},"Attachments":[],"Outcome":1,"ErrorMessage":null,"ErrorStackTrace":null,"DisplayName":"TestErrorWrongSer","Messages":[],"ComputerName":"DESKTOP-9COOC3C","Duration":"00:00:00.0000001","StartTime":"2022-11-09T21:21:43+00:00","EndTime":"2022-11-09T21:21:43+00:00","Properties":[]},{"TestCase":{"Id":"46abc891-0044-27c2-c8f5-36505538b674","FullyQualifiedName":"DLL.ExceptionTest.TestInputError","DisplayName":"TestInputError","ExecutorUri":"executor://NUnit3TestExecutor","Source":"H:\\PROJECTS\\OOP_Term\\SolutionTest\\bin\\Debug\\net48\\fine-code-coverage\\build-output\\DLL.dll","CodeFilePath":null,"LineNumber":0,"Properties":[]},"Attachments":[],"Outcome":1,"ErrorMessage":null,"ErrorStackTrace":null,"DisplayName":"TestInputError","Messages":[],"ComputerName":"DESKTOP-9COOC3C","Duration":"00:00:00.0000001","StartTime":"2022-11-09T21:21:43+00:00","EndTime":"2022-11-09T21:21:43+00:00","Properties":[]},{"TestCase":{"Id":"83a988c8-b968-6d8a-fa6d-daebc38972a6","FullyQualifiedName":"DLL.InputsTest.Test_InputBankID","DisplayName":"Test_InputBankID","ExecutorUri":"executor://NUnit3TestExecutor","Source":"H:\\PROJECTS\\OOP_Term\\SolutionTest\\bin\\Debug\\net48\\fine-code-coverage\\build-output\\DLL.dll","CodeFilePath":null,"LineNumber":0,"Properties":[]},"Attachments":[],"Outcome":1,"ErrorMessage":null,"ErrorStackTrace":null,"DisplayName":"Test_InputBankID","Messages":[{"Category":"StdOutMsgs","Text":"Enter the IBAN of the bank account (2 up letters & 8 digits):\r\n"}],"ComputerName":"DESKTOP-9COOC3C","Duration":"00:00:00.0150000","StartTime":"2022-11-09T21:21:43+00:00","EndTime":"2022-11-09T21:21:43+00:00","Properties":[]},{"TestCase":{"Id":"71be3843-6714-743e-84ff-31ca4a7bb8e0","FullyQualifiedName":"DLL.InputsTest.Test_InputFirstName","DisplayName":"Test_InputFirstName","ExecutorUri":"executor://NUnit3TestExecutor","Source":"H:\\PROJECTS\\OOP_Term\\SolutionTest\\bin\\Debug\\net48\\fine-code-coverage\\build-output\\DLL.dll","CodeFilePath":null,"LineNumber":0,"Properties":[]},"Attachments":[],"Outcome":1,"ErrorMessage":null,"ErrorStackTrace":null,"DisplayName":"Test_InputFirstName","Messages":[{"Category":"StdOutMsgs","Text":"Enter Name(example Adam):\r\n"}],"ComputerName":"DESKTOP-9COOC3C","Duration":"00:00:00.0000001","StartTime":"2022-11-09T21:21:43+00:00","EndTime":"2022-11-09T21:21:43+00:00","Properties":[]},{"TestCase":{"Id":"379f09d7-6297-4539-9995-12e58a1611e3","FullyQualifiedName":"DLL.InputsTest.Test_InputLastName","DisplayName":"Test_InputLastName","ExecutorUri":"executor://NUnit3TestExecutor","Source":"H:\\PROJECTS\\OOP_Term\\SolutionTest\\bin\\Debug\\net48\\fine-code-coverage\\build-output\\DLL.dll","CodeFilePath":null,"LineNumber":0,"Properties":[]},"Attachments":[],"Outcome":1,"ErrorMessage":null,"ErrorStackTrace":null,"DisplayName":"Test_InputLastName","Messages":[{"Category":"StdOutMsgs","Text":"Enter Surname(example Green):\r\n"}],"ComputerName":"DESKTOP-9COOC3C","Duration":"00:00:00.0000001","StartTime":"2022-11-09T21:21:43+00:00","EndTime":"2022-11-09T21:21:43+00:00","Properties":[]},{"TestCase":{"Id":"59ea2424-88ed-9b70-ed89-a27d45a8e427","FullyQualifiedName":"DLL.ProposalControlTest.Test_SelectBoundProp","DisplayName":"Test_SelectBoundProp","ExecutorUri":"executor://NUnit3TestExecutor","Source":"H:\\PROJECTS\\OOP_Term\\SolutionTest\\bin\\Debug\\net48\\fine-code-coverage\\build-output\\DLL.dll","CodeFilePath":null,"LineNumber":0,"Properties":[]},"Attachments":[],"Outcome":1,"ErrorMessage":null,"ErrorStackTrace":null,"DisplayName":"Test_SelectBoundProp","Messages":[],"ComputerName":"DESKTOP-9COOC3C","Duration":"00:00:00.0090000","StartTime":"2022-11-09T21:21:43+00:00","EndTime":"2022-11-09T21:21:43+00:00","Properties":[]},{"TestCase":{"Id":"dc9a7d5d-2bb5-47c2-6d7b-855ba10e31d5","FullyQualifiedName":"DLL.ProposalControlTest.Test_SelectDefaultProp","DisplayName":"Test_SelectDefaultProp","ExecutorUri":"executor://NUnit3TestExecutor","Source":"H:\\PROJECTS\\OOP_Term\\SolutionTest\\bin\\Debug\\net48\\fine-code-coverage\\build-output\\DLL.dll","CodeFilePath":null,"LineNumber":0,"Properties":[]},"Attachments":[],"Outcome":1,"ErrorMessage":null,"ErrorStackTrace":null,"DisplayName":"Test_SelectDefaultProp","Messages":[],"ComputerName":"DESKTOP-9COOC3C","Duration":"00:00:00.0010000","StartTime":"2022-11-09T21:21:43+00:00","EndTime":"2022-11-09T21:21:43+00:00","Properties":[]}],"TestRunStatistics":{"ExecutedTests":26,"Stats":{"Passed":26}},"ActiveTests":[]},"RunAttachments":[],"ExecutorUris":["executor://nunit3testexecutor/"]}}
TpTrace Verbose: 0 : 6024, 3, 2022/11/09, 22:21:44.016, 2792172566694, testhost.net48.exe, BaseRunTests.RunTests: Run is complete.
TpTrace Verbose: 0 : 6024, 7, 2022/11/09, 22:21:44.017, 2792172570774, testhost.net48.exe, TcpClientExtensions.MessageLoopAsync: NotifyDataAvailable remoteEndPoint: 127.0.0.1:58456 localEndPoint: 127.0.0.1:58457
TpTrace Information: 0 : 6024, 7, 2022/11/09, 22:21:44.017, 2792172571752, testhost.net48.exe, TestRequestHandler.OnMessageReceived: received message: (TestSession.Terminate) -> {"MessageType":"TestSession.Terminate","Payload":null}
TpTrace Information: 0 : 6024, 7, 2022/11/09, 22:21:44.017, 2792172572322, testhost.net48.exe, Session End message received from server. Closing the connection.
TpTrace Information: 0 : 6024, 7, 2022/11/09, 22:21:44.018, 2792172578596, testhost.net48.exe, SocketClient.Stop: Stop communication from server endpoint: 127.0.0.1:058456
TpTrace Information: 0 : 6024, 7, 2022/11/09, 22:21:44.018, 2792172579387, testhost.net48.exe, SocketClient: Stop: Cancellation requested. Stopping message loop.
TpTrace Information: 0 : 6024, 1, 2022/11/09, 22:21:44.018, 2792172580805, testhost.net48.exe, Closing the connection!
TpTrace Information: 0 : 6024, 1, 2022/11/09, 22:21:44.018, 2792172581536, testhost.net48.exe, SocketClient.Stop: Stop communication from server endpoint: 127.0.0.1:058456
TpTrace Verbose: 0 : 6024, 7, 2022/11/09, 22:21:44.018, 2792172582015, testhost.net48.exe, LengthPrefixCommunicationChannel.Dispose: Dispose reader and writer.
TpTrace Information: 0 : 6024, 7, 2022/11/09, 22:21:44.018, 2792172582538, testhost.net48.exe, Closing the connection !
TpTrace Information: 0 : 6024, 1, 2022/11/09, 22:21:44.018, 2792172582084, testhost.net48.exe, SocketClient: Stop: Cancellation requested. Stopping message loop.
TpTrace Verbose: 0 : 6024, 1, 2022/11/09, 22:21:44.018, 2792172583629, testhost.net48.exe, LengthPrefixCommunicationChannel.Dispose: Dispose reader and writer.
TpTrace Verbose: 0 : 6024, 7, 2022/11/09, 22:21:44.018, 2792172583087, testhost.net48.exe, MulticastDelegateUtilities.SafeInvoke: LengthPrefixCommunicationChannel: MessageReceived: Invoking callback 1/1 for Microsoft.VisualStudio.TestPlatform.CommunicationUtilities.TestRequestHandler., took 1 ms.
TpTrace Information: 0 : 6024, 1, 2022/11/09, 22:21:44.018, 2792172584959, testhost.net48.exe, Testhost process exiting.
